  Using 'git status' to determine working set for adaptive non-unity build (C:\Users\ggbat\Desktop\2022-2023-project-4-game-design-Team-8).
  Creating makefile for MyProjectEditor (game project files are newer)
  Parsing headers for MyProjectEditor
    Running UnrealHeaderTool "C:\Users\ggbat\Desktop\2022-2023-project-4-game-design-Team-8\MyProject\MyProject.uproject" "C:\Users\ggbat\Desktop\2022-2023-project-4-game-design-Team-8\MyProject\Intermediate\Build\Win64\MyProjectEditor\Development\MyProjectEditor.uhtmanifest" -LogCmds="loginit warning, logexit warning, logdatabase error" -Unattended -WarningsAsErrors -abslog="C:\Users\ggbat\AppData\Local\UnrealBuildTool\Log_UHT.txt" -installed
  LogInit: Display: Loading text-based GConfig....
  Reflection code generated for MyProjectEditor in 31,2391565 seconds
  Deleted hot-reload file: C:\Users\ggbat\Documents\Unreal Projects\MyProject\Binaries\Win64\UE4Editor-MyProject-0001.dll
  Deleted hot-reload file: C:\Users\ggbat\Documents\Unreal Projects\MyProject\Binaries\Win64\UE4Editor-MyProject-0001.pdb
  Deleted hot-reload file: C:\Users\ggbat\Documents\Unreal Projects\MyProject\Binaries\Win64\UE4Editor-MyProject-0002.dll
  Deleted hot-reload file: C:\Users\ggbat\Documents\Unreal Projects\MyProject\Binaries\Win64\UE4Editor-MyProject-0002.pdb
  Deleted hot-reload file: C:\Users\ggbat\Documents\Unreal Projects\MyProject\Binaries\Win64\UE4Editor-MyProject-0227.dll
  Deleted hot-reload file: C:\Users\ggbat\Documents\Unreal Projects\MyProject\Binaries\Win64\UE4Editor-MyProject-0227.pdb
  Deleted hot-reload file: C:\Users\ggbat\Documents\Unreal Projects\MyProject\Binaries\Win64\UE4Editor-MyProject-0330.dll
  Deleted hot-reload file: C:\Users\ggbat\Documents\Unreal Projects\MyProject\Binaries\Win64\UE4Editor-MyProject-0330.pdb
  Deleted hot-reload file: C:\Users\ggbat\Documents\Unreal Projects\MyProject\Binaries\Win64\UE4Editor-MyProject-0626.dll
  Deleted hot-reload file: C:\Users\ggbat\Documents\Unreal Projects\MyProject\Binaries\Win64\UE4Editor-MyProject-0626.pdb
  Deleted hot-reload file: C:\Users\ggbat\Documents\Unreal Projects\MyProject\Binaries\Win64\UE4Editor-MyProject-2723.dll
  Deleted hot-reload file: C:\Users\ggbat\Documents\Unreal Projects\MyProject\Binaries\Win64\UE4Editor-MyProject-2723.pdb
  Deleted hot-reload file: C:\Users\ggbat\Documents\Unreal Projects\MyProject\Binaries\Win64\UE4Editor-MyProject-4740.dll
  Deleted hot-reload file: C:\Users\ggbat\Documents\Unreal Projects\MyProject\Binaries\Win64\UE4Editor-MyProject-4740.pdb
  Deleted hot-reload file: C:\Users\ggbat\Documents\Unreal Projects\MyProject\Binaries\Win64\UE4Editor-MyProject-9520.dll
  Deleted hot-reload file: C:\Users\ggbat\Documents\Unreal Projects\MyProject\Binaries\Win64\UE4Editor-MyProject-9520.pdb
  Deleted hot-reload file: C:\Users\ggbat\Documents\Unreal Projects\MyProject\Intermediate\Build\Win64\UE4Editor\Development\MyProject\UE4Editor-MyProject-0001.lib
  Deleted hot-reload file: C:\Users\ggbat\Documents\Unreal Projects\MyProject\Intermediate\Build\Win64\UE4Editor\Development\MyProject\UE4Editor-MyProject-0002.lib
  Deleted hot-reload file: C:\Users\ggbat\Documents\Unreal Projects\MyProject\Intermediate\Build\Win64\UE4Editor\Development\MyProject\UE4Editor-MyProject-0227.lib
  Deleted hot-reload file: C:\Users\ggbat\Documents\Unreal Projects\MyProject\Intermediate\Build\Win64\UE4Editor\Development\MyProject\UE4Editor-MyProject-0330.lib
  Deleted hot-reload file: C:\Users\ggbat\Documents\Unreal Projects\MyProject\Intermediate\Build\Win64\UE4Editor\Development\MyProject\UE4Editor-MyProject-0626.lib
  Deleted hot-reload file: C:\Users\ggbat\Documents\Unreal Projects\MyProject\Intermediate\Build\Win64\UE4Editor\Development\MyProject\UE4Editor-MyProject-2723.lib
  Deleted hot-reload file: C:\Users\ggbat\Documents\Unreal Projects\MyProject\Intermediate\Build\Win64\UE4Editor\Development\MyProject\UE4Editor-MyProject-4740.lib
  Deleted hot-reload file: C:\Users\ggbat\Documents\Unreal Projects\MyProject\Intermediate\Build\Win64\UE4Editor\Development\MyProject\UE4Editor-MyProject-9520.lib
  Building MyProjectEditor...
  Using Visual Studio 2019 14.29.30147 toolchain (C:\Program Files (x86)\Microsoft Visual Studio\2019\Community\VC\Tools\MSVC\14.29.30133) and Windows 10.0.18362.0 SDK (C:\Program Files (x86)\Windows Kits\10).
  Building 17 actions with 4 processes...
    [1/17] Default.rc2
    [2/17] SharedPCH.Engine.ShadowErrors.cpp
    [3/17] MyProject.init.gen.cpp
    [4/17] RangedWeapon.gen.cpp
    [5/17] MyProjectCharacter.gen.cpp
    [6/17] MyProjectGameMode.gen.cpp
    [7/17] MyProject.cpp
    [8/17] MyProjectPlayerController.cpp
    [9/17] MyProjectGameMode.cpp
    [10/17] MyProjectCharacter.cpp
    [11/17] RangedWeapon.cpp
    [12/17] ActorToSpawn.gen.cpp
    [13/17] MyProjectPlayerController.gen.cpp
    [14/17] ActorToSpawn.cpp
    [15/17] UE4Editor-MyProject.lib
       Création de la bibliothèque C:\Users\ggbat\Desktop\2022-2023-project-4-game-design-Team-8\MyProject\Intermediate\Build\Win64\UE4Editor\Development\MyProject\UE4Editor-MyProject.lib et de l'objet C:\Users\ggbat\Desktop\2022-2023-project-4-game-design-Team-8\MyProject\Intermediate\Build\Win64\UE4Editor\Development\MyProject\UE4Editor-MyProject.exp
    [16/17] UE4Editor-MyProject.dll
       Création de la bibliothèque C:\Users\ggbat\Desktop\2022-2023-project-4-game-design-Team-8\MyProject\Intermediate\Build\Win64\UE4Editor\Development\MyProject\UE4Editor-MyProject.suppressed.lib et de l'objet C:\Users\ggbat\Desktop\2022-2023-project-4-game-design-Team-8\MyProject\Intermediate\Build\Win64\UE4Editor\Development\MyProject\UE4Editor-MyProject.suppressed.exp
    [17/17] MyProjectEditor.target
  Total time in Parallel executor: 63,32 seconds
  Total execution time: 99,37 seconds
