Log file open, 03/06/23 00:15:16
LogWindows: Failed to load 'aqProf.dll' (GetLastError=126)
LogWindows: File 'aqProf.dll' does not exist
LogWindows: Failed to load 'VtuneApi.dll' (GetLastError=126)
LogWindows: File 'VtuneApi.dll' does not exist
LogWindows: Failed to load 'VtuneApi32e.dll' (GetLastError=126)
LogWindows: File 'VtuneApi32e.dll' does not exist
LogConsoleResponse: Display: Failed to find resolution value strings in scalability ini. Falling back to default.
LogConsoleResponse: Display: Failed to find resolution value strings in scalability ini. Falling back to default.
LogInit: Display: Running engine for game: MyProject
LogPlatformFile: Not using cached read wrapper
LogTaskGraph: Started task graph with 5 named threads and 14 total threads with 3 sets of task threads.
LogStats: Stats thread started at 1.093331
LogICUInternationalization: ICU TimeZone Detection - Raw Offset: +1:00, Platform Override: ''
LogInit: Display: Loading text-based GConfig....
LogPluginManager: Mounting plugin MeshPainting
LogPluginManager: Mounting plugin XGEController
LogPluginManager: Mounting plugin AISupport
LogPluginManager: Mounting plugin Paper2D
LogPluginManager: Mounting plugin LiveLink
LogPluginManager: Mounting plugin LightPropagationVolume
LogPluginManager: Mounting plugin CameraShakePreviewer
LogPluginManager: Mounting plugin GameplayCameras
LogPluginManager: Mounting plugin EnvironmentQueryEditor
LogPluginManager: Mounting plugin OodleData
LogPluginManager: Mounting plugin OodleNetwork
LogPluginManager: Mounting plugin AnimationSharing
LogPluginManager: Mounting plugin CLionSourceCodeAccess
LogPluginManager: Mounting plugin CodeLiteSourceCodeAccess
LogPluginManager: Mounting plugin GitSourceControl
LogPluginManager: Mounting plugin KDevelopSourceCodeAccess
LogPluginManager: Mounting plugin NullSourceCodeAccess
LogPluginManager: Mounting plugin PerforceSourceControl
LogPluginManager: Mounting plugin PixWinPlugin
LogPluginManager: Mounting plugin PlasticSourceControl
LogPluginManager: Mounting plugin PluginUtils
LogPluginManager: Mounting plugin PropertyAccessNode
LogPluginManager: Mounting plugin RiderSourceCodeAccess
LogPluginManager: Mounting plugin SubversionSourceControl
LogPluginManager: Mounting plugin TextureFormatOodle
LogPluginManager: Mounting plugin UObjectPlugin
LogPluginManager: Mounting plugin VisualStudioSourceCodeAccess
LogPluginManager: Mounting plugin VisualStudioCodeSourceCodeAccess
LogPluginManager: Mounting plugin XCodeSourceCodeAccess
LogPluginManager: Mounting plugin AssetManagerEditor
LogPluginManager: Mounting plugin CryptoKeys
LogPluginManager: Mounting plugin CurveEditorTools
LogPluginManager: Mounting plugin DataValidation
LogPluginManager: Mounting plugin FacialAnimation
LogPluginManager: Mounting plugin GameplayTagsEditor
LogPluginManager: Mounting plugin GeometryMode
LogPluginManager: Mounting plugin MacGraphicsSwitching
LogPluginManager: Mounting plugin MaterialAnalyzer
LogPluginManager: Mounting plugin MobileLauncherProfileWizard
LogPluginManager: Mounting plugin PluginBrowser
LogPluginManager: Mounting plugin SpeedTreeImporter
LogPluginManager: Mounting plugin DatasmithContent
LogPluginManager: Mounting plugin VariantManagerContent
LogPluginManager: Mounting plugin AlembicImporter
LogPluginManager: Mounting plugin AutomationUtils
LogPluginManager: Mounting plugin BackChannel
LogPluginManager: Mounting plugin ChaosCloth
LogPluginManager: Mounting plugin ChaosClothEditor
LogPluginManager: Mounting plugin ChaosEditor
LogPluginManager: Mounting plugin ChaosNiagara
LogPluginManager: Mounting plugin ChaosSolverPlugin
LogPluginManager: Mounting plugin CharacterAI
LogPluginManager: Mounting plugin GeometryCache
LogPluginManager: Mounting plugin GeometryCollectionPlugin
LogPluginManager: Mounting plugin GeometryProcessing
LogPluginManager: Mounting plugin MotoSynth
LogPluginManager: Mounting plugin OpenImageDenoise
LogPluginManager: Mounting plugin PlanarCut
LogPluginManager: Mounting plugin PlatformCrypto
LogPluginManager: Mounting plugin ProxyLODPlugin
LogPluginManager: Mounting plugin PythonScriptPlugin
LogPluginManager: Mounting plugin SkeletalReduction
LogPluginManager: Mounting plugin Niagara
LogPluginManager: Mounting plugin LuminPlatformFeatures
LogPluginManager: Mounting plugin MagicLeap
LogPluginManager: Mounting plugin MagicLeapLightEstimation
LogPluginManager: Mounting plugin MagicLeapMedia
LogPluginManager: Mounting plugin MagicLeapPassableWorld
LogPluginManager: Mounting plugin MLSDK
LogPluginManager: Mounting plugin AndroidMedia
LogPluginManager: Mounting plugin AvfMedia
LogPluginManager: Mounting plugin ImgMedia
LogPluginManager: Mounting plugin MediaCompositing
LogPluginManager: Mounting plugin MediaPlayerEditor
LogPluginManager: Mounting plugin WebMMedia
LogPluginManager: Mounting plugin WmfMedia
LogPluginManager: Mounting plugin TcpMessaging
LogPluginManager: Mounting plugin UdpMessaging
LogPluginManager: Mounting plugin ActorSequence
LogPluginManager: Mounting plugin LevelSequenceEditor
LogPluginManager: Mounting plugin MatineeToLevelSequence
LogPluginManager: Mounting plugin OnlineSubsystem
LogPluginManager: Mounting plugin OnlineSubsystemNull
LogPluginManager: Mounting plugin OnlineSubsystemUtils
LogPluginManager: Mounting plugin LauncherChunkInstaller
LogPluginManager: Mounting plugin ActorLayerUtilities
LogPluginManager: Mounting plugin AndroidDeviceProfileSelector
LogPluginManager: Mounting plugin AndroidMoviePlayer
LogPluginManager: Mounting plugin AndroidPermission
LogPluginManager: Mounting plugin AppleImageUtils
LogPluginManager: Mounting plugin AppleMoviePlayer
LogPluginManager: Mounting plugin ArchVisCharacter
LogPluginManager: Mounting plugin AudioCapture
LogPluginManager: Mounting plugin TemplateSequence
LogPluginManager: Mounting plugin AudioSynesthesia
LogPluginManager: Mounting plugin CableComponent
LogPluginManager: Mounting plugin ChunkDownloader
LogPluginManager: Mounting plugin CustomMeshComponent
LogPluginManager: Mounting plugin EditableMesh
LogPluginManager: Mounting plugin ExampleDeviceProfileSelector
LogPluginManager: Mounting plugin GoogleCloudMessaging
LogPluginManager: Mounting plugin GooglePAD
LogPluginManager: Mounting plugin IOSDeviceProfileSelector
LogPluginManager: Mounting plugin LinuxDeviceProfileSelector
LogPluginManager: Mounting plugin LocationServicesBPLibrary
LogPluginManager: Mounting plugin MobilePatchingUtils
LogPluginManager: Mounting plugin OpenXR
LogPluginManager: Mounting plugin OpenXREyeTracker
LogPluginManager: Mounting plugin OpenXRHandTracking
LogPluginManager: Mounting plugin PhysXVehicles
LogPluginManager: Mounting plugin PostSplashScreen
LogPluginManager: Mounting plugin ProceduralMeshComponent
LogPluginManager: Mounting plugin PropertyAccessEditor
LogPluginManager: Mounting plugin RuntimePhysXCooking
LogPluginManager: Mounting plugin SignificanceManager
LogPluginManager: Mounting plugin SoundFields
LogPluginManager: Mounting plugin Synthesis
LogPluginManager: Mounting plugin WebMMoviePlayer
LogPluginManager: Mounting plugin WindowsMoviePlayer
LogPluginManager: Mounting plugin ScreenshotTools
LogPluginManager: Mounting plugin Takes
LogPluginManager: Mounting plugin AssetTags
LogPluginManager: Mounting plugin ContentBrowserAssetDataSource
LogPluginManager: Mounting plugin ContentBrowserClassDataSource
LogPluginManager: Mounting plugin ContentBrowserFileDataSource
LogPluginManager: Mounting plugin OnlineSubsystemGooglePlay
LogPluginManager: Mounting plugin OnlineSubsystemIOS
LogPluginManager: Mounting plugin OculusVR
LogPluginManager: Mounting plugin SteamVR
PixWinPlugin: PIX capture plugin failed to initialize! Check that the process is launched from PIX.
LogInit: Using libcurl 7.55.1-DEV
LogInit:  - built for x86_64-pc-win32
LogInit:  - supports SSL with OpenSSL/1.1.1
LogInit:  - supports HTTP deflate (compression) using libz 1.2.8
LogInit:  - other features:
LogInit:      CURL_VERSION_SSL
LogInit:      CURL_VERSION_LIBZ
LogInit:      CURL_VERSION_IPV6
LogInit:      CURL_VERSION_ASYNCHDNS
LogInit:      CURL_VERSION_LARGEFILE
LogInit:      CURL_VERSION_IDN
LogInit:  CurlRequestOptions (configurable via config and command line):
LogInit:  - bVerifyPeer = true  - Libcurl will verify peer certificate
LogInit:  - bUseHttpProxy = false  - Libcurl will NOT use HTTP proxy
LogInit:  - bDontReuseConnections = false  - Libcurl will reuse connections
LogInit:  - MaxHostConnections = 16  - Libcurl will limit the number of connections to a host
LogInit:  - LocalHostAddr = Default
LogInit:  - BufferSize = 65536
LogOnline: OSS: Creating online subsystem instance for: NULL
LogInit: WinSock: version 1.1 (2.2), MaxSocks=32767, MaxUdp=65467
LogOnline: OSS: TryLoadSubsystemAndSetDefault: Loaded subsystem for module [NULL]
LogInit: Build: ++UE4+Release-4.27-CL-18319896
LogInit: Engine Version: 4.27.2-18319896+++UE4+Release-4.27
LogInit: Compatible Engine Version: 4.27.0-17155196+++UE4+Release-4.27
LogInit: Net CL: 17155196
LogInit: OS: Windows 10 (Release 2009) (), CPU: Intel(R) Core(TM) i5-4460  CPU @ 3.20GHz, GPU: NVIDIA GeForce GTX 960
LogInit: Compiled (64-bit): Nov 30 2021 07:12:08
LogInit: Compiled with Visual C++: 19.24.28315.00
LogInit: Build Configuration: Development
LogInit: Branch Name: ++UE4+Release-4.27
LogInit: Command Line:  C:\Users\ggbat\Desktop\2022-2023-project-4-game-design-Team-8\MyProject\MyProject.uproject -run=VisualStudioTools -unattended -noshadercompile -noaudio -nullrhi -nocpuprofilertrace -nocrashreports -nosplash -output C:\Users\ggbat\AppData\Local\Temp\tmp86E0.tmp
LogInit: Base Directory: C:/Program Files (x86)/Epic Games/UE_4.27/Engine/Binaries/Win64/
LogInit: Allocator: TBB
LogInit: Installed Engine Build: 1
LogDevObjectVersion: Number of dev versions registered: 29
LogDevObjectVersion:   Dev-Blueprints (B0D832E4-1F89-4F0D-ACCF-7EB736FD4AA2): 10
LogDevObjectVersion:   Dev-Build (E1C64328-A22C-4D53-A36C-8E866417BD8C): 0
LogDevObjectVersion:   Dev-Core (375EC13C-06E4-48FB-B500-84F0262A717E): 4
LogDevObjectVersion:   Dev-Editor (E4B068ED-F494-42E9-A231-DA0B2E46BB41): 40
LogDevObjectVersion:   Dev-Framework (CFFC743F-43B0-4480-9391-14DF171D2073): 37
LogDevObjectVersion:   Dev-Mobile (B02B49B5-BB20-44E9-A304-32B752E40360): 3
LogDevObjectVersion:   Dev-Networking (A4E4105C-59A1-49B5-A7C5-40C4547EDFEE): 0
LogDevObjectVersion:   Dev-Online (39C831C9-5AE6-47DC-9A44-9C173E1C8E7C): 0
LogDevObjectVersion:   Dev-Physics (78F01B33-EBEA-4F98-B9B4-84EACCB95AA2): 14
LogDevObjectVersion:   Dev-Platform (6631380F-2D4D-43E0-8009-CF276956A95A): 0
LogDevObjectVersion:   Dev-Rendering (12F88B9F-8875-4AFC-A67C-D90C383ABD29): 45
LogDevObjectVersion:   Dev-Sequencer (7B5AE74C-D270-4C10-A958-57980B212A5A): 13
LogDevObjectVersion:   Dev-VR (D7296918-1DD6-4BDD-9DE2-64A83CC13884): 3
LogDevObjectVersion:   Dev-LoadTimes (C2A15278-BFE7-4AFE-6C17-90FF531DF755): 1
LogDevObjectVersion:   Private-Geometry (6EACA3D4-40EC-4CC1-B786-8BED09428FC5): 3
LogDevObjectVersion:   Dev-AnimPhys (29E575DD-E0A3-4627-9D10-D276232CDCEA): 17
LogDevObjectVersion:   Dev-Anim (AF43A65D-7FD3-4947-9873-3E8ED9C1BB05): 15
LogDevObjectVersion:   Dev-ReflectionCapture (6B266CEC-1EC7-4B8F-A30B-E4D90942FC07): 1
LogDevObjectVersion:   Dev-Automation (0DF73D61-A23F-47EA-B727-89E90C41499A): 1
LogDevObjectVersion:   FortniteMain (601D1886-AC64-4F84-AA16-D3DE0DEAC7D6): 47
LogDevObjectVersion:   FortniteRelease (E7086368-6B23-4C58-8439-1B7016265E91): 1
LogDevObjectVersion:   Dev-Enterprise (9DFFBCD6-494F-0158-E221-12823C92A888): 10
LogDevObjectVersion:   Dev-Niagara (F2AED0AC-9AFE-416F-8664-AA7FFA26D6FC): 1
LogDevObjectVersion:   Dev-Destruction (174F1F0B-B4C6-45A5-B13F-2EE8D0FB917D): 10
LogDevObjectVersion:   Dev-Physics-Ext (35F94A83-E258-406C-A318-09F59610247C): 41
LogDevObjectVersion:   Dev-PhysicsMaterial-Chaos (B68FC16E-8B1B-42E2-B453-215C058844FE): 1
LogDevObjectVersion:   Dev-CineCamera (B2E18506-4273-CFC2-A54E-F4BB758BBA07): 1
LogDevObjectVersion:   Dev-VirtualProduction (64F58936-FD1B-42BA-BA96-7289D5D0FA4E): 1
LogDevObjectVersion:   Dev-MediaFramework (6F0ED827-A609-4895-9C91-998D90180EA4): 2
LogInit: Presizing for max 25165824 objects, including 0 objects not considered by GC, pre-allocating 0 bytes for permanent pool.
LogConfig: Applying CVar settings from Section [/Script/Engine.StreamingSettings] File [C:/Users/ggbat/Desktop/2022-2023-project-4-game-design-Team-8/MyProject/Saved/Config/Windows/Engine.ini]
LogConfig: Setting CVar [[s.MinBulkDataSizeForAsyncLoading:131072]]
LogConfig: Setting CVar [[s.AsyncLoadingThreadEnabled:0]]
LogConfig: Setting CVar [[s.EventDrivenLoaderEnabled:1]]
LogConfig: Setting CVar [[s.WarnIfTimeLimitExceeded:0]]
LogConfig: Setting CVar [[s.TimeLimitExceededMultiplier:1.5]]
LogConfig: Setting CVar [[s.TimeLimitExceededMinTime:0.005]]
LogConfig: Setting CVar [[s.UseBackgroundLevelStreaming:1]]
LogConfig: Setting CVar [[s.PriorityAsyncLoadingExtraTime:15.0]]
LogConfig: Setting CVar [[s.LevelStreamingActorsUpdateTimeLimit:5.0]]
LogConfig: Setting CVar [[s.PriorityLevelStreamingActorsUpdateExtraTime:5.0]]
LogConfig: Setting CVar [[s.LevelStreamingComponentsRegistrationGranularity:10]]
LogConfig: Setting CVar [[s.UnregisterComponentsTimeLimit:1.0]]
LogConfig: Setting CVar [[s.LevelStreamingComponentsUnregistrationGranularity:5]]
LogConfig: Setting CVar [[s.FlushStreamingOnExit:1]]
LogInit: Object subsystem initialized
LogConfig: Setting CVar [[con.DebugEarlyDefault:1]]
LogConfig: Setting CVar [[r.setres:1280x720]]
[2023.03.05-23.15.17:358][  0]LogConfig: Setting CVar [[con.DebugEarlyDefault:1]]
[2023.03.05-23.15.17:358][  0]LogConfig: Setting CVar [[r.setres:1280x720]]
[2023.03.05-23.15.17:358][  0]LogConfig: Applying CVar settings from Section [/Script/Engine.RendererSettings] File [C:/Users/ggbat/Desktop/2022-2023-project-4-game-design-Team-8/MyProject/Saved/Config/Windows/Engine.ini]
[2023.03.05-23.15.17:358][  0]LogConfig: Setting CVar [[r.GPUCrashDebugging:0]]
[2023.03.05-23.15.17:358][  0]LogConfig: Applying CVar settings from Section [/Script/Engine.RendererOverrideSettings] File [C:/Users/ggbat/Desktop/2022-2023-project-4-game-design-Team-8/MyProject/Saved/Config/Windows/Engine.ini]
[2023.03.05-23.15.17:358][  0]LogConfig: Applying CVar settings from Section [/Script/Engine.StreamingSettings] File [C:/Users/ggbat/Desktop/2022-2023-project-4-game-design-Team-8/MyProject/Saved/Config/Windows/Engine.ini]
[2023.03.05-23.15.17:358][  0]LogConfig: Setting CVar [[s.MinBulkDataSizeForAsyncLoading:131072]]
[2023.03.05-23.15.17:358][  0]LogConfig: Setting CVar [[s.AsyncLoadingThreadEnabled:0]]
[2023.03.05-23.15.17:359][  0]LogConfig: Setting CVar [[s.EventDrivenLoaderEnabled:1]]
[2023.03.05-23.15.17:359][  0]LogConfig: Setting CVar [[s.WarnIfTimeLimitExceeded:0]]
[2023.03.05-23.15.17:359][  0]LogConfig: Setting CVar [[s.TimeLimitExceededMultiplier:1.5]]
[2023.03.05-23.15.17:359][  0]LogConfig: Setting CVar [[s.TimeLimitExceededMinTime:0.005]]
[2023.03.05-23.15.17:359][  0]LogConfig: Setting CVar [[s.UseBackgroundLevelStreaming:1]]
[2023.03.05-23.15.17:359][  0]LogConfig: Setting CVar [[s.PriorityAsyncLoadingExtraTime:15.0]]
[2023.03.05-23.15.17:359][  0]LogConfig: Setting CVar [[s.LevelStreamingActorsUpdateTimeLimit:5.0]]
[2023.03.05-23.15.17:359][  0]LogConfig: Setting CVar [[s.PriorityLevelStreamingActorsUpdateExtraTime:5.0]]
[2023.03.05-23.15.17:359][  0]LogConfig: Setting CVar [[s.LevelStreamingComponentsRegistrationGranularity:10]]
[2023.03.05-23.15.17:359][  0]LogConfig: Setting CVar [[s.UnregisterComponentsTimeLimit:1.0]]
[2023.03.05-23.15.17:359][  0]LogConfig: Setting CVar [[s.LevelStreamingComponentsUnregistrationGranularity:5]]
[2023.03.05-23.15.17:359][  0]LogConfig: Setting CVar [[s.FlushStreamingOnExit:1]]
[2023.03.05-23.15.17:359][  0]LogConfig: Applying CVar settings from Section [/Script/Engine.GarbageCollectionSettings] File [C:/Users/ggbat/Desktop/2022-2023-project-4-game-design-Team-8/MyProject/Saved/Config/Windows/Engine.ini]
[2023.03.05-23.15.17:359][  0]LogConfig: Setting CVar [[gc.MaxObjectsNotConsideredByGC:1]]
[2023.03.05-23.15.17:359][  0]LogConfig: Setting CVar [[gc.SizeOfPermanentObjectPool:0]]
[2023.03.05-23.15.17:359][  0]LogConfig: Setting CVar [[gc.FlushStreamingOnGC:0]]
[2023.03.05-23.15.17:359][  0]LogConfig: Setting CVar [[gc.NumRetriesBeforeForcingGC:10]]
[2023.03.05-23.15.17:359][  0]LogConfig: Setting CVar [[gc.AllowParallelGC:1]]
[2023.03.05-23.15.17:359][  0]LogConfig: Setting CVar [[gc.TimeBetweenPurgingPendingKillObjects:61.1]]
[2023.03.05-23.15.17:359][  0]LogConfig: Setting CVar [[gc.MaxObjectsInEditor:25165824]]
[2023.03.05-23.15.17:359][  0]LogConfig: Setting CVar [[gc.IncrementalBeginDestroyEnabled:1]]
[2023.03.05-23.15.17:359][  0]LogConfig: Setting CVar [[gc.CreateGCClusters:1]]
[2023.03.05-23.15.17:359][  0]LogConfig: Setting CVar [[gc.MinGCClusterSize:5]]
[2023.03.05-23.15.17:359][  0]LogConfig: Setting CVar [[gc.ActorClusteringEnabled:0]]
[2023.03.05-23.15.17:359][  0]LogConfig: Setting CVar [[gc.BlueprintClusteringEnabled:0]]
[2023.03.05-23.15.17:359][  0]LogConfig: Setting CVar [[gc.UseDisregardForGCOnDedicatedServers:0]]
[2023.03.05-23.15.17:359][  0]LogConfig: Setting CVar [[gc.MultithreadedDestructionEnabled:1]]
[2023.03.05-23.15.17:359][  0]LogConfig: Applying CVar settings from Section [/Script/Engine.NetworkSettings] File [C:/Users/ggbat/Desktop/2022-2023-project-4-game-design-Team-8/MyProject/Saved/Config/Windows/Engine.ini]
[2023.03.05-23.15.17:359][  0]LogConfig: Applying CVar settings from Section [/Script/UnrealEd.CookerSettings] File [C:/Users/ggbat/Desktop/2022-2023-project-4-game-design-Team-8/MyProject/Saved/Config/Windows/Engine.ini]
[2023.03.05-23.15.17:359][  0]LogConfig: Applying CVar settings from Section [ViewDistanceQuality@3] File [C:/Users/ggbat/Desktop/2022-2023-project-4-game-design-Team-8/MyProject/Saved/Config/Windows/Scalability.ini]
[2023.03.05-23.15.17:359][  0]LogConfig: Setting CVar [[r.SkeletalMeshLODBias:0]]
[2023.03.05-23.15.17:359][  0]LogConfig: Setting CVar [[r.ViewDistanceScale:1.0]]
[2023.03.05-23.15.17:359][  0]LogConfig: Applying CVar settings from Section [AntiAliasingQuality@3] File [C:/Users/ggbat/Desktop/2022-2023-project-4-game-design-Team-8/MyProject/Saved/Config/Windows/Scalability.ini]
[2023.03.05-23.15.17:359][  0]LogConfig: Setting CVar [[r.PostProcessAAQuality:4]]
[2023.03.05-23.15.17:359][  0]LogConfig: Applying CVar settings from Section [ShadowQuality@3] File [C:/Users/ggbat/Desktop/2022-2023-project-4-game-design-Team-8/MyProject/Saved/Config/Windows/Scalability.ini]
[2023.03.05-23.15.17:359][  0]LogConfig: Setting CVar [[r.LightFunctionQuality:1]]
[2023.03.05-23.15.17:359][  0]LogConfig: Setting CVar [[r.ShadowQuality:5]]
[2023.03.05-23.15.17:359][  0]LogConfig: Setting CVar [[r.Shadow.CSM.MaxCascades:10]]
[2023.03.05-23.15.17:359][  0]LogConfig: Setting CVar [[r.Shadow.MaxResolution:2048]]
[2023.03.05-23.15.17:359][  0]LogConfig: Setting CVar [[r.Shadow.MaxCSMResolution:2048]]
[2023.03.05-23.15.17:359][  0]LogConfig: Setting CVar [[r.Shadow.RadiusThreshold:0.01]]
[2023.03.05-23.15.17:359][  0]LogConfig: Setting CVar [[r.Shadow.DistanceScale:1.0]]
[2023.03.05-23.15.17:359][  0]LogConfig: Setting CVar [[r.Shadow.CSM.TransitionScale:1.0]]
[2023.03.05-23.15.17:359][  0]LogConfig: Setting CVar [[r.Shadow.PreShadowResolutionFactor:1.0]]
[2023.03.05-23.15.17:359][  0]LogConfig: Setting CVar [[r.DistanceFieldShadowing:1]]
[2023.03.05-23.15.17:359][  0]LogConfig: Setting CVar [[r.DistanceFieldAO:1]]
[2023.03.05-23.15.17:359][  0]LogConfig: Setting CVar [[r.AOQuality:2]]
[2023.03.05-23.15.17:359][  0]LogConfig: Setting CVar [[r.VolumetricFog:1]]
[2023.03.05-23.15.17:359][  0]LogConfig: Setting CVar [[r.VolumetricFog.GridPixelSize:8]]
[2023.03.05-23.15.17:359][  0]LogConfig: Setting CVar [[r.VolumetricFog.GridSizeZ:128]]
[2023.03.05-23.15.17:359][  0]LogConfig: Setting CVar [[r.VolumetricFog.HistoryMissSupersampleCount:4]]
[2023.03.05-23.15.17:359][  0]LogConfig: Setting CVar [[r.LightMaxDrawDistanceScale:1]]
[2023.03.05-23.15.17:359][  0]LogConfig: Setting CVar [[r.CapsuleShadows:1]]
[2023.03.05-23.15.17:359][  0]LogConfig: Applying CVar settings from Section [PostProcessQuality@3] File [C:/Users/ggbat/Desktop/2022-2023-project-4-game-design-Team-8/MyProject/Saved/Config/Windows/Scalability.ini]
[2023.03.05-23.15.17:359][  0]LogConfig: Setting CVar [[r.MotionBlurQuality:4]]
[2023.03.05-23.15.17:359][  0]LogConfig: Setting CVar [[r.AmbientOcclusionMipLevelFactor:0.4]]
[2023.03.05-23.15.17:359][  0]LogConfig: Setting CVar [[r.AmbientOcclusionMaxQuality:100]]
[2023.03.05-23.15.17:359][  0]LogConfig: Setting CVar [[r.AmbientOcclusionLevels:-1]]
[2023.03.05-23.15.17:359][  0]LogConfig: Setting CVar [[r.AmbientOcclusionRadiusScale:1.0]]
[2023.03.05-23.15.17:359][  0]LogConfig: Setting CVar [[r.DepthOfFieldQuality:2]]
[2023.03.05-23.15.17:359][  0]LogConfig: Setting CVar [[r.RenderTargetPoolMin:400]]
[2023.03.05-23.15.17:359][  0]LogConfig: Setting CVar [[r.LensFlareQuality:2]]
[2023.03.05-23.15.17:359][  0]LogConfig: Setting CVar [[r.SceneColorFringeQuality:1]]
[2023.03.05-23.15.17:359][  0]LogConfig: Setting CVar [[r.EyeAdaptationQuality:2]]
[2023.03.05-23.15.17:359][  0]LogConfig: Setting CVar [[r.BloomQuality:5]]
[2023.03.05-23.15.17:359][  0]LogConfig: Setting CVar [[r.FastBlurThreshold:100]]
[2023.03.05-23.15.17:359][  0]LogConfig: Setting CVar [[r.Upscale.Quality:3]]
[2023.03.05-23.15.17:359][  0]LogConfig: Setting CVar [[r.Tonemapper.GrainQuantization:1]]
[2023.03.05-23.15.17:359][  0]LogConfig: Setting CVar [[r.LightShaftQuality:1]]
[2023.03.05-23.15.17:359][  0]LogConfig: Setting CVar [[r.Filter.SizeScale:1]]
[2023.03.05-23.15.17:359][  0]LogConfig: Setting CVar [[r.Tonemapper.Quality:5]]
[2023.03.05-23.15.17:359][  0]LogConfig: Setting CVar [[r.DOF.Gather.AccumulatorQuality:1        ; higher gathering accumulator quality]]
[2023.03.05-23.15.17:359][  0]LogConfig: Setting CVar [[r.DOF.Gather.PostfilterMethod:1          ; Median3x3 postfilering method]]
[2023.03.05-23.15.17:359][  0]LogConfig: Setting CVar [[r.DOF.Gather.EnableBokehSettings:0       ; no bokeh simulation when gathering]]
[2023.03.05-23.15.17:359][  0]LogConfig: Setting CVar [[r.DOF.Gather.RingCount:4                 ; medium number of samples when gathering]]
[2023.03.05-23.15.17:359][  0]LogConfig: Setting CVar [[r.DOF.Scatter.ForegroundCompositing:1    ; additive foreground scattering]]
[2023.03.05-23.15.17:359][  0]LogConfig: Setting CVar [[r.DOF.Scatter.BackgroundCompositing:2    ; additive background scattering]]
[2023.03.05-23.15.17:359][  0]LogConfig: Setting CVar [[r.DOF.Scatter.EnableBokehSettings:1      ; bokeh simulation when scattering]]
[2023.03.05-23.15.17:359][  0]LogConfig: Setting CVar [[r.DOF.Scatter.MaxSpriteRatio:0.1         ; only a maximum of 10% of scattered bokeh]]
[2023.03.05-23.15.17:359][  0]LogConfig: Setting CVar [[r.DOF.Recombine.Quality:1                ; cheap slight out of focus]]
[2023.03.05-23.15.17:359][  0]LogConfig: Setting CVar [[r.DOF.Recombine.EnableBokehSettings:0    ; no bokeh simulation on slight out of focus]]
[2023.03.05-23.15.17:359][  0]LogConfig: Setting CVar [[r.DOF.TemporalAAQuality:1                ; more stable temporal accumulation]]
[2023.03.05-23.15.17:359][  0]LogConfig: Setting CVar [[r.DOF.Kernel.MaxForegroundRadius:0.025]]
[2023.03.05-23.15.17:359][  0]LogConfig: Setting CVar [[r.DOF.Kernel.MaxBackgroundRadius:0.025]]
[2023.03.05-23.15.17:359][  0]LogConfig: Applying CVar settings from Section [TextureQuality@3] File [C:/Users/ggbat/Desktop/2022-2023-project-4-game-design-Team-8/MyProject/Saved/Config/Windows/Scalability.ini]
[2023.03.05-23.15.17:359][  0]LogConfig: Setting CVar [[r.Streaming.MipBias:0]]
[2023.03.05-23.15.17:359][  0]LogConfig: Setting CVar [[r.Streaming.AmortizeCPUToGPUCopy:0]]
[2023.03.05-23.15.17:359][  0]LogConfig: Setting CVar [[r.Streaming.MaxNumTexturesToStreamPerFrame:0]]
[2023.03.05-23.15.17:359][  0]LogConfig: Setting CVar [[r.Streaming.Boost:1]]
[2023.03.05-23.15.17:359][  0]LogConfig: Setting CVar [[r.MaxAnisotropy:8]]
[2023.03.05-23.15.17:359][  0]LogConfig: Setting CVar [[r.VT.MaxAnisotropy:8]]
[2023.03.05-23.15.17:359][  0]LogConfig: Setting CVar [[r.Streaming.LimitPoolSizeToVRAM:0]]
[2023.03.05-23.15.17:359][  0]LogConfig: Setting CVar [[r.Streaming.PoolSize:1000]]
[2023.03.05-23.15.17:359][  0]LogConfig: Setting CVar [[r.Streaming.MaxEffectiveScreenSize:0]]
[2023.03.05-23.15.17:359][  0]LogConfig: Applying CVar settings from Section [EffectsQuality@3] File [C:/Users/ggbat/Desktop/2022-2023-project-4-game-design-Team-8/MyProject/Saved/Config/Windows/Scalability.ini]
[2023.03.05-23.15.17:359][  0]LogConfig: Setting CVar [[r.TranslucencyLightingVolumeDim:64]]
[2023.03.05-23.15.17:359][  0]LogConfig: Setting CVar [[r.RefractionQuality:2]]
[2023.03.05-23.15.17:359][  0]LogConfig: Setting CVar [[r.SSR.Quality:3]]
[2023.03.05-23.15.17:359][  0]LogConfig: Setting CVar [[r.SSR.HalfResSceneColor:0]]
[2023.03.05-23.15.17:359][  0]LogConfig: Setting CVar [[r.SceneColorFormat:4]]
[2023.03.05-23.15.17:359][  0]LogConfig: Setting CVar [[r.DetailMode:2]]
[2023.03.05-23.15.17:359][  0]LogConfig: Setting CVar [[r.TranslucencyVolumeBlur:1]]
[2023.03.05-23.15.17:359][  0]LogConfig: Setting CVar [[r.MaterialQualityLevel:1 ; High quality]]
[2023.03.05-23.15.17:359][  0]LogConfig: Setting CVar [[r.AnisotropicMaterials:1]]
[2023.03.05-23.15.17:359][  0]LogConfig: Setting CVar [[r.SSS.Scale:1]]
[2023.03.05-23.15.17:359][  0]LogConfig: Setting CVar [[r.SSS.SampleSet:2]]
[2023.03.05-23.15.17:359][  0]LogConfig: Setting CVar [[r.SSS.Quality:1]]
[2023.03.05-23.15.17:359][  0]LogConfig: Setting CVar [[r.SSS.HalfRes:0]]
[2023.03.05-23.15.17:359][  0]LogConfig: Setting CVar [[r.SSGI.Quality:3]]
[2023.03.05-23.15.17:359][  0]LogConfig: Setting CVar [[r.EmitterSpawnRateScale:1.0]]
[2023.03.05-23.15.17:359][  0]LogConfig: Setting CVar [[r.ParticleLightQuality:2]]
[2023.03.05-23.15.17:359][  0]LogConfig: Setting CVar [[r.SkyAtmosphere.AerialPerspectiveLUT.FastApplyOnOpaque:1 ; Always have FastSkyLUT 1 in this case to avoid wrong sky]]
[2023.03.05-23.15.17:359][  0]LogConfig: Setting CVar [[r.SkyAtmosphere.AerialPerspectiveLUT.SampleCountMaxPerSlice:4]]
[2023.03.05-23.15.17:359][  0]LogConfig: Setting CVar [[r.SkyAtmosphere.AerialPerspectiveLUT.DepthResolution:16.0]]
[2023.03.05-23.15.17:359][  0]LogConfig: Setting CVar [[r.SkyAtmosphere.FastSkyLUT:1]]
[2023.03.05-23.15.17:359][  0]LogConfig: Setting CVar [[r.SkyAtmosphere.FastSkyLUT.SampleCountMin:4.0]]
[2023.03.05-23.15.17:359][  0]LogConfig: Setting CVar [[r.SkyAtmosphere.FastSkyLUT.SampleCountMax:128.0]]
[2023.03.05-23.15.17:359][  0]LogConfig: Setting CVar [[r.SkyAtmosphere.SampleCountMin:4.0]]
[2023.03.05-23.15.17:359][  0]LogConfig: Setting CVar [[r.SkyAtmosphere.SampleCountMax:128.0]]
[2023.03.05-23.15.17:359][  0]LogConfig: Setting CVar [[r.SkyAtmosphere.TransmittanceLUT.UseSmallFormat:0]]
[2023.03.05-23.15.17:359][  0]LogConfig: Setting CVar [[r.SkyAtmosphere.TransmittanceLUT.SampleCount:10.0]]
[2023.03.05-23.15.17:359][  0]LogConfig: Setting CVar [[r.SkyAtmosphere.MultiScatteringLUT.SampleCount:15.0]]
[2023.03.05-23.15.17:359][  0]LogConfig: Setting CVar [[r.SkyLight.RealTimeReflectionCapture:1]]
[2023.03.05-23.15.17:359][  0]LogConfig: Applying CVar settings from Section [FoliageQuality@3] File [C:/Users/ggbat/Desktop/2022-2023-project-4-game-design-Team-8/MyProject/Saved/Config/Windows/Scalability.ini]
[2023.03.05-23.15.17:359][  0]LogConfig: Setting CVar [[foliage.DensityScale:1.0]]
[2023.03.05-23.15.17:359][  0]LogConfig: Setting CVar [[grass.DensityScale:1.0]]
[2023.03.05-23.15.17:359][  0]LogConfig: Applying CVar settings from Section [ShadingQuality@3] File [C:/Users/ggbat/Desktop/2022-2023-project-4-game-design-Team-8/MyProject/Saved/Config/Windows/Scalability.ini]
[2023.03.05-23.15.17:360][  0]LogConfig: Setting CVar [[r.HairStrands.SkyLighting.IntegrationType:2]]
[2023.03.05-23.15.17:360][  0]LogConfig: Setting CVar [[r.HairStrands.SkyAO.SampleCount:4]]
[2023.03.05-23.15.17:360][  0]LogConfig: Setting CVar [[r.HairStrands.Visibility.MSAA.SamplePerPixel:4]]
[2023.03.05-23.15.17:364][  0]LogInit: Selected Device Profile: [Windows]
[2023.03.05-23.15.17:364][  0]LogInit: Applying CVar settings loaded from the selected device profile: [Windows]
[2023.03.05-23.15.17:364][  0]LogHAL: Display: Platform has ~ 16 GB [17121173504 / 17179869184 / 16], which maps to Larger [LargestMinGB=32, LargerMinGB=12, DefaultMinGB=8, SmallerMinGB=6, SmallestMinGB=0)
[2023.03.05-23.15.17:364][  0]LogInit: Going up to parent DeviceProfile []
[2023.03.05-23.15.17:364][  0]LogConfig: Applying CVar settings from Section [ViewDistanceQuality@3] File [C:/Users/ggbat/Desktop/2022-2023-project-4-game-design-Team-8/MyProject/Saved/Config/Windows/Scalability.ini]
[2023.03.05-23.15.17:364][  0]LogConfig: Setting CVar [[r.SkeletalMeshLODBias:0]]
[2023.03.05-23.15.17:364][  0]LogConfig: Setting CVar [[r.ViewDistanceScale:1.0]]
[2023.03.05-23.15.17:364][  0]LogConfig: Applying CVar settings from Section [AntiAliasingQuality@3] File [C:/Users/ggbat/Desktop/2022-2023-project-4-game-design-Team-8/MyProject/Saved/Config/Windows/Scalability.ini]
[2023.03.05-23.15.17:364][  0]LogConfig: Setting CVar [[r.PostProcessAAQuality:4]]
[2023.03.05-23.15.17:364][  0]LogConfig: Applying CVar settings from Section [ShadowQuality@3] File [C:/Users/ggbat/Desktop/2022-2023-project-4-game-design-Team-8/MyProject/Saved/Config/Windows/Scalability.ini]
[2023.03.05-23.15.17:364][  0]LogConfig: Setting CVar [[r.LightFunctionQuality:1]]
[2023.03.05-23.15.17:364][  0]LogConfig: Setting CVar [[r.ShadowQuality:5]]
[2023.03.05-23.15.17:364][  0]LogConfig: Setting CVar [[r.Shadow.CSM.MaxCascades:10]]
[2023.03.05-23.15.17:364][  0]LogConfig: Setting CVar [[r.Shadow.MaxResolution:2048]]
[2023.03.05-23.15.17:364][  0]LogConfig: Setting CVar [[r.Shadow.MaxCSMResolution:2048]]
[2023.03.05-23.15.17:364][  0]LogConfig: Setting CVar [[r.Shadow.RadiusThreshold:0.01]]
[2023.03.05-23.15.17:364][  0]LogConfig: Setting CVar [[r.Shadow.DistanceScale:1.0]]
[2023.03.05-23.15.17:364][  0]LogConfig: Setting CVar [[r.Shadow.CSM.TransitionScale:1.0]]
[2023.03.05-23.15.17:364][  0]LogConfig: Setting CVar [[r.Shadow.PreShadowResolutionFactor:1.0]]
[2023.03.05-23.15.17:364][  0]LogConfig: Setting CVar [[r.DistanceFieldShadowing:1]]
[2023.03.05-23.15.17:364][  0]LogConfig: Setting CVar [[r.DistanceFieldAO:1]]
[2023.03.05-23.15.17:364][  0]LogConfig: Setting CVar [[r.AOQuality:2]]
[2023.03.05-23.15.17:364][  0]LogConfig: Setting CVar [[r.VolumetricFog:1]]
[2023.03.05-23.15.17:364][  0]LogConfig: Setting CVar [[r.VolumetricFog.GridPixelSize:8]]
[2023.03.05-23.15.17:364][  0]LogConfig: Setting CVar [[r.VolumetricFog.GridSizeZ:128]]
[2023.03.05-23.15.17:364][  0]LogConfig: Setting CVar [[r.VolumetricFog.HistoryMissSupersampleCount:4]]
[2023.03.05-23.15.17:364][  0]LogConfig: Setting CVar [[r.LightMaxDrawDistanceScale:1]]
[2023.03.05-23.15.17:364][  0]LogConfig: Setting CVar [[r.CapsuleShadows:1]]
[2023.03.05-23.15.17:364][  0]LogConfig: Applying CVar settings from Section [PostProcessQuality@3] File [C:/Users/ggbat/Desktop/2022-2023-project-4-game-design-Team-8/MyProject/Saved/Config/Windows/Scalability.ini]
[2023.03.05-23.15.17:364][  0]LogConfig: Setting CVar [[r.MotionBlurQuality:4]]
[2023.03.05-23.15.17:364][  0]LogConfig: Setting CVar [[r.AmbientOcclusionMipLevelFactor:0.4]]
[2023.03.05-23.15.17:364][  0]LogConfig: Setting CVar [[r.AmbientOcclusionMaxQuality:100]]
[2023.03.05-23.15.17:364][  0]LogConfig: Setting CVar [[r.AmbientOcclusionLevels:-1]]
[2023.03.05-23.15.17:364][  0]LogConfig: Setting CVar [[r.AmbientOcclusionRadiusScale:1.0]]
[2023.03.05-23.15.17:364][  0]LogConfig: Setting CVar [[r.DepthOfFieldQuality:2]]
[2023.03.05-23.15.17:364][  0]LogConfig: Setting CVar [[r.RenderTargetPoolMin:400]]
[2023.03.05-23.15.17:364][  0]LogConfig: Setting CVar [[r.LensFlareQuality:2]]
[2023.03.05-23.15.17:365][  0]LogConfig: Setting CVar [[r.SceneColorFringeQuality:1]]
[2023.03.05-23.15.17:365][  0]LogConfig: Setting CVar [[r.EyeAdaptationQuality:2]]
[2023.03.05-23.15.17:365][  0]LogConfig: Setting CVar [[r.BloomQuality:5]]
[2023.03.05-23.15.17:365][  0]LogConfig: Setting CVar [[r.FastBlurThreshold:100]]
[2023.03.05-23.15.17:365][  0]LogConfig: Setting CVar [[r.Upscale.Quality:3]]
[2023.03.05-23.15.17:365][  0]LogConfig: Setting CVar [[r.Tonemapper.GrainQuantization:1]]
[2023.03.05-23.15.17:365][  0]LogConfig: Setting CVar [[r.LightShaftQuality:1]]
[2023.03.05-23.15.17:365][  0]LogConfig: Setting CVar [[r.Filter.SizeScale:1]]
[2023.03.05-23.15.17:365][  0]LogConfig: Setting CVar [[r.Tonemapper.Quality:5]]
[2023.03.05-23.15.17:365][  0]LogConfig: Setting CVar [[r.DOF.Gather.AccumulatorQuality:1        ; higher gathering accumulator quality]]
[2023.03.05-23.15.17:365][  0]LogConfig: Setting CVar [[r.DOF.Gather.PostfilterMethod:1          ; Median3x3 postfilering method]]
[2023.03.05-23.15.17:365][  0]LogConfig: Setting CVar [[r.DOF.Gather.EnableBokehSettings:0       ; no bokeh simulation when gathering]]
[2023.03.05-23.15.17:365][  0]LogConfig: Setting CVar [[r.DOF.Gather.RingCount:4                 ; medium number of samples when gathering]]
[2023.03.05-23.15.17:365][  0]LogConfig: Setting CVar [[r.DOF.Scatter.ForegroundCompositing:1    ; additive foreground scattering]]
[2023.03.05-23.15.17:365][  0]LogConfig: Setting CVar [[r.DOF.Scatter.BackgroundCompositing:2    ; additive background scattering]]
[2023.03.05-23.15.17:365][  0]LogConfig: Setting CVar [[r.DOF.Scatter.EnableBokehSettings:1      ; bokeh simulation when scattering]]
[2023.03.05-23.15.17:365][  0]LogConfig: Setting CVar [[r.DOF.Scatter.MaxSpriteRatio:0.1         ; only a maximum of 10% of scattered bokeh]]
[2023.03.05-23.15.17:365][  0]LogConfig: Setting CVar [[r.DOF.Recombine.Quality:1                ; cheap slight out of focus]]
[2023.03.05-23.15.17:365][  0]LogConfig: Setting CVar [[r.DOF.Recombine.EnableBokehSettings:0    ; no bokeh simulation on slight out of focus]]
[2023.03.05-23.15.17:365][  0]LogConfig: Setting CVar [[r.DOF.TemporalAAQuality:1                ; more stable temporal accumulation]]
[2023.03.05-23.15.17:365][  0]LogConfig: Setting CVar [[r.DOF.Kernel.MaxForegroundRadius:0.025]]
[2023.03.05-23.15.17:365][  0]LogConfig: Setting CVar [[r.DOF.Kernel.MaxBackgroundRadius:0.025]]
[2023.03.05-23.15.17:365][  0]LogConfig: Applying CVar settings from Section [TextureQuality@3] File [C:/Users/ggbat/Desktop/2022-2023-project-4-game-design-Team-8/MyProject/Saved/Config/Windows/Scalability.ini]
[2023.03.05-23.15.17:365][  0]LogConfig: Setting CVar [[r.Streaming.MipBias:0]]
[2023.03.05-23.15.17:365][  0]LogConfig: Setting CVar [[r.Streaming.AmortizeCPUToGPUCopy:0]]
[2023.03.05-23.15.17:365][  0]LogConfig: Setting CVar [[r.Streaming.MaxNumTexturesToStreamPerFrame:0]]
[2023.03.05-23.15.17:365][  0]LogConfig: Setting CVar [[r.Streaming.Boost:1]]
[2023.03.05-23.15.17:365][  0]LogConfig: Setting CVar [[r.MaxAnisotropy:8]]
[2023.03.05-23.15.17:365][  0]LogConfig: Setting CVar [[r.VT.MaxAnisotropy:8]]
[2023.03.05-23.15.17:365][  0]LogConfig: Setting CVar [[r.Streaming.LimitPoolSizeToVRAM:0]]
[2023.03.05-23.15.17:365][  0]LogConfig: Setting CVar [[r.Streaming.PoolSize:1000]]
[2023.03.05-23.15.17:365][  0]LogConfig: Setting CVar [[r.Streaming.MaxEffectiveScreenSize:0]]
[2023.03.05-23.15.17:365][  0]LogConfig: Applying CVar settings from Section [EffectsQuality@3] File [C:/Users/ggbat/Desktop/2022-2023-project-4-game-design-Team-8/MyProject/Saved/Config/Windows/Scalability.ini]
[2023.03.05-23.15.17:365][  0]LogConfig: Setting CVar [[r.TranslucencyLightingVolumeDim:64]]
[2023.03.05-23.15.17:365][  0]LogConfig: Setting CVar [[r.RefractionQuality:2]]
[2023.03.05-23.15.17:365][  0]LogConfig: Setting CVar [[r.SSR.Quality:3]]
[2023.03.05-23.15.17:365][  0]LogConfig: Setting CVar [[r.SSR.HalfResSceneColor:0]]
[2023.03.05-23.15.17:365][  0]LogConfig: Setting CVar [[r.SceneColorFormat:4]]
[2023.03.05-23.15.17:365][  0]LogConfig: Setting CVar [[r.DetailMode:2]]
[2023.03.05-23.15.17:365][  0]LogConfig: Setting CVar [[r.TranslucencyVolumeBlur:1]]
[2023.03.05-23.15.17:365][  0]LogConfig: Setting CVar [[r.MaterialQualityLevel:1 ; High quality]]
[2023.03.05-23.15.17:365][  0]LogConfig: Setting CVar [[r.AnisotropicMaterials:1]]
[2023.03.05-23.15.17:365][  0]LogConfig: Setting CVar [[r.SSS.Scale:1]]
[2023.03.05-23.15.17:365][  0]LogConfig: Setting CVar [[r.SSS.SampleSet:2]]
[2023.03.05-23.15.17:365][  0]LogConfig: Setting CVar [[r.SSS.Quality:1]]
[2023.03.05-23.15.17:365][  0]LogConfig: Setting CVar [[r.SSS.HalfRes:0]]
[2023.03.05-23.15.17:365][  0]LogConfig: Setting CVar [[r.SSGI.Quality:3]]
[2023.03.05-23.15.17:365][  0]LogConfig: Setting CVar [[r.EmitterSpawnRateScale:1.0]]
[2023.03.05-23.15.17:365][  0]LogConfig: Setting CVar [[r.ParticleLightQuality:2]]
[2023.03.05-23.15.17:365][  0]LogConfig: Setting CVar [[r.SkyAtmosphere.AerialPerspectiveLUT.FastApplyOnOpaque:1 ; Always have FastSkyLUT 1 in this case to avoid wrong sky]]
[2023.03.05-23.15.17:365][  0]LogConfig: Setting CVar [[r.SkyAtmosphere.AerialPerspectiveLUT.SampleCountMaxPerSlice:4]]
[2023.03.05-23.15.17:365][  0]LogConfig: Setting CVar [[r.SkyAtmosphere.AerialPerspectiveLUT.DepthResolution:16.0]]
[2023.03.05-23.15.17:365][  0]LogConfig: Setting CVar [[r.SkyAtmosphere.FastSkyLUT:1]]
[2023.03.05-23.15.17:365][  0]LogConfig: Setting CVar [[r.SkyAtmosphere.FastSkyLUT.SampleCountMin:4.0]]
[2023.03.05-23.15.17:365][  0]LogConfig: Setting CVar [[r.SkyAtmosphere.FastSkyLUT.SampleCountMax:128.0]]
[2023.03.05-23.15.17:365][  0]LogConfig: Setting CVar [[r.SkyAtmosphere.SampleCountMin:4.0]]
[2023.03.05-23.15.17:365][  0]LogConfig: Setting CVar [[r.SkyAtmosphere.SampleCountMax:128.0]]
[2023.03.05-23.15.17:365][  0]LogConfig: Setting CVar [[r.SkyAtmosphere.TransmittanceLUT.UseSmallFormat:0]]
[2023.03.05-23.15.17:365][  0]LogConfig: Setting CVar [[r.SkyAtmosphere.TransmittanceLUT.SampleCount:10.0]]
[2023.03.05-23.15.17:365][  0]LogConfig: Setting CVar [[r.SkyAtmosphere.MultiScatteringLUT.SampleCount:15.0]]
[2023.03.05-23.15.17:365][  0]LogConfig: Setting CVar [[r.SkyLight.RealTimeReflectionCapture:1]]
[2023.03.05-23.15.17:365][  0]LogConfig: Applying CVar settings from Section [FoliageQuality@3] File [C:/Users/ggbat/Desktop/2022-2023-project-4-game-design-Team-8/MyProject/Saved/Config/Windows/Scalability.ini]
[2023.03.05-23.15.17:365][  0]LogConfig: Setting CVar [[foliage.DensityScale:1.0]]
[2023.03.05-23.15.17:365][  0]LogConfig: Setting CVar [[grass.DensityScale:1.0]]
[2023.03.05-23.15.17:365][  0]LogConfig: Applying CVar settings from Section [ShadingQuality@3] File [C:/Users/ggbat/Desktop/2022-2023-project-4-game-design-Team-8/MyProject/Saved/Config/Windows/Scalability.ini]
[2023.03.05-23.15.17:365][  0]LogConfig: Setting CVar [[r.HairStrands.SkyLighting.IntegrationType:2]]
[2023.03.05-23.15.17:365][  0]LogConfig: Setting CVar [[r.HairStrands.SkyAO.SampleCount:4]]
[2023.03.05-23.15.17:365][  0]LogConfig: Setting CVar [[r.HairStrands.Visibility.MSAA.SamplePerPixel:4]]
[2023.03.05-23.15.17:366][  0]LogConfig: Applying CVar settings from Section [Startup] File [../../../Engine/Config/ConsoleVariables.ini]
[2023.03.05-23.15.17:367][  0]LogConfig: Setting CVar [[net.UseAdaptiveNetUpdateFrequency:0]]
[2023.03.05-23.15.17:367][  0]LogConfig: Setting CVar [[p.chaos.AllowCreatePhysxBodies:1]]
[2023.03.05-23.15.17:367][  0]LogConfig: Setting CVar [[fx.SkipVectorVMBackendOptimizations:1]]
[2023.03.05-23.15.17:367][  0]LogConfig: Applying CVar settings from Section [ConsoleVariables] File [C:/Users/ggbat/Desktop/2022-2023-project-4-game-design-Team-8/MyProject/Saved/Config/Windows/Engine.ini]
[2023.03.05-23.15.17:367][  0]LogConfig: Applying CVar settings from Section [ConsoleVariables] File [C:/Users/ggbat/Desktop/2022-2023-project-4-game-design-Team-8/MyProject/Saved/Config/Windows/Editor.ini]
[2023.03.05-23.15.17:367][  0]LogInit: Computer: DESKTOP-E4U2PF8
[2023.03.05-23.15.17:367][  0]LogInit: User: ggbat
[2023.03.05-23.15.17:367][  0]LogInit: CPU Page size=4096, Cores=4
[2023.03.05-23.15.17:367][  0]LogInit: High frequency timer resolution =10.000000 MHz
[2023.03.05-23.15.17:367][  0]LogMemory: Memory total: Physical=15.9GB (16GB approx)
[2023.03.05-23.15.17:367][  0]LogMemory: Platform Memory Stats for Windows
[2023.03.05-23.15.17:367][  0]LogMemory: Process Physical Memory: 133.74 MB used, 133.75 MB peak
[2023.03.05-23.15.17:367][  0]LogMemory: Process Virtual Memory: 112.48 MB used, 112.48 MB peak
[2023.03.05-23.15.17:367][  0]LogMemory: Physical Memory: 8036.98 MB used,  8291.05 MB free, 16328.02 MB total
[2023.03.05-23.15.17:367][  0]LogMemory: Virtual Memory: 134209848.00 MB used,  7877.71 MB free, 134217728.00 MB total
[2023.03.05-23.15.17:375][  0]LogWindows: WindowsPlatformFeatures enabled
[2023.03.05-23.15.17:445][  0]LogInit: Physics initialised using underlying interface: PhysX
[2023.03.05-23.15.17:446][  0]LogInit: Using OS detected language (fr-FR).
[2023.03.05-23.15.17:446][  0]LogInit: Using OS detected locale (fr-FR).
[2023.03.05-23.15.17:471][  0]LogTextLocalizationManager: No specific localization for 'fr-FR' exists, so the 'fr' localization will be used.
[2023.03.05-23.15.17:471][  0]LogTextLocalizationResource: LocRes '../../../Engine/Content/Localization/Editor/fr/Editor.locres' could not be opened for reading!
[2023.03.05-23.15.17:471][  0]LogTextLocalizationResource: LocRes '../../../Engine/Content/Localization/EditorTutorials/fr/EditorTutorials.locres' could not be opened for reading!
[2023.03.05-23.15.17:471][  0]LogTextLocalizationResource: LocRes '../../../Engine/Content/Localization/Keywords/fr/Keywords.locres' could not be opened for reading!
[2023.03.05-23.15.17:471][  0]LogTextLocalizationResource: LocRes '../../../Engine/Content/Localization/Category/fr/Category.locres' could not be opened for reading!
[2023.03.05-23.15.17:472][  0]LogTextLocalizationResource: LocRes '../../../Engine/Content/Localization/ToolTips/fr/ToolTips.locres' could not be opened for reading!
[2023.03.05-23.15.17:472][  0]LogTextLocalizationResource: LocRes '../../../Engine/Content/Localization/PropertyNames/fr/PropertyNames.locres' could not be opened for reading!
[2023.03.05-23.15.17:473][  0]LogTextLocalizationResource: LocRes '../../../Engine/Content/Localization/Engine/fr/Engine.locres' could not be opened for reading!
[2023.03.05-23.15.18:398][  0]LogTargetPlatformManager: Display: Loaded TargetPlatform 'AllDesktop'
[2023.03.05-23.15.18:432][  0]LogTargetPlatformManager: Display: Loaded TargetPlatform 'Android'
[2023.03.05-23.15.18:432][  0]LogTargetPlatformManager: Display: Loaded TargetPlatform 'Android_ASTC'
[2023.03.05-23.15.18:432][  0]LogTargetPlatformManager: Display: Loaded TargetPlatform 'Android_DXT'
[2023.03.05-23.15.18:432][  0]LogTargetPlatformManager: Display: Loaded TargetPlatform 'Android_ETC2'
[2023.03.05-23.15.18:432][  0]LogTargetPlatformManager: Display: Loaded TargetPlatform 'AndroidClient'
[2023.03.05-23.15.18:432][  0]LogTargetPlatformManager: Display: Loaded TargetPlatform 'Android_ASTCClient'
[2023.03.05-23.15.18:432][  0]LogTargetPlatformManager: Display: Loaded TargetPlatform 'Android_DXTClient'
[2023.03.05-23.15.18:432][  0]LogTargetPlatformManager: Display: Loaded TargetPlatform 'Android_ETC2Client'
[2023.03.05-23.15.18:432][  0]LogTargetPlatformManager: Display: Loaded TargetPlatform 'Android_Multi'
[2023.03.05-23.15.18:432][  0]LogTargetPlatformManager: Display: Loaded TargetPlatform 'Android_MultiClient'
[2023.03.05-23.15.18:465][  0]LogTargetPlatformManager: Display: Loaded TargetPlatform 'IOSClient'
[2023.03.05-23.15.18:465][  0]LogTargetPlatformManager: Display: Loaded TargetPlatform 'IOS'
[2023.03.05-23.15.18:481][  0]LogTargetPlatformManager: Display: Loaded TargetPlatform 'Linux'
[2023.03.05-23.15.18:488][  0]LogTargetPlatformManager: Display: Loaded TargetPlatform 'LinuxNoEditor'
[2023.03.05-23.15.18:495][  0]LogTargetPlatformManager: Display: Loaded TargetPlatform 'LinuxClient'
[2023.03.05-23.15.18:502][  0]LogTargetPlatformManager: Display: Loaded TargetPlatform 'LinuxServer'
[2023.03.05-23.15.18:517][  0]LogTargetPlatformManager: Display: Loaded TargetPlatform 'LinuxAArch64NoEditor'
[2023.03.05-23.15.18:524][  0]LogTargetPlatformManager: Display: Loaded TargetPlatform 'LinuxAArch64Client'
[2023.03.05-23.15.18:530][  0]LogTargetPlatformManager: Display: Loaded TargetPlatform 'LinuxAArch64Server'
[2023.03.05-23.15.18:570][  0]LogTargetPlatformManager: Display: Loaded TargetPlatform 'Lumin'
[2023.03.05-23.15.18:570][  0]LogTargetPlatformManager: Display: Loaded TargetPlatform 'LuminClient'
[2023.03.05-23.15.18:584][  0]LogTargetPlatformManager: Display: Loaded TargetPlatform 'MacNoEditor'
[2023.03.05-23.15.18:590][  0]LogTargetPlatformManager: Display: Loaded TargetPlatform 'Mac'
[2023.03.05-23.15.18:597][  0]LogTargetPlatformManager: Display: Loaded TargetPlatform 'MacClient'
[2023.03.05-23.15.18:603][  0]LogTargetPlatformManager: Display: Loaded TargetPlatform 'MacServer'
[2023.03.05-23.15.18:619][  0]LogTargetPlatformManager: Display: Loaded TargetPlatform 'TVOSClient'
[2023.03.05-23.15.18:619][  0]LogTargetPlatformManager: Display: Loaded TargetPlatform 'TVOS'
[2023.03.05-23.15.18:635][  0]LogTargetPlatformManager: Display: Loaded TargetPlatform 'WindowsNoEditor'
[2023.03.05-23.15.18:643][  0]LogTargetPlatformManager: Display: Loaded TargetPlatform 'Windows'
[2023.03.05-23.15.18:650][  0]LogTargetPlatformManager: Display: Loaded TargetPlatform 'WindowsClient'
[2023.03.05-23.15.18:658][  0]LogTargetPlatformManager: Display: Loaded TargetPlatform 'WindowsServer'
[2023.03.05-23.15.18:658][  0]LogTargetPlatformManager: Display: Building Assets For Windows
[2023.03.05-23.15.18:672][  0]LogAudioDebug: Display: Lib vorbis DLL was dynamically loaded.
[2023.03.05-23.15.18:725][  0]LogTextureFormatOodle: Display: Oodle Texture 2.9.0 init RDO Off
[2023.03.05-23.15.18:780][  0]LogRendererCore: Ray tracing is disabled. Reason: r.RayTracing=0.
[2023.03.05-23.15.18:782][  0]LogDerivedDataCache: Display: Max Cache Size: 512 MB
[2023.03.05-23.15.19:269][  0]LogDerivedDataCache: Loaded boot cache 0.49s 106MB C:/Users/ggbat/AppData/Local/UnrealEngine/4.27/DerivedDataCache/Boot.ddc.
[2023.03.05-23.15.19:269][  0]LogDerivedDataCache: Display: Loaded Boot cache: C:/Users/ggbat/AppData/Local/UnrealEngine/4.27/DerivedDataCache/Boot.ddc
[2023.03.05-23.15.19:269][  0]LogDerivedDataCache: FDerivedDataBackendGraph:  Pak pak cache file ../../../../../../Users/ggbat/Desktop/2022-2023-project-4-game-design-Team-8/MyProject/DerivedDataCache/DDC.ddp not found, will not use a pak cache.
[2023.03.05-23.15.19:269][  0]LogDerivedDataCache: Unable to find inner node Pak for hierarchical cache Hierarchy.
[2023.03.05-23.15.19:269][  0]LogDerivedDataCache: FDerivedDataBackendGraph:  CompressedPak pak cache file ../../../../../../Users/ggbat/Desktop/2022-2023-project-4-game-design-Team-8/MyProject/DerivedDataCache/Compressed.ddp not found, will not use a pak cache.
[2023.03.05-23.15.19:269][  0]LogDerivedDataCache: Unable to find inner node CompressedPak for hierarchical cache Hierarchy.
[2023.03.05-23.15.19:294][  0]LogDerivedDataCache: Display: Pak cache opened for reading ../../../Engine/DerivedDataCache/Compressed.ddp.
[2023.03.05-23.15.19:294][  0]LogDerivedDataCache: FDerivedDataBackendGraph:  EnterprisePak pak cache file ../../../Enterprise/DerivedDataCache/Compressed.ddp not found, will not use a pak cache.
[2023.03.05-23.15.19:294][  0]LogDerivedDataCache: Unable to find inner node EnterprisePak for hierarchical cache Hierarchy.
[2023.03.05-23.15.19:378][  0]LogDerivedDataCache: Speed tests for C:/Users/ggbat/AppData/Local/UnrealEngine/Common/DerivedDataCache took 0.08 seconds
[2023.03.05-23.15.19:378][  0]LogDerivedDataCache: Display: Performance to C:/Users/ggbat/AppData/Local/UnrealEngine/Common/DerivedDataCache: Latency=0.06ms. RandomReadSpeed=76.80MBs, RandomWriteSpeed=13.01MBs. Assigned SpeedClass 'Local'
[2023.03.05-23.15.19:429][  0]LogDerivedDataCache: Using Local data cache path C:/Users/ggbat/AppData/Local/UnrealEngine/Common/DerivedDataCache: Writable
[2023.03.05-23.15.19:429][  0]LogDerivedDataCache: Shared data cache path not found in *engine.ini, will not use an Shared cache.
[2023.03.05-23.15.19:429][  0]LogDerivedDataCache: Unable to find inner node Shared for hierarchical cache Hierarchy.
[2023.03.05-23.15.19:438][  0]LogAssetRegistry: FAssetRegistry took 0.0026 seconds to start up
[2023.03.05-23.15.19:746][  0]LogInit: Selected Device Profile: [Windows]
[2023.03.05-23.15.19:746][  0]LogInit: Active device profile: [000001A5C4506E00][000001A5BF67CA40 49] Windows
[2023.03.05-23.15.19:746][  0]LogInit: Profiles: [000001A5C4506E00][000001A5BF67CA40 49] Windows, [000001A5C44C1400][000001A5BF68AD00 49] WindowsNoEditor, [000001A5C4505400][000001A5BF68EFC0 49] WindowsServer, [000001A5C44C2600][000001A5BF681240 49] WindowsClient, [000001A5C4506500][000001A5C4063500 49] IOS, [000001A5C44C1D00][000001A5C40677C0 49] iPadAir, [000001A5C4505C00][000001A5C406BA80 49] iPadAir2, [000001A5C447B500][000001A5C4084440 49] IPadPro, [000001A5C447B600][000001A5C406E480 49] iPadAir3, [000001A5C4507000][000001A5C407C740 49] iPadAir4, [000001A5C4479900][000001A5C4078A00 49] iPadMini2, [000001A5C4506B00][000001A5C4080CC0 49] iPadMini3, [000001A5C447B700][000001A5C408EF80 49] iPadMini4, [000001A5C4504100][000001A5BF693200 49] iPadMini5, [000001A5C4496E00][000001A5C40A7700 49] iPhone6, [000001A5C4496F00][000001A5C4093740 49] iPodTouch6, [000001A5C4478A00][000001A5C40AE100 49] iPhone7, [000001A5C4478900][000001A5C409E140 49] iPodTouch7, [000001A5C4495800][000001A5C40A2400 49] iPhone5S, [000001A5C447AE00][000001A5C409A6C0 49] iPhone6Plus, [000001A5C4496100][000001A5C40AA980 49] iPhone6S, [000001A5C447A400][000001A5C40B2C40 49] iPhone6SPlus, [000001A5C4495700][000001A5C40B6F00 49] iPhone7Plus, [000001A5C447BA00][000001A5C40BB1C0 49] iPhoneSE, [000001A5C4495A00][000001A5C4097440 49] iPhone8, [000001A5C447AC00][000001A5C40BF6C0 49] iPhone8Plus, [000001A5C4496000][000001A5C40C7980 49] iPhoneX, [000001A5C447A500][000001A5C40CA0C0 49] iPhoneXS, [000001A5C4496900][000001A5C40CE380 49] iPhoneXSMax, [000001A5C447B300][000001A5C40D2640 49] iPhoneXR, [000001A5C4497700][000001A5C40D6900 49] iPhone11, [000001A5C4478E00][000001A5C40DABC0 49] iPhone11Pro, [000001A5C4497500][000001A5C40DEE80 49] iPhone11ProMax, [000001A5C4479A00][000001A5C40E3140 49] iPhoneSE2, [000001A5C4495200][000001A5C40E7400 49] iPhone12Mini, [000001A5C4479E00][000001A5C40C3680 49] iPhone12, [000001A5C4496200][000001A5C40EB900 49] iPhone12Pro, [000001A5C4478700][000001A5C40F3BC0 49] iPhone12ProMax, [000001A5C4497800][000001A5C40F6300 49] iPadPro105, [000001A5C447AA00][000001A5C40FA5C0 49] iPadPro129, [000001A5C4494B00][000001A5C40FE880 49] iPadPro97, [000001A5C447B800][000001A5C4102B40 49] iPadPro2_129, [000001A5C4497D00][000001A5C4106E00 49] iPad5, [000001A5C447BD00][000001A5C410B0C0 49] iPad6, [000001A5C4496500][000001A5C410F380 49] iPad7, [000001A5C4478400][000001A5C4113640 49] iPad8, [000001A5C4497F00][000001A5C40EF8C0 49] iPadPro11, [000001A5C447BB00][000001A5C4117B40 49] iPadPro2_11, [000001A5C4496400][000001A5C411E280 49] iPadPro3_129, [000001A5C447BE00][000001A5C4122540 49] iPadPro4_129, [000001A5C4495300][000001A5C4126800 49] AppleTV, [000001A5C4548A00][000001A5C412AAC0 49] AppleTV4K, [000001A5C44C3A00][000001A5C412ED80 49] TVOS, [000001A5C4549900][000001A5C4133040 49] Mac, [000001A5C44C2200][000001A5C4137300 49] MacClient, [000001A5C4549200][000001A5C413B5C0 49] MacNoEditor, [000001A5C44C2A00][000001A5C413F880 49] MacServer, [000001A5C4548200][000001A5C411BB00 49] Linux, [000001A5C44C0D00][000001A5C4142200 49] LinuxAArch64, [000001A5C4549300][000001A5C414A4C0 49] LinuxNoEditor, [000001A5C44C1500][000001A5C414E780 49] LinuxAArch64NoEditor, [000001A5C4549600][000001A5C4152A40 49] LinuxClient, [000001A5C44C2E00][000001A5C4156D00 49] LinuxAArch64Client, [000001A5C4549500][000001A5C415AFC0 49] LinuxServer, [000001A5C44C3500][000001A5C415F280 49] LinuxAArch64Server, [000001A5C4549D00][000001A5C4163540 49] Android, [000001A5C44C1E00][000001A5C4167800 49] Android_Low, [000001A5C4549C00][000001A5C416BAC0 49] Android_Mid, [000001A5C44C2900][000001A5C41461C0 49] Android_High, [000001A5C4495E00][000001A5C416E440 49] Android_Default, [000001A5C447A100][000001A5C4176700 49] Android_Adreno4xx, [000001A5C4495000][000001A5C417A9C0 49] Android_Adreno5xx_Low, [000001A5C447B900][000001A5C417EC80 49] Android_Adreno5xx, [000001A5C4495900][000001A5C4182F40 49] Android_Adreno6xx, [000001A5C4478C00][000001A5C4187200 49] Android_Adreno6xx_Vulkan, [000001A5C4495400][000001A5C418B4C0 49] Android_Mali_T6xx, [000001A5C447A200][000001A5C418F780 49] Android_Mali_T7xx, [000001A5C4494F00][000001A5C4193A40 49] Android_Mali_T8xx, [000001A5C4479300][000001A5C4196180 49] Android_Mali_G71, [000001A5C4496B00][000001A5C4172400 49] Android_Mali_G72, [000001A5C4479600][000001A5C419A680 49] Android_Mali_G72_Vulkan, [000001A5C4497C00][000001A5C41A2940 49] Android_Mali_G76, [000001A5C447B200][000001A5C41A6C00 49] Android_Mali_G76_Vulkan, [000001A5C4496700][000001A5C41AAEC0 49] Android_Mali_G77, [000001A5C4478800][000001A5C41AF180 49] Android_Mali_G77_Vulkan, [000001A5C4495100][000001A5C41B3440 49] Android_Mali_G78, [000001A5C4479400][000001A5C41B7700 49] Android_Mali_G78_Vulkan, [000001A5C4495F00][000001A5C41BB9C0 49] Android_Mali_G710, [000001A5C4478500][000001A5C41BE100 49] Android_Mali_G710_Vulkan, [000001A5C4548600][000001A5C41C23C0 49] Android_Vulkan_SM5, [000001A5C4478600][000001A5C419E640 49] Android_PowerVR_G6xxx, [000001A5C4549800][000001A5C41C68C0 49] Android_PowerVR_GT7xxx, [000001A5C4479C00][000001A5C41CEB80 49] Android_PowerVR_GE8xxx, [000001A5C4549B00][000001A5C41D2E40 49] Android_PowerVR_GM9xxx, [000001A5C447AF00][000001A5C41D7100 49] Android_PowerVR_GM9xxx_Vulkan, [000001A5C4548100][000001A5C41DB3C0 49] Android_TegraK1, [000001A5C447A300][000001A5C41DF680 49] Android_Unknown_Vulkan, [000001A5C4548800][000001A5C41E3940 49] Lumin, [000001A5C447AD00][000001A5C41E7C00 49] Lumin_Desktop, [000001A5C4494D00][000001A5C41EA340 49] HoloLens, 
[2023.03.05-23.15.19:804][  0]LogMeshReduction: Using QuadricMeshReduction for automatic static mesh reduction
[2023.03.05-23.15.19:804][  0]LogMeshReduction: Using SimplygonMeshReduction for automatic skeletal mesh reduction
[2023.03.05-23.15.19:804][  0]LogMeshReduction: Using ProxyLODMeshReduction for automatic mesh merging
[2023.03.05-23.15.19:804][  0]LogMeshReduction: No distributed automatic mesh merging module available
[2023.03.05-23.15.19:804][  0]LogMeshMerging: No distributed automatic mesh merging module available
[2023.03.05-23.15.19:828][  0]LogNetVersion: MyProject 1.0.0, NetCL: 17155196, EngineNetVer: 17, GameNetVer: 0 (Checksum: 3629800737)
[2023.03.05-23.15.20:094][  0]LogHMD: PokeAHoleMaterial loaded successfully
[2023.03.05-23.15.20:272][  0]LogCollectionManager: Loaded 0 collections in 0.002323 seconds
[2023.03.05-23.15.20:397][  0]LogFileCache: Scanning file cache for directory 'C:/Users/ggbat/Desktop/2022-2023-project-4-game-design-Team-8/MyProject/Saved/Collections/' took 0.03s
[2023.03.05-23.15.20:397][  0]LogFileCache: Scanning file cache for directory 'C:/Users/ggbat/Desktop/2022-2023-project-4-game-design-Team-8/MyProject/Content/Developers/ggbat/Collections/' took 0.04s
[2023.03.05-23.15.20:397][  0]LogFileCache: Scanning file cache for directory 'C:/Users/ggbat/Desktop/2022-2023-project-4-game-design-Team-8/MyProject/Content/Collections/' took 0.05s
[2023.03.05-23.15.20:397][  0]LogCollectionManager: Fixed up redirectors for 0 collections in 0.000003 seconds (updated 0 objects)
[2023.03.05-23.15.20:669][  0]LogPython: Using Python 3.7.7
[2023.03.05-23.15.21:359][  0]LogNiagaraDebuggerClient: Niagara Debugger Client Initialized | Session: BE23384E449D3319F0CCCB84869A7B10 | Instance: 9EB7A51F40BCCF1B709317B0E74A0D72 (DESKTOP-E4U2PF8-13500).
[2023.03.05-23.15.21:629][  0]LogOutputDevice: Warning: 

Script Stack (0 frames):

[2023.03.05-23.15.21:700][  0]LogStats: FPlatformStackWalk::StackWalkAndDump -  0.071 s
[2023.03.05-23.15.21:700][  0]LogOutputDevice: Error: === Handled ensure: ===
[2023.03.05-23.15.21:700][  0]LogOutputDevice: Error: 
[2023.03.05-23.15.21:700][  0]LogOutputDevice: Error: Ensure condition failed: InParent != this [File:D:/Build/++UE4/Sync/Engine/Source/Runtime/Engine/Private/Components/SceneComponent.cpp] [Line: 1752]
[2023.03.05-23.15.21:700][  0]LogOutputDevice: Error: Cannot attach a component to itself.
[2023.03.05-23.15.21:700][  0]LogOutputDevice: Error: Stack: 
[2023.03.05-23.15.21:700][  0]LogOutputDevice: Error: [Callstack] 0x00007ffec8cf3c59 UE4Editor-Engine.dll!UnknownFunction []
[2023.03.05-23.15.21:700][  0]LogOutputDevice: Error: [Callstack] 0x00007ffec7765b24 UE4Editor-Engine.dll!UnknownFunction []
[2023.03.05-23.15.21:700][  0]LogOutputDevice: Error: [Callstack] 0x00007ffea9d323ef UE4Editor-MyProject-2723.dll!AActorToSpawn::AActorToSpawn() [C:\Users\ggbat\Documents\Unreal Projects\MyProject\Source\MyProject\ActorToSpawn.cpp:32]
[2023.03.05-23.15.21:700][  0]LogOutputDevice: Error: [Callstack] 0x00007ffecbeb61d3 UE4Editor-CoreUObject.dll!UnknownFunction []
[2023.03.05-23.15.21:700][  0]LogOutputDevice: Error: [Callstack] 0x00007ffecc1d8faf UE4Editor-CoreUObject.dll!UnknownFunction []
[2023.03.05-23.15.21:700][  0]LogOutputDevice: Error: [Callstack] 0x00007ffecc1b5411 UE4Editor-CoreUObject.dll!UnknownFunction []
[2023.03.05-23.15.21:700][  0]LogOutputDevice: Error: [Callstack] 0x00007ffecc07ddc5 UE4Editor-CoreUObject.dll!UnknownFunction []
[2023.03.05-23.15.21:700][  0]LogOutputDevice: Error: [Callstack] 0x00007ffeca531bea UE4Editor-Core.dll!UnknownFunction []
[2023.03.05-23.15.21:700][  0]LogOutputDevice: Error: [Callstack] 0x00007ffeca5515a3 UE4Editor-Core.dll!UnknownFunction []
[2023.03.05-23.15.21:700][  0]LogOutputDevice: Error: [Callstack] 0x00007ffec6dc6433 UE4Editor-Projects.dll!UnknownFunction []
[2023.03.05-23.15.21:700][  0]LogOutputDevice: Error: [Callstack] 0x00007ffec6dc674f UE4Editor-Projects.dll!UnknownFunction []
[2023.03.05-23.15.21:700][  0]LogOutputDevice: Error: [Callstack] 0x00007ff73d1b5642 UE4Editor-Cmd.exe!UnknownFunction []
[2023.03.05-23.15.21:700][  0]LogOutputDevice: Error: [Callstack] 0x00007ff73d1b9000 UE4Editor-Cmd.exe!UnknownFunction []
[2023.03.05-23.15.21:700][  0]LogOutputDevice: Error: [Callstack] 0x00007ff73d1b0d2c UE4Editor-Cmd.exe!UnknownFunction []
[2023.03.05-23.15.21:700][  0]LogOutputDevice: Error: [Callstack] 0x00007ff73d1b10ba UE4Editor-Cmd.exe!UnknownFunction []
[2023.03.05-23.15.21:700][  0]LogOutputDevice: Error: [Callstack] 0x00007ff73d1b40dd UE4Editor-Cmd.exe!UnknownFunction []
[2023.03.05-23.15.21:700][  0]LogOutputDevice: Error: [Callstack] 0x00007ff73d1c5984 UE4Editor-Cmd.exe!UnknownFunction []
[2023.03.05-23.15.21:700][  0]LogOutputDevice: Error: [Callstack] 0x00007ff73d1c78be UE4Editor-Cmd.exe!UnknownFunction []
[2023.03.05-23.15.21:700][  0]LogOutputDevice: Error: [Callstack] 0x00007fff6cdd7614 KERNEL32.DLL!UnknownFunction []
[2023.03.05-23.15.21:700][  0]LogOutputDevice: Error: [Callstack] 0x00007fff6de426a1 ntdll.dll!UnknownFunction []
[2023.03.05-23.15.21:700][  0]LogOutputDevice: Error: 
[2023.03.05-23.15.21:751][  0]LogStats:                SubmitErrorReport -  0.000 s
[2023.03.05-23.15.23:642][  0]LogStats:                    SendNewReport -  1.890 s
[2023.03.05-23.15.23:642][  0]LogStats:             FDebug::EnsureFailed -  2.013 s
[2023.03.05-23.15.24:068][  0]SourceControl: Source control is disabled
[2023.03.05-23.15.24:069][  0]SourceControl: Source control is disabled
[2023.03.05-23.15.24:075][  0]SourceControl: Source control is disabled
[2023.03.05-23.15.24:079][  0]SourceControl: Source control is disabled
[2023.03.05-23.15.24:088][  0]SourceControl: Source control is disabled
[2023.03.05-23.15.24:097][  0]LogUProjectInfo: Found projects:
[2023.03.05-23.15.24:984][  0]LogOpenImageDenoise: OIDN starting up
[2023.03.05-23.15.25:039][  0]LogAndroidPermission: UAndroidPermissionCallbackProxy::GetInstance
[2023.03.05-23.15.25:066][  0]LogAudioCaptureCore: Display: No Audio Capture implementations found. Audio input will be silent.
[2023.03.05-23.15.25:066][  0]LogAudioCaptureCore: Display: No Audio Capture implementations found. Audio input will be silent.
[2023.03.05-23.15.25:303][  0]LogOcInput: OculusInput pre-init called
[2023.03.05-23.15.25:357][  0]LogUObjectArray: 24306 objects as part of root set at end of initial load.
[2023.03.05-23.15.25:357][  0]LogUObjectAllocator: 6926144 out of 0 bytes used by permanent object pool.
[2023.03.05-23.15.25:357][  0]LogUObjectArray: CloseDisregardForGC: 0/0 objects in disregard for GC pool
[2023.03.05-23.15.25:369][  0]LogInit: Error: VisualStudioToolsCommandlet looked like a commandlet, but we could not find the class.
[2023.03.05-23.15.25:369][  0]LogCore: Engine exit requested (reason: Failed to find commandlet class VisualStudioToolsCommandlet)
[2023.03.05-23.15.25:369][  0]LogCore: Engine exit requested (reason: EngineExit() was called; note: exit was already requested)
[2023.03.05-23.15.25:369][  0]LogExit: Preparing to exit.
[2023.03.05-23.15.25:383][  0]LogUObjectHash: Compacting FUObjectHashTables data took   0.98ms
[2023.03.05-23.15.25:432][  0]LogDemo: Cleaned up 0 splitscreen connections with owner deletion
[2023.03.05-23.15.25:480][  0]LogExit: Object subsystem successfully closed.
[2023.03.05-23.15.25:519][  0]LogModuleManager: Shutting down and abandoning module AudioSynesthesiaEditor (596)
[2023.03.05-23.15.25:520][  0]LogModuleManager: Shutting down and abandoning module OculusEditor (594)
[2023.03.05-23.15.25:520][  0]LogModuleManager: Shutting down and abandoning module OculusInput (592)
[2023.03.05-23.15.25:520][  0]LogModuleManager: Shutting down and abandoning module ContentBrowserFileDataSource (590)
[2023.03.05-23.15.25:520][  0]LogModuleManager: Shutting down and abandoning module ContentBrowserClassDataSource (588)
[2023.03.05-23.15.25:520][  0]LogModuleManager: Shutting down and abandoning module ContentBrowserAssetDataSource (586)
[2023.03.05-23.15.25:520][  0]LogModuleManager: Shutting down and abandoning module ToolMenus (585)
[2023.03.05-23.15.25:520][  0]LogModuleManager: Shutting down and abandoning module AssetTags (582)
[2023.03.05-23.15.25:520][  0]LogModuleManager: Shutting down and abandoning module TakeSequencer (580)
[2023.03.05-23.15.25:520][  0]LogModuleManager: Shutting down and abandoning module TakeMovieScene (578)
[2023.03.05-23.15.25:520][  0]LogModuleManager: Shutting down and abandoning module ScreenshotTools (576)
[2023.03.05-23.15.25:520][  0]LogModuleManager: Shutting down and abandoning module SynthesisEditor (574)
[2023.03.05-23.15.25:520][  0]LogModuleManager: Shutting down and abandoning module Synthesis (572)
[2023.03.05-23.15.25:520][  0]LogModuleManager: Shutting down and abandoning module ProceduralMeshComponentEditor (570)
[2023.03.05-23.15.25:520][  0]LogModuleManager: Shutting down and abandoning module ProceduralMeshComponent (568)
[2023.03.05-23.15.25:520][  0]LogModuleManager: Shutting down and abandoning module OpenXREditor (566)
[2023.03.05-23.15.25:520][  0]LogModuleManager: Shutting down and abandoning module MobilePatchingUtils (564)
[2023.03.05-23.15.25:520][  0]LogModuleManager: Shutting down and abandoning module GooglePAD (562)
[2023.03.05-23.15.25:520][  0]LogModuleManager: Shutting down and abandoning module EditableMesh (560)
[2023.03.05-23.15.25:520][  0]LogModuleManager: Shutting down and abandoning module CustomMeshComponent (558)
[2023.03.05-23.15.25:520][  0]LogModuleManager: Shutting down and abandoning module CableComponent (556)
[2023.03.05-23.15.25:520][  0]LogModuleManager: Shutting down and abandoning module TemplateSequence (554)
[2023.03.05-23.15.25:520][  0]LogModuleManager: Shutting down and abandoning module AudioCapture (552)
[2023.03.05-23.15.25:520][  0]LogModuleManager: Shutting down and abandoning module AudioCaptureRtAudio (551)
[2023.03.05-23.15.25:520][  0]LogModuleManager: Shutting down and abandoning module ArchVisCharacter (548)
[2023.03.05-23.15.25:520][  0]LogModuleManager: Shutting down and abandoning module AppleImageUtilsBlueprintSupport (546)
[2023.03.05-23.15.25:520][  0]LogModuleManager: Shutting down and abandoning module AppleImageUtils (544)
[2023.03.05-23.15.25:520][  0]LogModuleManager: Shutting down and abandoning module AndroidPermission (542)
[2023.03.05-23.15.25:520][  0]LogModuleManager: Shutting down and abandoning module ActorLayerUtilitiesEditor (540)
[2023.03.05-23.15.25:520][  0]LogModuleManager: Shutting down and abandoning module ActorLayerUtilities (538)
[2023.03.05-23.15.25:520][  0]LogModuleManager: Shutting down and abandoning module MediaCompositing (536)
[2023.03.05-23.15.25:520][  0]LogModuleManager: Shutting down and abandoning module MagicLeapSharedWorld (534)
[2023.03.05-23.15.25:520][  0]LogModuleManager: Shutting down and abandoning module MagicLeapLightEstimation (532)
[2023.03.05-23.15.25:520][  0]LogModuleManager: Shutting down and abandoning module MagicLeapHelperVulkan (530)
[2023.03.05-23.15.25:520][  0]LogModuleManager: Shutting down and abandoning module MagicLeapHelperOpenGL (528)
[2023.03.05-23.15.25:520][  0]LogModuleManager: Shutting down and abandoning module MagicLeapAudio (526)
[2023.03.05-23.15.25:520][  0]LogModuleManager: Shutting down and abandoning module NiagaraEditorWidgets (524)
[2023.03.05-23.15.25:520][  0]LogModuleManager: Shutting down and abandoning module OpenImageDenoise (522)
[2023.03.05-23.15.25:520][  0]LogOpenImageDenoise: OIDN shutting down
[2023.03.05-23.15.25:520][  0]LogModuleManager: Shutting down and abandoning module MotoSynthEditor (520)
[2023.03.05-23.15.25:520][  0]LogModuleManager: Shutting down and abandoning module MotoSynth (518)
[2023.03.05-23.15.25:520][  0]LogModuleManager: Shutting down and abandoning module MeshConversion (516)
[2023.03.05-23.15.25:520][  0]LogModuleManager: Shutting down and abandoning module DynamicMesh (514)
[2023.03.05-23.15.25:520][  0]LogModuleManager: Shutting down and abandoning module GeometryAlgorithms (512)
[2023.03.05-23.15.25:521][  0]LogModuleManager: Shutting down and abandoning module GeometricObjects (510)
[2023.03.05-23.15.25:521][  0]LogModuleManager: Shutting down and abandoning module GeometryCollectionTracks (508)
[2023.03.05-23.15.25:521][  0]LogModuleManager: Shutting down and abandoning module GeometryCollectionSequencer (507)
[2023.03.05-23.15.25:521][  0]LogModuleManager: Shutting down and abandoning module GeometryCollectionEditor (504)
[2023.03.05-23.15.25:521][  0]LogModuleManager: Shutting down and abandoning module GeometryCacheTracks (502)
[2023.03.05-23.15.25:521][  0]LogModuleManager: Shutting down and abandoning module GeometryCacheStreamer (500)
[2023.03.05-23.15.25:521][  0]LogModuleManager: Shutting down and abandoning module GeometryCacheSequencer (498)
[2023.03.05-23.15.25:521][  0]LogModuleManager: Shutting down and abandoning module ChaosSolverEditor (496)
[2023.03.05-23.15.25:521][  0]LogModuleManager: Shutting down and abandoning module ChaosNiagara (494)
[2023.03.05-23.15.25:521][  0]LogModuleManager: Shutting down and abandoning module FractureEditor (492)
[2023.03.05-23.15.25:521][  0]LogModuleManager: Shutting down and abandoning module FieldSystemEngine (491)
[2023.03.05-23.15.25:521][  0]LogModuleManager: Shutting down and abandoning module ChaosClothEditor (488)
[2023.03.05-23.15.25:521][  0]LogModuleManager: Shutting down and abandoning module AutomationUtilsEditor (486)
[2023.03.05-23.15.25:521][  0]LogModuleManager: Shutting down and abandoning module AutomationUtils (484)
[2023.03.05-23.15.25:521][  0]LogModuleManager: Shutting down and abandoning module AlembicImporter (482)
[2023.03.05-23.15.25:521][  0]LogModuleManager: Shutting down and abandoning module AlembicLibrary (481)
[2023.03.05-23.15.25:521][  0]LogModuleManager: Shutting down and abandoning module GeometryCache (480)
[2023.03.05-23.15.25:521][  0]LogModuleManager: Shutting down and abandoning module GeometryCacheEd (479)
[2023.03.05-23.15.25:521][  0]LogModuleManager: Shutting down and abandoning module VariantManagerContentEditor (474)
[2023.03.05-23.15.25:521][  0]LogModuleManager: Shutting down and abandoning module DatasmithContentEditor (472)
[2023.03.05-23.15.25:521][  0]LogModuleManager: Shutting down and abandoning module SpeedTreeImporter (470)
[2023.03.05-23.15.25:521][  0]LogModuleManager: Shutting down and abandoning module PluginBrowser (468)
[2023.03.05-23.15.25:521][  0]LogModuleManager: Shutting down and abandoning module MobileLauncherProfileWizard (466)
[2023.03.05-23.15.25:521][  0]LogModuleManager: Shutting down and abandoning module MaterialAnalyzer (464)
[2023.03.05-23.15.25:521][  0]LogModuleManager: Shutting down and abandoning module CurveEditorTools (462)
[2023.03.05-23.15.25:521][  0]LogModuleManager: Shutting down and abandoning module CryptoKeysOpenSSL (460)
[2023.03.05-23.15.25:521][  0]LogModuleManager: Shutting down and abandoning module CryptoKeys (458)
[2023.03.05-23.15.25:521][  0]LogModuleManager: Shutting down and abandoning module VisualStudioCodeSourceCodeAccess (456)
[2023.03.05-23.15.25:521][  0]LogModuleManager: Shutting down and abandoning module VisualStudioSourceCodeAccess (454)
[2023.03.05-23.15.25:521][  0]LogModuleManager: Shutting down and abandoning module UObjectPlugin (452)
[2023.03.05-23.15.25:521][  0]LogModuleManager: Shutting down and abandoning module SubversionSourceControl (450)
[2023.03.05-23.15.25:521][  0]LogModuleManager: Shutting down and abandoning module PluginUtils (448)
[2023.03.05-23.15.25:521][  0]LogModuleManager: Shutting down and abandoning module PlasticSourceControl (446)
[2023.03.05-23.15.25:521][  0]LogModuleManager: Shutting down and abandoning module PerforceSourceControl (444)
[2023.03.05-23.15.25:521][  0]LogModuleManager: Shutting down and abandoning module GitSourceControl (442)
[2023.03.05-23.15.25:521][  0]LogModuleManager: Shutting down and abandoning module SourceControl (441)
[2023.03.05-23.15.25:521][  0]LogModuleManager: Shutting down and abandoning module CLionSourceCodeAccess (438)
[2023.03.05-23.15.25:521][  0]LogModuleManager: Shutting down and abandoning module AnimationSharingEd (436)
[2023.03.05-23.15.25:521][  0]LogModuleManager: Shutting down and abandoning module OodleNetworkHandlerComponent (434)
[2023.03.05-23.15.25:521][  0]LogModuleManager: Shutting down and abandoning module LightPropagationVolumeEditor (432)
[2023.03.05-23.15.25:521][  0]LogModuleManager: Shutting down and abandoning module LiveLinkSequencer (430)
[2023.03.05-23.15.25:522][  0]LogModuleManager: Shutting down and abandoning module LiveLinkMovieScene (428)
[2023.03.05-23.15.25:522][  0]LogModuleManager: Shutting down and abandoning module LiveLinkGraphNode (426)
[2023.03.05-23.15.25:522][  0]LogModuleManager: Shutting down and abandoning module LiveLinkEditor (424)
[2023.03.05-23.15.25:522][  0]LogModuleManager: Shutting down and abandoning module LiveLinkComponents (422)
[2023.03.05-23.15.25:522][  0]LogModuleManager: Shutting down and abandoning module LiveLink (420)
[2023.03.05-23.15.25:949][  0]LogModuleManager: Shutting down and abandoning module PaperTiledImporter (418)
[2023.03.05-23.15.25:949][  0]LogModuleManager: Shutting down and abandoning module PaperSpriteSheetImporter (416)
[2023.03.05-23.15.25:949][  0]LogModuleManager: Shutting down and abandoning module Paper2DEditor (414)
[2023.03.05-23.15.25:949][  0]LogModuleManager: Shutting down and abandoning module MeshPaintingToolset (412)
[2023.03.05-23.15.25:949][  0]LogModuleManager: Shutting down and abandoning module MeshPaintEditorMode (410)
[2023.03.05-23.15.25:949][  0]LogModuleManager: Shutting down and abandoning module MyProject (408)
[2023.03.05-23.15.25:949][  0]LogModuleManager: Shutting down and abandoning module AnimGraph (407)
[2023.03.05-23.15.25:949][  0]LogModuleManager: Shutting down and abandoning module SoundFields (404)
[2023.03.05-23.15.25:950][  0]LogModuleManager: Shutting down and abandoning module SignificanceManager (402)
[2023.03.05-23.15.25:950][  0]LogModuleManager: Shutting down and abandoning module RuntimePhysXCooking (400)
[2023.03.05-23.15.25:950][  0]LogModuleManager: Shutting down and abandoning module PropertyAccessEditor (398)
[2023.03.05-23.15.25:950][  0]LogModuleManager: Shutting down and abandoning module PhysXVehiclesEditor (396)
[2023.03.05-23.15.25:950][  0]LogModuleManager: Shutting down and abandoning module LocationServicesBPLibrary (392)
[2023.03.05-23.15.25:950][  0]LogModuleManager: Shutting down and abandoning module AudioSynesthesia (390)
[2023.03.05-23.15.25:950][  0]LogModuleManager: Shutting down and abandoning module AudioSynesthesiaCore (388)
[2023.03.05-23.15.25:950][  0]LogModuleManager: Shutting down and abandoning module ActorSequence (386)
[2023.03.05-23.15.25:950][  0]LogModuleManager: Shutting down and abandoning module UdpMessaging (384)
[2023.03.05-23.15.25:950][  0]LogModuleManager: Shutting down and abandoning module TcpMessaging (382)
[2023.03.05-23.15.25:950][  0]LogModuleManager: Shutting down and abandoning module MagicLeapARPin (380)
[2023.03.05-23.15.25:950][  0]LogModuleManager: Shutting down and abandoning module MagicLeapHandMeshing (378)
[2023.03.05-23.15.25:950][  0]LogModuleManager: Shutting down and abandoning module MagicLeapSecureStorage (376)
[2023.03.05-23.15.25:950][  0]LogModuleManager: Shutting down and abandoning module MagicLeapPrivileges (374)
[2023.03.05-23.15.25:950][  0]LogModuleManager: Shutting down and abandoning module MagicLeapPlanes (372)
[2023.03.05-23.15.25:950][  0]LogMagicLeapPlanes: Planes tracker already destroyed.
[2023.03.05-23.15.25:950][  0]LogModuleManager: Shutting down and abandoning module MagicLeapImageTracker (370)
[2023.03.05-23.15.25:950][  0]LogModuleManager: Shutting down and abandoning module MagicLeapIdentity (368)
[2023.03.05-23.15.25:950][  0]LogModuleManager: Shutting down and abandoning module MagicLeapHandTracking (366)
[2023.03.05-23.15.25:950][  0]LogModuleManager: Shutting down and abandoning module MagicLeapEyeTracker (364)
[2023.03.05-23.15.25:950][  0]LogModuleManager: Shutting down and abandoning module MagicLeapController (362)
[2023.03.05-23.15.25:950][  0]LogModuleManager: Shutting down and abandoning module MagicLeapARPinImpl (360)
[2023.03.05-23.15.25:950][  0]LogModuleManager: Shutting down and abandoning module MagicLeapAR (358)
[2023.03.05-23.15.25:950][  0]LogModuleManager: Shutting down and abandoning module NiagaraAnimNotifies (356)
[2023.03.05-23.15.25:950][  0]LogModuleManager: Shutting down and abandoning module Niagara (354)
[2023.03.05-23.15.25:950][  0]LogModuleManager: Shutting down and abandoning module SignalProcessing (353)
[2023.03.05-23.15.25:950][  0]LogModuleManager: Shutting down and abandoning module NiagaraEditor (351)
[2023.03.05-23.15.25:950][  0]LogModuleManager: Shutting down and abandoning module NiagaraCore (348)
[2023.03.05-23.15.25:950][  0]LogModuleManager: Shutting down and abandoning module PythonScriptPlugin (346)
[2023.03.05-23.15.25:950][  0]LogModuleManager: Shutting down and abandoning module GameplayTagsEditor (344)
[2023.03.05-23.15.25:950][  0]LogModuleManager: Shutting down and abandoning module FacialAnimationEditor (342)
[2023.03.05-23.15.25:951][  0]LogModuleManager: Shutting down and abandoning module FacialAnimation (340)
[2023.03.05-23.15.25:951][  0]LogModuleManager: Shutting down and abandoning module DataValidation (338)
[2023.03.05-23.15.25:951][  0]LogModuleManager: Shutting down and abandoning module AssetManagerEditor (336)
[2023.03.05-23.15.25:951][  0]LogModuleManager: Shutting down and abandoning module TreeMap (335)
[2023.03.05-23.15.25:951][  0]LogModuleManager: Shutting down and abandoning module PropertyAccessNode (332)
[2023.03.05-23.15.25:951][  0]LogModuleManager: Shutting down and abandoning module AnimationSharing (330)
[2023.03.05-23.15.25:951][  0]LogModuleManager: Shutting down and abandoning module EnvironmentQueryEditor (328)
[2023.03.05-23.15.25:951][  0]LogModuleManager: Shutting down and abandoning module GameplayCameras (326)
[2023.03.05-23.15.25:951][  0]LogModuleManager: Shutting down and abandoning module LightPropagationVolumeRuntime (324)
[2023.03.05-23.15.25:951][  0]LogModuleManager: Shutting down and abandoning module Paper2D (322)
[2023.03.05-23.15.25:951][  0]LogModuleManager: Shutting down and abandoning module NetworkReplayStreaming (320)
[2023.03.05-23.15.25:951][  0]LogModuleManager: Shutting down and abandoning module PacketHandler (318)
[2023.03.05-23.15.25:951][  0]LogModuleManager: Shutting down and abandoning module ClothingSystemEditor (316)
[2023.03.05-23.15.25:951][  0]LogModuleManager: Shutting down and abandoning module ClothingSystemRuntimeNv (314)
[2023.03.05-23.15.25:951][  0]LogModuleManager: Shutting down and abandoning module MediaAssets (312)
[2023.03.05-23.15.25:951][  0]LogModuleManager: Shutting down and abandoning module Overlay (310)
[2023.03.05-23.15.25:951][  0]LogModuleManager: Shutting down and abandoning module OverlayEditor (309)
[2023.03.05-23.15.25:951][  0]LogModuleManager: Shutting down and abandoning module Blutility (306)
[2023.03.05-23.15.25:951][  0]LogModuleManager: Shutting down and abandoning module LevelEditor (305)
[2023.03.05-23.15.25:952][  0]LogModuleManager: Shutting down and abandoning module PixelInspectorModule (304)
[2023.03.05-23.15.25:952][  0]LogModuleManager: Shutting down and abandoning module CommonMenuExtensions (302)
[2023.03.05-23.15.25:952][  0]LogModuleManager: Shutting down and abandoning module MainFrame (300)
[2023.03.05-23.15.25:952][  0]LogModuleManager: Shutting down and abandoning module HotReload (299)
[2023.03.05-23.15.25:952][  0]LogModuleManager: Shutting down and abandoning module ContentBrowser (295)
[2023.03.05-23.15.25:952][  0]LogModuleManager: Shutting down and abandoning module CollectionManager (294)
[2023.03.05-23.15.25:952][  0]LogModuleManager: Shutting down and abandoning module ContentBrowserData (292)
[2023.03.05-23.15.25:953][  0]LogModuleManager: Shutting down and abandoning module IntroTutorials (288)
[2023.03.05-23.15.25:953][  0]LogModuleManager: Shutting down and abandoning module VREditor (286)
[2023.03.05-23.15.25:953][  0]LogModuleManager: Shutting down and abandoning module StringTableEditor (284)
[2023.03.05-23.15.25:953][  0]LogModuleManager: Shutting down and abandoning module GameplayTasksEditor (282)
[2023.03.05-23.15.25:953][  0]LogModuleManager: Shutting down and abandoning module BehaviorTreeEditor (280)
[2023.03.05-23.15.25:953][  0]LogModuleManager: Shutting down and abandoning module FunctionalTesting (278)
[2023.03.05-23.15.25:953][  0]LogModuleManager: Shutting down and abandoning module CollisionAnalyzer (276)
[2023.03.05-23.15.25:953][  0]LogModuleManager: Shutting down and abandoning module WorkspaceMenuStructure (275)
[2023.03.05-23.15.25:953][  0]LogModuleManager: Shutting down and abandoning module UMG (272)
[2023.03.05-23.15.25:953][  0]LogModuleManager: Shutting down and abandoning module UMGEditor (271)
[2023.03.05-23.15.25:953][  0]LogModuleManager: Shutting down and abandoning module MessageLog (269)
[2023.03.05-23.15.25:953][  0]LogModuleManager: Shutting down and abandoning module SlateReflector (264)
[2023.03.05-23.15.25:953][  0]LogModuleManager: Shutting down and abandoning module Slate (262)
[2023.03.05-23.15.25:953][  0]LogModuleManager: Shutting down and abandoning module SlateCore (260)
[2023.03.05-23.15.25:954][  0]LogModuleManager: Shutting down and abandoning module LandscapeEditorUtilities (258)
[2023.03.05-23.15.25:954][  0]LogModuleManager: Shutting down and abandoning module UnrealEd (256)
[2023.03.05-23.15.25:954][  0]LogModuleManager: Shutting down and abandoning module MRMesh (254)
[2023.03.05-23.15.25:954][  0]LogModuleManager: Shutting down and abandoning module SourceCodeAccess (252)
[2023.03.05-23.15.25:954][  0]LogModuleManager: Shutting down and abandoning module HeadMountedDisplay (250)
[2023.03.05-23.15.25:954][  0]LogModuleManager: Shutting down and abandoning module XAudio2 (248)
[2023.03.05-23.15.25:954][  0]LogModuleManager: Shutting down and abandoning module Networking (246)
[2023.03.05-23.15.25:954][  0]LogModuleManager: Shutting down and abandoning module Core (244)
[2023.03.05-23.15.25:954][  0]LogModuleManager: Shutting down and abandoning module MaterialEditor (242)
[2023.03.05-23.15.25:954][  0]LogModuleManager: Shutting down and abandoning module Settings (241)
[2023.03.05-23.15.25:954][  0]LogModuleManager: Shutting down and abandoning module MovieSceneTools (238)
[2023.03.05-23.15.25:954][  0]LogModuleManager: Shutting down and abandoning module CurveEditor (237)
[2023.03.05-23.15.25:954][  0]LogModuleManager: Shutting down and abandoning module Sequencer (235)
[2023.03.05-23.15.25:955][  0]LogModuleManager: Shutting down and abandoning module EditorStyle (234)
[2023.03.05-23.15.25:955][  0]LogModuleManager: Shutting down and abandoning module KismetCompiler (230)
[2023.03.05-23.15.25:955][  0]LogModuleManager: Shutting down and abandoning module MeshBuilder (228)
[2023.03.05-23.15.25:955][  0]LogModuleManager: Shutting down and abandoning module MeshUtilities (226)
[2023.03.05-23.15.25:956][  0]LogModuleManager: Shutting down and abandoning module MeshMergeUtilities (225)
[2023.03.05-23.15.25:956][  0]LogModuleManager: Shutting down and abandoning module MeshReductionInterface (224)
[2023.03.05-23.15.25:956][  0]LogModuleManager: Shutting down and abandoning module MeshBoneReduction (223)
[2023.03.05-23.15.25:956][  0]LogModuleManager: Shutting down and abandoning module SkeletalMeshReduction (221)
[2023.03.05-23.15.25:956][  0]LogModuleManager: Shutting down and abandoning module ProxyLODMeshReduction (219)
[2023.03.05-23.15.25:956][  0]LogModuleManager: Shutting down and abandoning module QuadricMeshReduction (217)
[2023.03.05-23.15.25:956][  0]LogModuleManager: Shutting down and abandoning module MaterialBaking (213)
[2023.03.05-23.15.25:956][  0]LogModuleManager: Shutting down and abandoning module DirectoryWatcher (209)
[2023.03.05-23.15.25:956][  0]LogModuleManager: Shutting down and abandoning module NullInstallBundleManager (206)
[2023.03.05-23.15.25:956][  0]LogModuleManager: Shutting down and abandoning module DerivedDataCache (204)
[2023.03.05-23.15.25:956][  0]LogModuleManager: Shutting down and abandoning module TargetPlatform (202)
[2023.03.05-23.15.25:956][  0]LogModuleManager: Shutting down and abandoning module VulkanShaderFormat (201)
[2023.03.05-23.15.25:956][  0]LogModuleManager: Shutting down and abandoning module ShaderFormatVectorVM (199)
[2023.03.05-23.15.25:956][  0]LogModuleManager: Shutting down and abandoning module ShaderFormatOpenGL (197)
[2023.03.05-23.15.25:956][  0]LogModuleManager: Shutting down and abandoning module ShaderFormatD3D (195)
[2023.03.05-23.15.25:956][  0]LogModuleManager: Shutting down and abandoning module MetalShaderFormat (193)
[2023.03.05-23.15.25:956][  0]LogModuleManager: Shutting down and abandoning module TextureFormatOodle (191)
[2023.03.05-23.15.25:956][  0]LogModuleManager: Shutting down and abandoning module TextureFormatUncompressed (189)
[2023.03.05-23.15.25:956][  0]LogModuleManager: Shutting down and abandoning module TextureFormatPVR (187)
[2023.03.05-23.15.25:956][  0]LogModuleManager: Shutting down and abandoning module TextureFormatETC2 (185)
[2023.03.05-23.15.25:956][  0]LogModuleManager: Shutting down and abandoning module TextureFormatDXT (183)
[2023.03.05-23.15.25:956][  0]LogModuleManager: Shutting down and abandoning module TextureFormatIntelISPCTexComp (181)
[2023.03.05-23.15.25:956][  0]LogModuleManager: Shutting down and abandoning module TextureFormatASTC (179)
[2023.03.05-23.15.25:956][  0]LogModuleManager: Shutting down and abandoning module ImageWrapper (178)
[2023.03.05-23.15.25:956][  0]LogModuleManager: Shutting down and abandoning module AudioFormatOpus (175)
[2023.03.05-23.15.25:956][  0]LogModuleManager: Shutting down and abandoning module AudioFormatOgg (173)
[2023.03.05-23.15.25:956][  0]LogModuleManager: Shutting down and abandoning module AudioFormatADPCM (171)
[2023.03.05-23.15.25:956][  0]LogModuleManager: Shutting down and abandoning module WindowsServerTargetPlatform (169)
[2023.03.05-23.15.25:956][  0]LogModuleManager: Shutting down and abandoning module WindowsClientTargetPlatform (167)
[2023.03.05-23.15.25:956][  0]LogModuleManager: Shutting down and abandoning module WindowsTargetPlatform (165)
[2023.03.05-23.15.25:956][  0]LogModuleManager: Shutting down and abandoning module WindowsNoEditorTargetPlatform (163)
[2023.03.05-23.15.25:956][  0]LogModuleManager: Shutting down and abandoning module TVOSTargetPlatform (161)
[2023.03.05-23.15.25:957][  0]LogModuleManager: Shutting down and abandoning module MacServerTargetPlatform (159)
[2023.03.05-23.15.25:957][  0]LogModuleManager: Shutting down and abandoning module MacClientTargetPlatform (157)
[2023.03.05-23.15.25:957][  0]LogModuleManager: Shutting down and abandoning module MacTargetPlatform (155)
[2023.03.05-23.15.25:957][  0]LogModuleManager: Shutting down and abandoning module MacNoEditorTargetPlatform (153)
[2023.03.05-23.15.25:957][  0]LogModuleManager: Shutting down and abandoning module LuminTargetPlatform (151)
[2023.03.05-23.15.25:958][  0]LogModuleManager: Shutting down and abandoning module LinuxAArch64ServerTargetPlatform (149)
[2023.03.05-23.15.25:958][  0]LogModuleManager: Shutting down and abandoning module LinuxAArch64ClientTargetPlatform (147)
[2023.03.05-23.15.25:958][  0]LogModuleManager: Shutting down and abandoning module LinuxAArch64NoEditorTargetPlatform (145)
[2023.03.05-23.15.25:958][  0]LogModuleManager: Shutting down and abandoning module LinuxServerTargetPlatform (143)
[2023.03.05-23.15.25:958][  0]LogModuleManager: Shutting down and abandoning module LinuxClientTargetPlatform (141)
[2023.03.05-23.15.25:958][  0]LogModuleManager: Shutting down and abandoning module LinuxNoEditorTargetPlatform (139)
[2023.03.05-23.15.25:958][  0]LogModuleManager: Shutting down and abandoning module LinuxTargetPlatform (137)
[2023.03.05-23.15.25:958][  0]LogModuleManager: Shutting down and abandoning module Messaging (135)
[2023.03.05-23.15.25:958][  0]LogModuleManager: Shutting down and abandoning module IOSTargetPlatform (133)
[2023.03.05-23.15.25:958][  0]LogModuleManager: Shutting down and abandoning module AndroidTargetPlatform (131)
[2023.03.05-23.15.25:961][  0]LogModuleManager: Shutting down and abandoning module AllDesktopTargetPlatform (129)
[2023.03.05-23.15.25:961][  0]LogModuleManager: Shutting down and abandoning module NullDrv (126)
[2023.03.05-23.15.25:961][  0]LogModuleManager: Shutting down and abandoning module PhysXCooking (124)
[2023.03.05-23.15.25:961][  0]LogModuleManager: Shutting down and abandoning module Chaos (122)
[2023.03.05-23.15.25:962][  0]LogModuleManager: Shutting down and abandoning module WindowsPlatformFeatures (120)
[2023.03.05-23.15.25:962][  0]LogModuleManager: Shutting down and abandoning module GameplayMediaEncoder (119)
[2023.03.05-23.15.25:962][  0]LogModuleManager: Shutting down and abandoning module AVEncoder (118)
[2023.03.05-23.15.25:962][  0]LogModuleManager: Shutting down and abandoning module ExampleDeviceProfileSelector (114)
[2023.03.05-23.15.25:962][  0]LogModuleManager: Shutting down and abandoning module SteamVRInputDevice (112)
[2023.03.05-23.15.25:962][  0]LogModuleManager: Shutting down and abandoning module SteamVRInput (110)
[2023.03.05-23.15.25:962][  0]LogModuleManager: Shutting down and abandoning module SteamVR (108)
[2023.03.05-23.15.25:962][  0]LogHMD: Freeing OpenVRDLLHandle.
[2023.03.05-23.15.25:962][  0]LogModuleManager: Shutting down and abandoning module OculusHMD (106)
[2023.03.05-23.15.25:962][  0]LogModuleManager: Shutting down and abandoning module OpenXRHandTracking (104)
[2023.03.05-23.15.25:962][  0]LogModuleManager: Shutting down and abandoning module OpenXREyeTracker (102)
[2023.03.05-23.15.25:962][  0]LogModuleManager: Shutting down and abandoning module OpenXRAR (100)
[2023.03.05-23.15.25:962][  0]LogModuleManager: Shutting down and abandoning module AugmentedReality (99)
[2023.03.05-23.15.25:962][  0]LogModuleManager: Shutting down and abandoning module OpenXRHMD (96)
[2023.03.05-23.15.25:962][  0]LogModuleManager: Shutting down and abandoning module ChunkDownloader (94)
[2023.03.05-23.15.25:962][  0]LogModuleManager: Shutting down and abandoning module LauncherChunkInstaller (92)
[2023.03.05-23.15.25:962][  0]LogModuleManager: Shutting down and abandoning module OnlineBlueprintSupport (90)
[2023.03.05-23.15.25:962][  0]LogModuleManager: Shutting down and abandoning module OnlineSubsystem (86)
[2023.03.05-23.15.25:963][  0]LogModuleManager: Shutting down and abandoning module XMPP (81)
[2023.03.05-23.15.25:963][  0]LogModuleManager: Shutting down and abandoning module WebSockets (80)
[2023.03.05-23.15.25:985][  0]LogModuleManager: Shutting down and abandoning module HTTP (77)
[2023.03.05-23.15.25:985][  0]LogHttp: Display: cleaning up 0 outstanding Http requests.
[2023.03.05-23.15.25:986][  0]LogModuleManager: Shutting down and abandoning module SSL (76)
[2023.03.05-23.15.25:987][  0]LogModuleManager: Shutting down and abandoning module WmfMedia (72)
[2023.03.05-23.15.25:988][  0]LogModuleManager: Shutting down and abandoning module Media (71)
[2023.03.05-23.15.25:989][  0]LogModuleManager: Shutting down and abandoning module MediaInfo (70)
[2023.03.05-23.15.25:989][  0]LogModuleManager: Shutting down and abandoning module ExrReaderGpu (66)
[2023.03.05-23.15.25:989][  0]LogModuleManager: Shutting down and abandoning module MLSDK (64)
[2023.03.05-23.15.25:989][  0]LogModuleManager: Shutting down and abandoning module MagicLeap (62)
[2023.03.05-23.15.25:989][  0]LogModuleManager: Shutting down and abandoning module NiagaraVertexFactories (60)
[2023.03.05-23.15.25:989][  0]LogModuleManager: Shutting down and abandoning module NiagaraShader (58)
[2023.03.05-23.15.25:989][  0]LogModuleManager: Shutting down and abandoning module ChaosCloth (56)
[2023.03.05-23.15.25:989][  0]LogModuleManager: Shutting down and abandoning module VariantManagerContent (54)
[2023.03.05-23.15.25:989][  0]LogModuleManager: Shutting down and abandoning module DatasmithContent (52)
[2023.03.05-23.15.25:989][  0]LogModuleManager: Shutting down and abandoning module PixWinPlugin (50)
[2023.03.05-23.15.25:989][  0]LogModuleManager: Shutting down and abandoning module AISupportModule (48)
[2023.03.05-23.15.25:989][  0]LogModuleManager: Shutting down and abandoning module PythonScriptPluginPreload (46)
[2023.03.05-23.15.25:989][  0]LogModuleManager: Shutting down and abandoning module PlatformCryptoOpenSSL (44)
[2023.03.05-23.15.25:989][  0]LogModuleManager: Shutting down and abandoning module PlatformCryptoTypes (42)
[2023.03.05-23.15.25:989][  0]LogModuleManager: Shutting down and abandoning module PlatformCrypto (40)
[2023.03.05-23.15.25:989][  0]LogModuleManager: Shutting down and abandoning module OodleDataCompressionFormat (38)
[2023.03.05-23.15.25:989][  0]LogModuleManager: Shutting down and abandoning module XGEController (36)
[2023.03.05-23.15.25:990][  0]LogXGEController: Cannot use XGE Controller as Incredibuild is not installed on this machine.
[2023.03.05-23.15.25:990][  0]LogXGEController: Cleaning working directory: C:/Users/ggbat/AppData/Local/Temp/UnrealXGEWorkingDir/
[2023.03.05-23.15.25:990][  0]LogModuleManager: Shutting down and abandoning module AnimationModifiers (34)
[2023.03.05-23.15.25:990][  0]LogModuleManager: Shutting down and abandoning module AudioEditor (32)
[2023.03.05-23.15.25:990][  0]LogModuleManager: Shutting down and abandoning module PropertyEditor (31)
[2023.03.05-23.15.25:990][  0]LogModuleManager: Shutting down and abandoning module TextureCompressor (28)
[2023.03.05-23.15.25:990][  0]LogModuleManager: Shutting down and abandoning module RenderCore (26)
[2023.03.05-23.15.25:990][  0]LogModuleManager: Shutting down and abandoning module Landscape (24)
[2023.03.05-23.15.25:990][  0]LogModuleManager: Shutting down and abandoning module SlateRHIRenderer (22)
[2023.03.05-23.15.25:990][  0]LogModuleManager: Shutting down and abandoning module AnimGraphRuntime (20)
[2023.03.05-23.15.25:990][  0]LogModuleManager: Shutting down and abandoning module Renderer (18)
[2023.03.05-23.15.25:990][  0]LogModuleManager: Shutting down and abandoning module Engine (16)
[2023.03.05-23.15.25:990][  0]LogModuleManager: Shutting down and abandoning module CoreUObject (14)
[2023.03.05-23.15.25:990][  0]LogModuleManager: Shutting down and abandoning module NetworkFile (12)
[2023.03.05-23.15.25:990][  0]LogModuleManager: Shutting down and abandoning module CookedIterativeFile (10)
[2023.03.05-23.15.25:990][  0]LogModuleManager: Shutting down and abandoning module StreamingFile (8)
[2023.03.05-23.15.25:990][  0]LogModuleManager: Shutting down and abandoning module SandboxFile (6)
[2023.03.05-23.15.25:990][  0]LogModuleManager: Shutting down and abandoning module PakFile (4)
[2023.03.05-23.15.25:991][  0]LogModuleManager: Shutting down and abandoning module RSA (3)
[2023.03.05-23.15.26:348][  0]LogContentStreaming: Display: There are 1 unreleased StreamingManagers
[2023.03.05-23.15.26:353][  0]LogExit: Exiting.
[2023.03.05-23.15.26:370][  0]Log file closed, 03/06/23 00:15:26
