Log file open, 03/05/23 13:33:59
LogWindows: Failed to load 'aqProf.dll' (GetLastError=126)
LogWindows: File 'aqProf.dll' does not exist
LogWindows: Failed to load 'VtuneApi.dll' (GetLastError=126)
LogWindows: File 'VtuneApi.dll' does not exist
LogWindows: Failed to load 'VtuneApi32e.dll' (GetLastError=126)
LogWindows: File 'VtuneApi32e.dll' does not exist
LogConsoleResponse: Display: Failed to find resolution value strings in scalability ini. Falling back to default.
LogConsoleResponse: Display: Failed to find resolution value strings in scalability ini. Falling back to default.
LogInit: Display: Running engine for game: MyProject
LogPlatformFile: Not using cached read wrapper
LogTaskGraph: Started task graph with 5 named threads and 14 total threads with 3 sets of task threads.
LogStats: Stats thread started at 2.800542
LogICUInternationalization: ICU TimeZone Detection - Raw Offset: +1:00, Platform Override: ''
LogInit: Display: Loading text-based GConfig....
LogPluginManager: Mounting plugin MeshPainting
LogPluginManager: Mounting plugin XGEController
LogPluginManager: Mounting plugin Paper2D
LogPluginManager: Mounting plugin AISupport
LogPluginManager: Mounting plugin EnvironmentQueryEditor
LogPluginManager: Mounting plugin LiveLink
LogPluginManager: Mounting plugin LightPropagationVolume
LogPluginManager: Mounting plugin CameraShakePreviewer
LogPluginManager: Mounting plugin GameplayCameras
LogPluginManager: Mounting plugin OodleData
LogPluginManager: Mounting plugin OodleNetwork
LogPluginManager: Mounting plugin AnimationSharing
LogPluginManager: Mounting plugin CLionSourceCodeAccess
LogPluginManager: Mounting plugin CodeLiteSourceCodeAccess
LogPluginManager: Mounting plugin GitSourceControl
LogPluginManager: Mounting plugin KDevelopSourceCodeAccess
LogPluginManager: Mounting plugin NullSourceCodeAccess
LogPluginManager: Mounting plugin PerforceSourceControl
LogPluginManager: Mounting plugin PixWinPlugin
LogPluginManager: Mounting plugin PlasticSourceControl
LogPluginManager: Mounting plugin PluginUtils
LogPluginManager: Mounting plugin PropertyAccessNode
LogPluginManager: Mounting plugin RiderSourceCodeAccess
LogPluginManager: Mounting plugin SubversionSourceControl
LogPluginManager: Mounting plugin TextureFormatOodle
LogPluginManager: Mounting plugin UObjectPlugin
LogPluginManager: Mounting plugin VisualStudioCodeSourceCodeAccess
LogPluginManager: Mounting plugin VisualStudioSourceCodeAccess
LogPluginManager: Mounting plugin XCodeSourceCodeAccess
LogPluginManager: Mounting plugin AssetManagerEditor
LogPluginManager: Mounting plugin CryptoKeys
LogPluginManager: Mounting plugin CurveEditorTools
LogPluginManager: Mounting plugin DataValidation
LogPluginManager: Mounting plugin FacialAnimation
LogPluginManager: Mounting plugin GameplayTagsEditor
LogPluginManager: Mounting plugin GeometryMode
LogPluginManager: Mounting plugin MacGraphicsSwitching
LogPluginManager: Mounting plugin MaterialAnalyzer
LogPluginManager: Mounting plugin MobileLauncherProfileWizard
LogPluginManager: Mounting plugin PluginBrowser
LogPluginManager: Mounting plugin SpeedTreeImporter
LogPluginManager: Mounting plugin DatasmithContent
LogPluginManager: Mounting plugin VariantManagerContent
LogPluginManager: Mounting plugin AlembicImporter
LogPluginManager: Mounting plugin AutomationUtils
LogPluginManager: Mounting plugin BackChannel
LogPluginManager: Mounting plugin ChaosCloth
LogPluginManager: Mounting plugin ChaosClothEditor
LogPluginManager: Mounting plugin ChaosEditor
LogPluginManager: Mounting plugin ChaosNiagara
LogPluginManager: Mounting plugin ChaosSolverPlugin
LogPluginManager: Mounting plugin CharacterAI
LogPluginManager: Mounting plugin GeometryCache
LogPluginManager: Mounting plugin GeometryCollectionPlugin
LogPluginManager: Mounting plugin GeometryProcessing
LogPluginManager: Mounting plugin MotoSynth
LogPluginManager: Mounting plugin OpenImageDenoise
LogPluginManager: Mounting plugin PlanarCut
LogPluginManager: Mounting plugin PlatformCrypto
LogPluginManager: Mounting plugin ProxyLODPlugin
LogPluginManager: Mounting plugin PythonScriptPlugin
LogPluginManager: Mounting plugin SkeletalReduction
LogPluginManager: Mounting plugin Niagara
LogPluginManager: Mounting plugin LuminPlatformFeatures
LogPluginManager: Mounting plugin MagicLeap
LogPluginManager: Mounting plugin MagicLeapLightEstimation
LogPluginManager: Mounting plugin MagicLeapPassableWorld
LogPluginManager: Mounting plugin MagicLeapMedia
LogPluginManager: Mounting plugin MLSDK
LogPluginManager: Mounting plugin AndroidMedia
LogPluginManager: Mounting plugin AvfMedia
LogPluginManager: Mounting plugin ImgMedia
LogPluginManager: Mounting plugin MediaCompositing
LogPluginManager: Mounting plugin MediaPlayerEditor
LogPluginManager: Mounting plugin WmfMedia
LogPluginManager: Mounting plugin TcpMessaging
LogPluginManager: Mounting plugin UdpMessaging
LogPluginManager: Mounting plugin ActorSequence
LogPluginManager: Mounting plugin LevelSequenceEditor
LogPluginManager: Mounting plugin MatineeToLevelSequence
LogPluginManager: Mounting plugin TemplateSequence
LogPluginManager: Mounting plugin OnlineSubsystem
LogPluginManager: Mounting plugin OnlineSubsystemNull
LogPluginManager: Mounting plugin OnlineSubsystemUtils
LogPluginManager: Mounting plugin LauncherChunkInstaller
LogPluginManager: Mounting plugin ActorLayerUtilities
LogPluginManager: Mounting plugin AndroidDeviceProfileSelector
LogPluginManager: Mounting plugin AndroidMoviePlayer
LogPluginManager: Mounting plugin AndroidPermission
LogPluginManager: Mounting plugin AppleImageUtils
LogPluginManager: Mounting plugin AppleMoviePlayer
LogPluginManager: Mounting plugin ArchVisCharacter
LogPluginManager: Mounting plugin AssetTags
LogPluginManager: Mounting plugin AudioCapture
LogPluginManager: Mounting plugin AudioSynesthesia
LogPluginManager: Mounting plugin CableComponent
LogPluginManager: Mounting plugin ChunkDownloader
LogPluginManager: Mounting plugin CustomMeshComponent
LogPluginManager: Mounting plugin EditableMesh
LogPluginManager: Mounting plugin ExampleDeviceProfileSelector
LogPluginManager: Mounting plugin GoogleCloudMessaging
LogPluginManager: Mounting plugin GooglePAD
LogPluginManager: Mounting plugin IOSDeviceProfileSelector
LogPluginManager: Mounting plugin LinuxDeviceProfileSelector
LogPluginManager: Mounting plugin MobilePatchingUtils
LogPluginManager: Mounting plugin OpenXR
LogPluginManager: Mounting plugin OpenXREyeTracker
LogPluginManager: Mounting plugin WebMMedia
LogPluginManager: Mounting plugin OpenXRHandTracking
LogPluginManager: Mounting plugin PhysXVehicles
LogPluginManager: Mounting plugin PostSplashScreen
LogPluginManager: Mounting plugin ProceduralMeshComponent
LogPluginManager: Mounting plugin PropertyAccessEditor
LogPluginManager: Mounting plugin RuntimePhysXCooking
LogPluginManager: Mounting plugin SignificanceManager
LogPluginManager: Mounting plugin SoundFields
LogPluginManager: Mounting plugin Synthesis
LogPluginManager: Mounting plugin WebMMoviePlayer
LogPluginManager: Mounting plugin WindowsMoviePlayer
LogPluginManager: Mounting plugin ScreenshotTools
LogPluginManager: Mounting plugin Takes
LogPluginManager: Mounting plugin LocationServicesBPLibrary
LogPluginManager: Mounting plugin ContentBrowserAssetDataSource
LogPluginManager: Mounting plugin ContentBrowserClassDataSource
LogPluginManager: Mounting plugin ContentBrowserFileDataSource
LogPluginManager: Mounting plugin OnlineSubsystemGooglePlay
LogPluginManager: Mounting plugin OnlineSubsystemIOS
LogPluginManager: Mounting plugin OculusVR
LogPluginManager: Mounting plugin SteamVR
PixWinPlugin: PIX capture plugin failed to initialize! Check that the process is launched from PIX.
LogInit: Using libcurl 7.55.1-DEV
LogInit:  - built for x86_64-pc-win32
LogInit:  - supports SSL with OpenSSL/1.1.1
LogInit:  - supports HTTP deflate (compression) using libz 1.2.8
LogInit:  - other features:
LogInit:      CURL_VERSION_SSL
LogInit:      CURL_VERSION_LIBZ
LogInit:      CURL_VERSION_IPV6
LogInit:      CURL_VERSION_ASYNCHDNS
LogInit:      CURL_VERSION_LARGEFILE
LogInit:      CURL_VERSION_IDN
LogInit:  CurlRequestOptions (configurable via config and command line):
LogInit:  - bVerifyPeer = true  - Libcurl will verify peer certificate
LogInit:  - bUseHttpProxy = false  - Libcurl will NOT use HTTP proxy
LogInit:  - bDontReuseConnections = false  - Libcurl will reuse connections
LogInit:  - MaxHostConnections = 16  - Libcurl will limit the number of connections to a host
LogInit:  - LocalHostAddr = Default
LogInit:  - BufferSize = 65536
LogOnline: OSS: Creating online subsystem instance for: NULL
LogInit: WinSock: version 1.1 (2.2), MaxSocks=32767, MaxUdp=65467
LogOnline: OSS: TryLoadSubsystemAndSetDefault: Loaded subsystem for module [NULL]
LogInit: Build: ++UE4+Release-4.27-CL-18319896
LogInit: Engine Version: 4.27.2-18319896+++UE4+Release-4.27
LogInit: Compatible Engine Version: 4.27.0-17155196+++UE4+Release-4.27
LogInit: Net CL: 17155196
LogInit: OS: Windows 10 (Release 2009) (), CPU: Intel(R) Core(TM) i5-4460  CPU @ 3.20GHz, GPU: NVIDIA GeForce GTX 960
LogInit: Compiled (64-bit): Nov 30 2021 07:12:08
LogInit: Compiled with Visual C++: 19.24.28315.00
LogInit: Build Configuration: Development
LogInit: Branch Name: ++UE4+Release-4.27
LogInit: Command Line:  "C:\Users\ggbat\Documents\Unreal Projects\MyProject\MyProject.uproject" -run=VisualStudioTools -unattended -noshadercompile -noaudio -nullrhi -nocpuprofilertrace -nocrashreports -nosplash -output C:\Users\ggbat\AppData\Local\Temp\tmp64BA.tmp
LogInit: Base Directory: C:/Program Files (x86)/Epic Games/UE_4.27/Engine/Binaries/Win64/
LogInit: Allocator: TBB
LogInit: Installed Engine Build: 1
LogDevObjectVersion: Number of dev versions registered: 29
LogDevObjectVersion:   Dev-Blueprints (B0D832E4-1F89-4F0D-ACCF-7EB736FD4AA2): 10
LogDevObjectVersion:   Dev-Build (E1C64328-A22C-4D53-A36C-8E866417BD8C): 0
LogDevObjectVersion:   Dev-Core (375EC13C-06E4-48FB-B500-84F0262A717E): 4
LogDevObjectVersion:   Dev-Editor (E4B068ED-F494-42E9-A231-DA0B2E46BB41): 40
LogDevObjectVersion:   Dev-Framework (CFFC743F-43B0-4480-9391-14DF171D2073): 37
LogDevObjectVersion:   Dev-Mobile (B02B49B5-BB20-44E9-A304-32B752E40360): 3
LogDevObjectVersion:   Dev-Networking (A4E4105C-59A1-49B5-A7C5-40C4547EDFEE): 0
LogDevObjectVersion:   Dev-Online (39C831C9-5AE6-47DC-9A44-9C173E1C8E7C): 0
LogDevObjectVersion:   Dev-Physics (78F01B33-EBEA-4F98-B9B4-84EACCB95AA2): 14
LogDevObjectVersion:   Dev-Platform (6631380F-2D4D-43E0-8009-CF276956A95A): 0
LogDevObjectVersion:   Dev-Rendering (12F88B9F-8875-4AFC-A67C-D90C383ABD29): 45
LogDevObjectVersion:   Dev-Sequencer (7B5AE74C-D270-4C10-A958-57980B212A5A): 13
LogDevObjectVersion:   Dev-VR (D7296918-1DD6-4BDD-9DE2-64A83CC13884): 3
LogDevObjectVersion:   Dev-LoadTimes (C2A15278-BFE7-4AFE-6C17-90FF531DF755): 1
LogDevObjectVersion:   Private-Geometry (6EACA3D4-40EC-4CC1-B786-8BED09428FC5): 3
LogDevObjectVersion:   Dev-AnimPhys (29E575DD-E0A3-4627-9D10-D276232CDCEA): 17
LogDevObjectVersion:   Dev-Anim (AF43A65D-7FD3-4947-9873-3E8ED9C1BB05): 15
LogDevObjectVersion:   Dev-ReflectionCapture (6B266CEC-1EC7-4B8F-A30B-E4D90942FC07): 1
LogDevObjectVersion:   Dev-Automation (0DF73D61-A23F-47EA-B727-89E90C41499A): 1
LogDevObjectVersion:   FortniteMain (601D1886-AC64-4F84-AA16-D3DE0DEAC7D6): 47
LogDevObjectVersion:   FortniteRelease (E7086368-6B23-4C58-8439-1B7016265E91): 1
LogDevObjectVersion:   Dev-Enterprise (9DFFBCD6-494F-0158-E221-12823C92A888): 10
LogDevObjectVersion:   Dev-Niagara (F2AED0AC-9AFE-416F-8664-AA7FFA26D6FC): 1
LogDevObjectVersion:   Dev-Destruction (174F1F0B-B4C6-45A5-B13F-2EE8D0FB917D): 10
LogDevObjectVersion:   Dev-Physics-Ext (35F94A83-E258-406C-A318-09F59610247C): 41
LogDevObjectVersion:   Dev-PhysicsMaterial-Chaos (B68FC16E-8B1B-42E2-B453-215C058844FE): 1
LogDevObjectVersion:   Dev-CineCamera (B2E18506-4273-CFC2-A54E-F4BB758BBA07): 1
LogDevObjectVersion:   Dev-VirtualProduction (64F58936-FD1B-42BA-BA96-7289D5D0FA4E): 1
LogDevObjectVersion:   Dev-MediaFramework (6F0ED827-A609-4895-9C91-998D90180EA4): 2
LogInit: Presizing for max 25165824 objects, including 0 objects not considered by GC, pre-allocating 0 bytes for permanent pool.
LogConfig: Applying CVar settings from Section [/Script/Engine.StreamingSettings] File [C:/Users/ggbat/Documents/Unreal Projects/MyProject/Saved/Config/Windows/Engine.ini]
LogConfig: Setting CVar [[s.MinBulkDataSizeForAsyncLoading:131072]]
LogConfig: Setting CVar [[s.AsyncLoadingThreadEnabled:0]]
LogConfig: Setting CVar [[s.EventDrivenLoaderEnabled:1]]
LogConfig: Setting CVar [[s.WarnIfTimeLimitExceeded:0]]
LogConfig: Setting CVar [[s.TimeLimitExceededMultiplier:1.5]]
LogConfig: Setting CVar [[s.TimeLimitExceededMinTime:0.005]]
LogConfig: Setting CVar [[s.UseBackgroundLevelStreaming:1]]
LogConfig: Setting CVar [[s.PriorityAsyncLoadingExtraTime:15.0]]
LogConfig: Setting CVar [[s.LevelStreamingActorsUpdateTimeLimit:5.0]]
LogConfig: Setting CVar [[s.PriorityLevelStreamingActorsUpdateExtraTime:5.0]]
LogConfig: Setting CVar [[s.LevelStreamingComponentsRegistrationGranularity:10]]
LogConfig: Setting CVar [[s.UnregisterComponentsTimeLimit:1.0]]
LogConfig: Setting CVar [[s.LevelStreamingComponentsUnregistrationGranularity:5]]
LogConfig: Setting CVar [[s.FlushStreamingOnExit:1]]
LogInit: Object subsystem initialized
LogConfig: Setting CVar [[con.DebugEarlyDefault:1]]
LogConfig: Setting CVar [[r.setres:1280x720]]
[2023.03.05-12.34.01:301][  0]LogConfig: Setting CVar [[con.DebugEarlyDefault:1]]
[2023.03.05-12.34.01:301][  0]LogConfig: Setting CVar [[r.setres:1280x720]]
[2023.03.05-12.34.01:301][  0]LogConfig: Applying CVar settings from Section [/Script/Engine.RendererSettings] File [C:/Users/ggbat/Documents/Unreal Projects/MyProject/Saved/Config/Windows/Engine.ini]
[2023.03.05-12.34.01:301][  0]LogConfig: Setting CVar [[r.GPUCrashDebugging:0]]
[2023.03.05-12.34.01:301][  0]LogConfig: Applying CVar settings from Section [/Script/Engine.RendererOverrideSettings] File [C:/Users/ggbat/Documents/Unreal Projects/MyProject/Saved/Config/Windows/Engine.ini]
[2023.03.05-12.34.01:301][  0]LogConfig: Applying CVar settings from Section [/Script/Engine.StreamingSettings] File [C:/Users/ggbat/Documents/Unreal Projects/MyProject/Saved/Config/Windows/Engine.ini]
[2023.03.05-12.34.01:301][  0]LogConfig: Setting CVar [[s.MinBulkDataSizeForAsyncLoading:131072]]
[2023.03.05-12.34.01:301][  0]LogConfig: Setting CVar [[s.AsyncLoadingThreadEnabled:0]]
[2023.03.05-12.34.01:301][  0]LogConfig: Setting CVar [[s.EventDrivenLoaderEnabled:1]]
[2023.03.05-12.34.01:301][  0]LogConfig: Setting CVar [[s.WarnIfTimeLimitExceeded:0]]
[2023.03.05-12.34.01:301][  0]LogConfig: Setting CVar [[s.TimeLimitExceededMultiplier:1.5]]
[2023.03.05-12.34.01:301][  0]LogConfig: Setting CVar [[s.TimeLimitExceededMinTime:0.005]]
[2023.03.05-12.34.01:301][  0]LogConfig: Setting CVar [[s.UseBackgroundLevelStreaming:1]]
[2023.03.05-12.34.01:301][  0]LogConfig: Setting CVar [[s.PriorityAsyncLoadingExtraTime:15.0]]
[2023.03.05-12.34.01:301][  0]LogConfig: Setting CVar [[s.LevelStreamingActorsUpdateTimeLimit:5.0]]
[2023.03.05-12.34.01:301][  0]LogConfig: Setting CVar [[s.PriorityLevelStreamingActorsUpdateExtraTime:5.0]]
[2023.03.05-12.34.01:301][  0]LogConfig: Setting CVar [[s.LevelStreamingComponentsRegistrationGranularity:10]]
[2023.03.05-12.34.01:301][  0]LogConfig: Setting CVar [[s.UnregisterComponentsTimeLimit:1.0]]
[2023.03.05-12.34.01:301][  0]LogConfig: Setting CVar [[s.LevelStreamingComponentsUnregistrationGranularity:5]]
[2023.03.05-12.34.01:301][  0]LogConfig: Setting CVar [[s.FlushStreamingOnExit:1]]
[2023.03.05-12.34.01:301][  0]LogConfig: Applying CVar settings from Section [/Script/Engine.GarbageCollectionSettings] File [C:/Users/ggbat/Documents/Unreal Projects/MyProject/Saved/Config/Windows/Engine.ini]
[2023.03.05-12.34.01:301][  0]LogConfig: Setting CVar [[gc.MaxObjectsNotConsideredByGC:1]]
[2023.03.05-12.34.01:301][  0]LogConfig: Setting CVar [[gc.SizeOfPermanentObjectPool:0]]
[2023.03.05-12.34.01:301][  0]LogConfig: Setting CVar [[gc.FlushStreamingOnGC:0]]
[2023.03.05-12.34.01:301][  0]LogConfig: Setting CVar [[gc.NumRetriesBeforeForcingGC:10]]
[2023.03.05-12.34.01:301][  0]LogConfig: Setting CVar [[gc.AllowParallelGC:1]]
[2023.03.05-12.34.01:301][  0]LogConfig: Setting CVar [[gc.TimeBetweenPurgingPendingKillObjects:61.1]]
[2023.03.05-12.34.01:301][  0]LogConfig: Setting CVar [[gc.MaxObjectsInEditor:25165824]]
[2023.03.05-12.34.01:301][  0]LogConfig: Setting CVar [[gc.IncrementalBeginDestroyEnabled:1]]
[2023.03.05-12.34.01:301][  0]LogConfig: Setting CVar [[gc.CreateGCClusters:1]]
[2023.03.05-12.34.01:301][  0]LogConfig: Setting CVar [[gc.MinGCClusterSize:5]]
[2023.03.05-12.34.01:301][  0]LogConfig: Setting CVar [[gc.ActorClusteringEnabled:0]]
[2023.03.05-12.34.01:301][  0]LogConfig: Setting CVar [[gc.BlueprintClusteringEnabled:0]]
[2023.03.05-12.34.01:301][  0]LogConfig: Setting CVar [[gc.UseDisregardForGCOnDedicatedServers:0]]
[2023.03.05-12.34.01:301][  0]LogConfig: Setting CVar [[gc.MultithreadedDestructionEnabled:1]]
[2023.03.05-12.34.01:301][  0]LogConfig: Applying CVar settings from Section [/Script/Engine.NetworkSettings] File [C:/Users/ggbat/Documents/Unreal Projects/MyProject/Saved/Config/Windows/Engine.ini]
[2023.03.05-12.34.01:301][  0]LogConfig: Applying CVar settings from Section [/Script/UnrealEd.CookerSettings] File [C:/Users/ggbat/Documents/Unreal Projects/MyProject/Saved/Config/Windows/Engine.ini]
[2023.03.05-12.34.01:302][  0]LogConfig: Applying CVar settings from Section [ViewDistanceQuality@3] File [C:/Users/ggbat/Documents/Unreal Projects/MyProject/Saved/Config/Windows/Scalability.ini]
[2023.03.05-12.34.01:302][  0]LogConfig: Setting CVar [[r.SkeletalMeshLODBias:0]]
[2023.03.05-12.34.01:302][  0]LogConfig: Setting CVar [[r.ViewDistanceScale:1.0]]
[2023.03.05-12.34.01:302][  0]LogConfig: Applying CVar settings from Section [AntiAliasingQuality@3] File [C:/Users/ggbat/Documents/Unreal Projects/MyProject/Saved/Config/Windows/Scalability.ini]
[2023.03.05-12.34.01:302][  0]LogConfig: Setting CVar [[r.PostProcessAAQuality:4]]
[2023.03.05-12.34.01:302][  0]LogConfig: Applying CVar settings from Section [ShadowQuality@3] File [C:/Users/ggbat/Documents/Unreal Projects/MyProject/Saved/Config/Windows/Scalability.ini]
[2023.03.05-12.34.01:302][  0]LogConfig: Setting CVar [[r.LightFunctionQuality:1]]
[2023.03.05-12.34.01:302][  0]LogConfig: Setting CVar [[r.ShadowQuality:5]]
[2023.03.05-12.34.01:302][  0]LogConfig: Setting CVar [[r.Shadow.CSM.MaxCascades:10]]
[2023.03.05-12.34.01:302][  0]LogConfig: Setting CVar [[r.Shadow.MaxResolution:2048]]
[2023.03.05-12.34.01:302][  0]LogConfig: Setting CVar [[r.Shadow.MaxCSMResolution:2048]]
[2023.03.05-12.34.01:302][  0]LogConfig: Setting CVar [[r.Shadow.RadiusThreshold:0.01]]
[2023.03.05-12.34.01:302][  0]LogConfig: Setting CVar [[r.Shadow.DistanceScale:1.0]]
[2023.03.05-12.34.01:302][  0]LogConfig: Setting CVar [[r.Shadow.CSM.TransitionScale:1.0]]
[2023.03.05-12.34.01:302][  0]LogConfig: Setting CVar [[r.Shadow.PreShadowResolutionFactor:1.0]]
[2023.03.05-12.34.01:302][  0]LogConfig: Setting CVar [[r.DistanceFieldShadowing:1]]
[2023.03.05-12.34.01:302][  0]LogConfig: Setting CVar [[r.DistanceFieldAO:1]]
[2023.03.05-12.34.01:302][  0]LogConfig: Setting CVar [[r.AOQuality:2]]
[2023.03.05-12.34.01:302][  0]LogConfig: Setting CVar [[r.VolumetricFog:1]]
[2023.03.05-12.34.01:302][  0]LogConfig: Setting CVar [[r.VolumetricFog.GridPixelSize:8]]
[2023.03.05-12.34.01:302][  0]LogConfig: Setting CVar [[r.VolumetricFog.GridSizeZ:128]]
[2023.03.05-12.34.01:302][  0]LogConfig: Setting CVar [[r.VolumetricFog.HistoryMissSupersampleCount:4]]
[2023.03.05-12.34.01:302][  0]LogConfig: Setting CVar [[r.LightMaxDrawDistanceScale:1]]
[2023.03.05-12.34.01:302][  0]LogConfig: Setting CVar [[r.CapsuleShadows:1]]
[2023.03.05-12.34.01:302][  0]LogConfig: Applying CVar settings from Section [PostProcessQuality@3] File [C:/Users/ggbat/Documents/Unreal Projects/MyProject/Saved/Config/Windows/Scalability.ini]
[2023.03.05-12.34.01:302][  0]LogConfig: Setting CVar [[r.MotionBlurQuality:4]]
[2023.03.05-12.34.01:302][  0]LogConfig: Setting CVar [[r.AmbientOcclusionMipLevelFactor:0.4]]
[2023.03.05-12.34.01:302][  0]LogConfig: Setting CVar [[r.AmbientOcclusionMaxQuality:100]]
[2023.03.05-12.34.01:302][  0]LogConfig: Setting CVar [[r.AmbientOcclusionLevels:-1]]
[2023.03.05-12.34.01:302][  0]LogConfig: Setting CVar [[r.AmbientOcclusionRadiusScale:1.0]]
[2023.03.05-12.34.01:302][  0]LogConfig: Setting CVar [[r.DepthOfFieldQuality:2]]
[2023.03.05-12.34.01:302][  0]LogConfig: Setting CVar [[r.RenderTargetPoolMin:400]]
[2023.03.05-12.34.01:302][  0]LogConfig: Setting CVar [[r.LensFlareQuality:2]]
[2023.03.05-12.34.01:302][  0]LogConfig: Setting CVar [[r.SceneColorFringeQuality:1]]
[2023.03.05-12.34.01:302][  0]LogConfig: Setting CVar [[r.EyeAdaptationQuality:2]]
[2023.03.05-12.34.01:302][  0]LogConfig: Setting CVar [[r.BloomQuality:5]]
[2023.03.05-12.34.01:302][  0]LogConfig: Setting CVar [[r.FastBlurThreshold:100]]
[2023.03.05-12.34.01:302][  0]LogConfig: Setting CVar [[r.Upscale.Quality:3]]
[2023.03.05-12.34.01:302][  0]LogConfig: Setting CVar [[r.Tonemapper.GrainQuantization:1]]
[2023.03.05-12.34.01:302][  0]LogConfig: Setting CVar [[r.LightShaftQuality:1]]
[2023.03.05-12.34.01:302][  0]LogConfig: Setting CVar [[r.Filter.SizeScale:1]]
[2023.03.05-12.34.01:302][  0]LogConfig: Setting CVar [[r.Tonemapper.Quality:5]]
[2023.03.05-12.34.01:302][  0]LogConfig: Setting CVar [[r.DOF.Gather.AccumulatorQuality:1        ; higher gathering accumulator quality]]
[2023.03.05-12.34.01:302][  0]LogConfig: Setting CVar [[r.DOF.Gather.PostfilterMethod:1          ; Median3x3 postfilering method]]
[2023.03.05-12.34.01:302][  0]LogConfig: Setting CVar [[r.DOF.Gather.EnableBokehSettings:0       ; no bokeh simulation when gathering]]
[2023.03.05-12.34.01:302][  0]LogConfig: Setting CVar [[r.DOF.Gather.RingCount:4                 ; medium number of samples when gathering]]
[2023.03.05-12.34.01:302][  0]LogConfig: Setting CVar [[r.DOF.Scatter.ForegroundCompositing:1    ; additive foreground scattering]]
[2023.03.05-12.34.01:302][  0]LogConfig: Setting CVar [[r.DOF.Scatter.BackgroundCompositing:2    ; additive background scattering]]
[2023.03.05-12.34.01:302][  0]LogConfig: Setting CVar [[r.DOF.Scatter.EnableBokehSettings:1      ; bokeh simulation when scattering]]
[2023.03.05-12.34.01:302][  0]LogConfig: Setting CVar [[r.DOF.Scatter.MaxSpriteRatio:0.1         ; only a maximum of 10% of scattered bokeh]]
[2023.03.05-12.34.01:302][  0]LogConfig: Setting CVar [[r.DOF.Recombine.Quality:1                ; cheap slight out of focus]]
[2023.03.05-12.34.01:302][  0]LogConfig: Setting CVar [[r.DOF.Recombine.EnableBokehSettings:0    ; no bokeh simulation on slight out of focus]]
[2023.03.05-12.34.01:302][  0]LogConfig: Setting CVar [[r.DOF.TemporalAAQuality:1                ; more stable temporal accumulation]]
[2023.03.05-12.34.01:302][  0]LogConfig: Setting CVar [[r.DOF.Kernel.MaxForegroundRadius:0.025]]
[2023.03.05-12.34.01:302][  0]LogConfig: Setting CVar [[r.DOF.Kernel.MaxBackgroundRadius:0.025]]
[2023.03.05-12.34.01:302][  0]LogConfig: Applying CVar settings from Section [TextureQuality@3] File [C:/Users/ggbat/Documents/Unreal Projects/MyProject/Saved/Config/Windows/Scalability.ini]
[2023.03.05-12.34.01:302][  0]LogConfig: Setting CVar [[r.Streaming.MipBias:0]]
[2023.03.05-12.34.01:302][  0]LogConfig: Setting CVar [[r.Streaming.AmortizeCPUToGPUCopy:0]]
[2023.03.05-12.34.01:302][  0]LogConfig: Setting CVar [[r.Streaming.MaxNumTexturesToStreamPerFrame:0]]
[2023.03.05-12.34.01:302][  0]LogConfig: Setting CVar [[r.Streaming.Boost:1]]
[2023.03.05-12.34.01:302][  0]LogConfig: Setting CVar [[r.MaxAnisotropy:8]]
[2023.03.05-12.34.01:302][  0]LogConfig: Setting CVar [[r.VT.MaxAnisotropy:8]]
[2023.03.05-12.34.01:302][  0]LogConfig: Setting CVar [[r.Streaming.LimitPoolSizeToVRAM:0]]
[2023.03.05-12.34.01:302][  0]LogConfig: Setting CVar [[r.Streaming.PoolSize:1000]]
[2023.03.05-12.34.01:302][  0]LogConfig: Setting CVar [[r.Streaming.MaxEffectiveScreenSize:0]]
[2023.03.05-12.34.01:302][  0]LogConfig: Applying CVar settings from Section [EffectsQuality@3] File [C:/Users/ggbat/Documents/Unreal Projects/MyProject/Saved/Config/Windows/Scalability.ini]
[2023.03.05-12.34.01:302][  0]LogConfig: Setting CVar [[r.TranslucencyLightingVolumeDim:64]]
[2023.03.05-12.34.01:302][  0]LogConfig: Setting CVar [[r.RefractionQuality:2]]
[2023.03.05-12.34.01:302][  0]LogConfig: Setting CVar [[r.SSR.Quality:3]]
[2023.03.05-12.34.01:302][  0]LogConfig: Setting CVar [[r.SSR.HalfResSceneColor:0]]
[2023.03.05-12.34.01:302][  0]LogConfig: Setting CVar [[r.SceneColorFormat:4]]
[2023.03.05-12.34.01:303][  0]LogConfig: Setting CVar [[r.DetailMode:2]]
[2023.03.05-12.34.01:303][  0]LogConfig: Setting CVar [[r.TranslucencyVolumeBlur:1]]
[2023.03.05-12.34.01:303][  0]LogConfig: Setting CVar [[r.MaterialQualityLevel:1 ; High quality]]
[2023.03.05-12.34.01:303][  0]LogConfig: Setting CVar [[r.AnisotropicMaterials:1]]
[2023.03.05-12.34.01:303][  0]LogConfig: Setting CVar [[r.SSS.Scale:1]]
[2023.03.05-12.34.01:303][  0]LogConfig: Setting CVar [[r.SSS.SampleSet:2]]
[2023.03.05-12.34.01:303][  0]LogConfig: Setting CVar [[r.SSS.Quality:1]]
[2023.03.05-12.34.01:303][  0]LogConfig: Setting CVar [[r.SSS.HalfRes:0]]
[2023.03.05-12.34.01:303][  0]LogConfig: Setting CVar [[r.SSGI.Quality:3]]
[2023.03.05-12.34.01:303][  0]LogConfig: Setting CVar [[r.EmitterSpawnRateScale:1.0]]
[2023.03.05-12.34.01:303][  0]LogConfig: Setting CVar [[r.ParticleLightQuality:2]]
[2023.03.05-12.34.01:303][  0]LogConfig: Setting CVar [[r.SkyAtmosphere.AerialPerspectiveLUT.FastApplyOnOpaque:1 ; Always have FastSkyLUT 1 in this case to avoid wrong sky]]
[2023.03.05-12.34.01:303][  0]LogConfig: Setting CVar [[r.SkyAtmosphere.AerialPerspectiveLUT.SampleCountMaxPerSlice:4]]
[2023.03.05-12.34.01:303][  0]LogConfig: Setting CVar [[r.SkyAtmosphere.AerialPerspectiveLUT.DepthResolution:16.0]]
[2023.03.05-12.34.01:303][  0]LogConfig: Setting CVar [[r.SkyAtmosphere.FastSkyLUT:1]]
[2023.03.05-12.34.01:303][  0]LogConfig: Setting CVar [[r.SkyAtmosphere.FastSkyLUT.SampleCountMin:4.0]]
[2023.03.05-12.34.01:303][  0]LogConfig: Setting CVar [[r.SkyAtmosphere.FastSkyLUT.SampleCountMax:128.0]]
[2023.03.05-12.34.01:303][  0]LogConfig: Setting CVar [[r.SkyAtmosphere.SampleCountMin:4.0]]
[2023.03.05-12.34.01:303][  0]LogConfig: Setting CVar [[r.SkyAtmosphere.SampleCountMax:128.0]]
[2023.03.05-12.34.01:303][  0]LogConfig: Setting CVar [[r.SkyAtmosphere.TransmittanceLUT.UseSmallFormat:0]]
[2023.03.05-12.34.01:303][  0]LogConfig: Setting CVar [[r.SkyAtmosphere.TransmittanceLUT.SampleCount:10.0]]
[2023.03.05-12.34.01:303][  0]LogConfig: Setting CVar [[r.SkyAtmosphere.MultiScatteringLUT.SampleCount:15.0]]
[2023.03.05-12.34.01:303][  0]LogConfig: Setting CVar [[r.SkyLight.RealTimeReflectionCapture:1]]
[2023.03.05-12.34.01:303][  0]LogConfig: Applying CVar settings from Section [FoliageQuality@3] File [C:/Users/ggbat/Documents/Unreal Projects/MyProject/Saved/Config/Windows/Scalability.ini]
[2023.03.05-12.34.01:303][  0]LogConfig: Setting CVar [[foliage.DensityScale:1.0]]
[2023.03.05-12.34.01:303][  0]LogConfig: Setting CVar [[grass.DensityScale:1.0]]
[2023.03.05-12.34.01:303][  0]LogConfig: Applying CVar settings from Section [ShadingQuality@3] File [C:/Users/ggbat/Documents/Unreal Projects/MyProject/Saved/Config/Windows/Scalability.ini]
[2023.03.05-12.34.01:303][  0]LogConfig: Setting CVar [[r.HairStrands.SkyLighting.IntegrationType:2]]
[2023.03.05-12.34.01:303][  0]LogConfig: Setting CVar [[r.HairStrands.SkyAO.SampleCount:4]]
[2023.03.05-12.34.01:303][  0]LogConfig: Setting CVar [[r.HairStrands.Visibility.MSAA.SamplePerPixel:4]]
[2023.03.05-12.34.01:320][  0]LogInit: Selected Device Profile: [Windows]
[2023.03.05-12.34.01:320][  0]LogInit: Applying CVar settings loaded from the selected device profile: [Windows]
[2023.03.05-12.34.01:320][  0]LogHAL: Display: Platform has ~ 16 GB [17121173504 / 17179869184 / 16], which maps to Larger [LargestMinGB=32, LargerMinGB=12, DefaultMinGB=8, SmallerMinGB=6, SmallestMinGB=0)
[2023.03.05-12.34.01:320][  0]LogInit: Going up to parent DeviceProfile []
[2023.03.05-12.34.01:320][  0]LogConfig: Applying CVar settings from Section [ViewDistanceQuality@3] File [C:/Users/ggbat/Documents/Unreal Projects/MyProject/Saved/Config/Windows/Scalability.ini]
[2023.03.05-12.34.01:320][  0]LogConfig: Setting CVar [[r.SkeletalMeshLODBias:0]]
[2023.03.05-12.34.01:320][  0]LogConfig: Setting CVar [[r.ViewDistanceScale:1.0]]
[2023.03.05-12.34.01:320][  0]LogConfig: Applying CVar settings from Section [AntiAliasingQuality@3] File [C:/Users/ggbat/Documents/Unreal Projects/MyProject/Saved/Config/Windows/Scalability.ini]
[2023.03.05-12.34.01:320][  0]LogConfig: Setting CVar [[r.PostProcessAAQuality:4]]
[2023.03.05-12.34.01:320][  0]LogConfig: Applying CVar settings from Section [ShadowQuality@3] File [C:/Users/ggbat/Documents/Unreal Projects/MyProject/Saved/Config/Windows/Scalability.ini]
[2023.03.05-12.34.01:320][  0]LogConfig: Setting CVar [[r.LightFunctionQuality:1]]
[2023.03.05-12.34.01:320][  0]LogConfig: Setting CVar [[r.ShadowQuality:5]]
[2023.03.05-12.34.01:320][  0]LogConfig: Setting CVar [[r.Shadow.CSM.MaxCascades:10]]
[2023.03.05-12.34.01:320][  0]LogConfig: Setting CVar [[r.Shadow.MaxResolution:2048]]
[2023.03.05-12.34.01:320][  0]LogConfig: Setting CVar [[r.Shadow.MaxCSMResolution:2048]]
[2023.03.05-12.34.01:320][  0]LogConfig: Setting CVar [[r.Shadow.RadiusThreshold:0.01]]
[2023.03.05-12.34.01:320][  0]LogConfig: Setting CVar [[r.Shadow.DistanceScale:1.0]]
[2023.03.05-12.34.01:320][  0]LogConfig: Setting CVar [[r.Shadow.CSM.TransitionScale:1.0]]
[2023.03.05-12.34.01:320][  0]LogConfig: Setting CVar [[r.Shadow.PreShadowResolutionFactor:1.0]]
[2023.03.05-12.34.01:320][  0]LogConfig: Setting CVar [[r.DistanceFieldShadowing:1]]
[2023.03.05-12.34.01:320][  0]LogConfig: Setting CVar [[r.DistanceFieldAO:1]]
[2023.03.05-12.34.01:320][  0]LogConfig: Setting CVar [[r.AOQuality:2]]
[2023.03.05-12.34.01:320][  0]LogConfig: Setting CVar [[r.VolumetricFog:1]]
[2023.03.05-12.34.01:320][  0]LogConfig: Setting CVar [[r.VolumetricFog.GridPixelSize:8]]
[2023.03.05-12.34.01:320][  0]LogConfig: Setting CVar [[r.VolumetricFog.GridSizeZ:128]]
[2023.03.05-12.34.01:320][  0]LogConfig: Setting CVar [[r.VolumetricFog.HistoryMissSupersampleCount:4]]
[2023.03.05-12.34.01:320][  0]LogConfig: Setting CVar [[r.LightMaxDrawDistanceScale:1]]
[2023.03.05-12.34.01:320][  0]LogConfig: Setting CVar [[r.CapsuleShadows:1]]
[2023.03.05-12.34.01:320][  0]LogConfig: Applying CVar settings from Section [PostProcessQuality@3] File [C:/Users/ggbat/Documents/Unreal Projects/MyProject/Saved/Config/Windows/Scalability.ini]
[2023.03.05-12.34.01:320][  0]LogConfig: Setting CVar [[r.MotionBlurQuality:4]]
[2023.03.05-12.34.01:320][  0]LogConfig: Setting CVar [[r.AmbientOcclusionMipLevelFactor:0.4]]
[2023.03.05-12.34.01:320][  0]LogConfig: Setting CVar [[r.AmbientOcclusionMaxQuality:100]]
[2023.03.05-12.34.01:320][  0]LogConfig: Setting CVar [[r.AmbientOcclusionLevels:-1]]
[2023.03.05-12.34.01:320][  0]LogConfig: Setting CVar [[r.AmbientOcclusionRadiusScale:1.0]]
[2023.03.05-12.34.01:321][  0]LogConfig: Setting CVar [[r.DepthOfFieldQuality:2]]
[2023.03.05-12.34.01:321][  0]LogConfig: Setting CVar [[r.RenderTargetPoolMin:400]]
[2023.03.05-12.34.01:321][  0]LogConfig: Setting CVar [[r.LensFlareQuality:2]]
[2023.03.05-12.34.01:321][  0]LogConfig: Setting CVar [[r.SceneColorFringeQuality:1]]
[2023.03.05-12.34.01:321][  0]LogConfig: Setting CVar [[r.EyeAdaptationQuality:2]]
[2023.03.05-12.34.01:321][  0]LogConfig: Setting CVar [[r.BloomQuality:5]]
[2023.03.05-12.34.01:321][  0]LogConfig: Setting CVar [[r.FastBlurThreshold:100]]
[2023.03.05-12.34.01:321][  0]LogConfig: Setting CVar [[r.Upscale.Quality:3]]
[2023.03.05-12.34.01:321][  0]LogConfig: Setting CVar [[r.Tonemapper.GrainQuantization:1]]
[2023.03.05-12.34.01:321][  0]LogConfig: Setting CVar [[r.LightShaftQuality:1]]
[2023.03.05-12.34.01:321][  0]LogConfig: Setting CVar [[r.Filter.SizeScale:1]]
[2023.03.05-12.34.01:321][  0]LogConfig: Setting CVar [[r.Tonemapper.Quality:5]]
[2023.03.05-12.34.01:321][  0]LogConfig: Setting CVar [[r.DOF.Gather.AccumulatorQuality:1        ; higher gathering accumulator quality]]
[2023.03.05-12.34.01:321][  0]LogConfig: Setting CVar [[r.DOF.Gather.PostfilterMethod:1          ; Median3x3 postfilering method]]
[2023.03.05-12.34.01:321][  0]LogConfig: Setting CVar [[r.DOF.Gather.EnableBokehSettings:0       ; no bokeh simulation when gathering]]
[2023.03.05-12.34.01:321][  0]LogConfig: Setting CVar [[r.DOF.Gather.RingCount:4                 ; medium number of samples when gathering]]
[2023.03.05-12.34.01:321][  0]LogConfig: Setting CVar [[r.DOF.Scatter.ForegroundCompositing:1    ; additive foreground scattering]]
[2023.03.05-12.34.01:321][  0]LogConfig: Setting CVar [[r.DOF.Scatter.BackgroundCompositing:2    ; additive background scattering]]
[2023.03.05-12.34.01:321][  0]LogConfig: Setting CVar [[r.DOF.Scatter.EnableBokehSettings:1      ; bokeh simulation when scattering]]
[2023.03.05-12.34.01:321][  0]LogConfig: Setting CVar [[r.DOF.Scatter.MaxSpriteRatio:0.1         ; only a maximum of 10% of scattered bokeh]]
[2023.03.05-12.34.01:321][  0]LogConfig: Setting CVar [[r.DOF.Recombine.Quality:1                ; cheap slight out of focus]]
[2023.03.05-12.34.01:321][  0]LogConfig: Setting CVar [[r.DOF.Recombine.EnableBokehSettings:0    ; no bokeh simulation on slight out of focus]]
[2023.03.05-12.34.01:321][  0]LogConfig: Setting CVar [[r.DOF.TemporalAAQuality:1                ; more stable temporal accumulation]]
[2023.03.05-12.34.01:321][  0]LogConfig: Setting CVar [[r.DOF.Kernel.MaxForegroundRadius:0.025]]
[2023.03.05-12.34.01:321][  0]LogConfig: Setting CVar [[r.DOF.Kernel.MaxBackgroundRadius:0.025]]
[2023.03.05-12.34.01:321][  0]LogConfig: Applying CVar settings from Section [TextureQuality@3] File [C:/Users/ggbat/Documents/Unreal Projects/MyProject/Saved/Config/Windows/Scalability.ini]
[2023.03.05-12.34.01:321][  0]LogConfig: Setting CVar [[r.Streaming.MipBias:0]]
[2023.03.05-12.34.01:321][  0]LogConfig: Setting CVar [[r.Streaming.AmortizeCPUToGPUCopy:0]]
[2023.03.05-12.34.01:321][  0]LogConfig: Setting CVar [[r.Streaming.MaxNumTexturesToStreamPerFrame:0]]
[2023.03.05-12.34.01:321][  0]LogConfig: Setting CVar [[r.Streaming.Boost:1]]
[2023.03.05-12.34.01:321][  0]LogConfig: Setting CVar [[r.MaxAnisotropy:8]]
[2023.03.05-12.34.01:321][  0]LogConfig: Setting CVar [[r.VT.MaxAnisotropy:8]]
[2023.03.05-12.34.01:321][  0]LogConfig: Setting CVar [[r.Streaming.LimitPoolSizeToVRAM:0]]
[2023.03.05-12.34.01:321][  0]LogConfig: Setting CVar [[r.Streaming.PoolSize:1000]]
[2023.03.05-12.34.01:321][  0]LogConfig: Setting CVar [[r.Streaming.MaxEffectiveScreenSize:0]]
[2023.03.05-12.34.01:321][  0]LogConfig: Applying CVar settings from Section [EffectsQuality@3] File [C:/Users/ggbat/Documents/Unreal Projects/MyProject/Saved/Config/Windows/Scalability.ini]
[2023.03.05-12.34.01:321][  0]LogConfig: Setting CVar [[r.TranslucencyLightingVolumeDim:64]]
[2023.03.05-12.34.01:321][  0]LogConfig: Setting CVar [[r.RefractionQuality:2]]
[2023.03.05-12.34.01:321][  0]LogConfig: Setting CVar [[r.SSR.Quality:3]]
[2023.03.05-12.34.01:321][  0]LogConfig: Setting CVar [[r.SSR.HalfResSceneColor:0]]
[2023.03.05-12.34.01:321][  0]LogConfig: Setting CVar [[r.SceneColorFormat:4]]
[2023.03.05-12.34.01:321][  0]LogConfig: Setting CVar [[r.DetailMode:2]]
[2023.03.05-12.34.01:321][  0]LogConfig: Setting CVar [[r.TranslucencyVolumeBlur:1]]
[2023.03.05-12.34.01:321][  0]LogConfig: Setting CVar [[r.MaterialQualityLevel:1 ; High quality]]
[2023.03.05-12.34.01:321][  0]LogConfig: Setting CVar [[r.AnisotropicMaterials:1]]
[2023.03.05-12.34.01:321][  0]LogConfig: Setting CVar [[r.SSS.Scale:1]]
[2023.03.05-12.34.01:321][  0]LogConfig: Setting CVar [[r.SSS.SampleSet:2]]
[2023.03.05-12.34.01:321][  0]LogConfig: Setting CVar [[r.SSS.Quality:1]]
[2023.03.05-12.34.01:321][  0]LogConfig: Setting CVar [[r.SSS.HalfRes:0]]
[2023.03.05-12.34.01:321][  0]LogConfig: Setting CVar [[r.SSGI.Quality:3]]
[2023.03.05-12.34.01:321][  0]LogConfig: Setting CVar [[r.EmitterSpawnRateScale:1.0]]
[2023.03.05-12.34.01:321][  0]LogConfig: Setting CVar [[r.ParticleLightQuality:2]]
[2023.03.05-12.34.01:321][  0]LogConfig: Setting CVar [[r.SkyAtmosphere.AerialPerspectiveLUT.FastApplyOnOpaque:1 ; Always have FastSkyLUT 1 in this case to avoid wrong sky]]
[2023.03.05-12.34.01:321][  0]LogConfig: Setting CVar [[r.SkyAtmosphere.AerialPerspectiveLUT.SampleCountMaxPerSlice:4]]
[2023.03.05-12.34.01:321][  0]LogConfig: Setting CVar [[r.SkyAtmosphere.AerialPerspectiveLUT.DepthResolution:16.0]]
[2023.03.05-12.34.01:321][  0]LogConfig: Setting CVar [[r.SkyAtmosphere.FastSkyLUT:1]]
[2023.03.05-12.34.01:321][  0]LogConfig: Setting CVar [[r.SkyAtmosphere.FastSkyLUT.SampleCountMin:4.0]]
[2023.03.05-12.34.01:321][  0]LogConfig: Setting CVar [[r.SkyAtmosphere.FastSkyLUT.SampleCountMax:128.0]]
[2023.03.05-12.34.01:321][  0]LogConfig: Setting CVar [[r.SkyAtmosphere.SampleCountMin:4.0]]
[2023.03.05-12.34.01:321][  0]LogConfig: Setting CVar [[r.SkyAtmosphere.SampleCountMax:128.0]]
[2023.03.05-12.34.01:321][  0]LogConfig: Setting CVar [[r.SkyAtmosphere.TransmittanceLUT.UseSmallFormat:0]]
[2023.03.05-12.34.01:321][  0]LogConfig: Setting CVar [[r.SkyAtmosphere.TransmittanceLUT.SampleCount:10.0]]
[2023.03.05-12.34.01:321][  0]LogConfig: Setting CVar [[r.SkyAtmosphere.MultiScatteringLUT.SampleCount:15.0]]
[2023.03.05-12.34.01:321][  0]LogConfig: Setting CVar [[r.SkyLight.RealTimeReflectionCapture:1]]
[2023.03.05-12.34.01:321][  0]LogConfig: Applying CVar settings from Section [FoliageQuality@3] File [C:/Users/ggbat/Documents/Unreal Projects/MyProject/Saved/Config/Windows/Scalability.ini]
[2023.03.05-12.34.01:321][  0]LogConfig: Setting CVar [[foliage.DensityScale:1.0]]
[2023.03.05-12.34.01:321][  0]LogConfig: Setting CVar [[grass.DensityScale:1.0]]
[2023.03.05-12.34.01:321][  0]LogConfig: Applying CVar settings from Section [ShadingQuality@3] File [C:/Users/ggbat/Documents/Unreal Projects/MyProject/Saved/Config/Windows/Scalability.ini]
[2023.03.05-12.34.01:321][  0]LogConfig: Setting CVar [[r.HairStrands.SkyLighting.IntegrationType:2]]
[2023.03.05-12.34.01:321][  0]LogConfig: Setting CVar [[r.HairStrands.SkyAO.SampleCount:4]]
[2023.03.05-12.34.01:321][  0]LogConfig: Setting CVar [[r.HairStrands.Visibility.MSAA.SamplePerPixel:4]]
[2023.03.05-12.34.01:322][  0]LogConfig: Applying CVar settings from Section [Startup] File [../../../Engine/Config/ConsoleVariables.ini]
[2023.03.05-12.34.01:323][  0]LogConfig: Setting CVar [[net.UseAdaptiveNetUpdateFrequency:0]]
[2023.03.05-12.34.01:323][  0]LogConfig: Setting CVar [[p.chaos.AllowCreatePhysxBodies:1]]
[2023.03.05-12.34.01:323][  0]LogConfig: Setting CVar [[fx.SkipVectorVMBackendOptimizations:1]]
[2023.03.05-12.34.01:323][  0]LogConfig: Applying CVar settings from Section [ConsoleVariables] File [C:/Users/ggbat/Documents/Unreal Projects/MyProject/Saved/Config/Windows/Engine.ini]
[2023.03.05-12.34.01:323][  0]LogConfig: Applying CVar settings from Section [ConsoleVariables] File [C:/Users/ggbat/Documents/Unreal Projects/MyProject/Saved/Config/Windows/Editor.ini]
[2023.03.05-12.34.01:324][  0]LogInit: Computer: DESKTOP-E4U2PF8
[2023.03.05-12.34.01:324][  0]LogInit: User: ggbat
[2023.03.05-12.34.01:324][  0]LogInit: CPU Page size=4096, Cores=4
[2023.03.05-12.34.01:324][  0]LogInit: High frequency timer resolution =10.000000 MHz
[2023.03.05-12.34.01:324][  0]LogMemory: Memory total: Physical=15.9GB (16GB approx)
[2023.03.05-12.34.01:324][  0]LogMemory: Platform Memory Stats for Windows
[2023.03.05-12.34.01:324][  0]LogMemory: Process Physical Memory: 133.27 MB used, 133.28 MB peak
[2023.03.05-12.34.01:324][  0]LogMemory: Process Virtual Memory: 111.30 MB used, 111.30 MB peak
[2023.03.05-12.34.01:324][  0]LogMemory: Physical Memory: 9115.81 MB used,  7212.21 MB free, 16328.02 MB total
[2023.03.05-12.34.01:324][  0]LogMemory: Virtual Memory: 134210056.00 MB used,  7674.73 MB free, 134217728.00 MB total
[2023.03.05-12.34.01:333][  0]LogWindows: WindowsPlatformFeatures enabled
[2023.03.05-12.34.01:417][  0]LogInit: Physics initialised using underlying interface: PhysX
[2023.03.05-12.34.01:422][  0]LogInit: Using OS detected language (fr-FR).
[2023.03.05-12.34.01:422][  0]LogInit: Using OS detected locale (fr-FR).
[2023.03.05-12.34.01:454][  0]LogTextLocalizationManager: No specific localization for 'fr-FR' exists, so the 'fr' localization will be used.
[2023.03.05-12.34.01:454][  0]LogTextLocalizationResource: LocRes '../../../Engine/Content/Localization/Editor/fr/Editor.locres' could not be opened for reading!
[2023.03.05-12.34.01:454][  0]LogTextLocalizationResource: LocRes '../../../Engine/Content/Localization/EditorTutorials/fr/EditorTutorials.locres' could not be opened for reading!
[2023.03.05-12.34.01:454][  0]LogTextLocalizationResource: LocRes '../../../Engine/Content/Localization/Keywords/fr/Keywords.locres' could not be opened for reading!
[2023.03.05-12.34.01:454][  0]LogTextLocalizationResource: LocRes '../../../Engine/Content/Localization/Category/fr/Category.locres' could not be opened for reading!
[2023.03.05-12.34.01:455][  0]LogTextLocalizationResource: LocRes '../../../Engine/Content/Localization/ToolTips/fr/ToolTips.locres' could not be opened for reading!
[2023.03.05-12.34.01:456][  0]LogTextLocalizationResource: LocRes '../../../Engine/Content/Localization/PropertyNames/fr/PropertyNames.locres' could not be opened for reading!
[2023.03.05-12.34.01:456][  0]LogTextLocalizationResource: LocRes '../../../Engine/Content/Localization/Engine/fr/Engine.locres' could not be opened for reading!
[2023.03.05-12.34.03:042][  0]LogTargetPlatformManager: Display: Loaded TargetPlatform 'AllDesktop'
[2023.03.05-12.34.03:079][  0]LogTargetPlatformManager: Display: Loaded TargetPlatform 'Android'
[2023.03.05-12.34.03:080][  0]LogTargetPlatformManager: Display: Loaded TargetPlatform 'Android_ASTC'
[2023.03.05-12.34.03:080][  0]LogTargetPlatformManager: Display: Loaded TargetPlatform 'Android_DXT'
[2023.03.05-12.34.03:080][  0]LogTargetPlatformManager: Display: Loaded TargetPlatform 'Android_ETC2'
[2023.03.05-12.34.03:080][  0]LogTargetPlatformManager: Display: Loaded TargetPlatform 'AndroidClient'
[2023.03.05-12.34.03:080][  0]LogTargetPlatformManager: Display: Loaded TargetPlatform 'Android_ASTCClient'
[2023.03.05-12.34.03:080][  0]LogTargetPlatformManager: Display: Loaded TargetPlatform 'Android_DXTClient'
[2023.03.05-12.34.03:080][  0]LogTargetPlatformManager: Display: Loaded TargetPlatform 'Android_ETC2Client'
[2023.03.05-12.34.03:080][  0]LogTargetPlatformManager: Display: Loaded TargetPlatform 'Android_Multi'
[2023.03.05-12.34.03:080][  0]LogTargetPlatformManager: Display: Loaded TargetPlatform 'Android_MultiClient'
[2023.03.05-12.34.03:127][  0]LogTargetPlatformManager: Display: Loaded TargetPlatform 'IOSClient'
[2023.03.05-12.34.03:127][  0]LogTargetPlatformManager: Display: Loaded TargetPlatform 'IOS'
[2023.03.05-12.34.03:156][  0]LogTargetPlatformManager: Display: Loaded TargetPlatform 'Linux'
[2023.03.05-12.34.03:194][  0]LogTargetPlatformManager: Display: Loaded TargetPlatform 'LinuxNoEditor'
[2023.03.05-12.34.03:201][  0]LogTargetPlatformManager: Display: Loaded TargetPlatform 'LinuxClient'
[2023.03.05-12.34.03:214][  0]LogTargetPlatformManager: Display: Loaded TargetPlatform 'LinuxServer'
[2023.03.05-12.34.03:230][  0]LogTargetPlatformManager: Display: Loaded TargetPlatform 'LinuxAArch64NoEditor'
[2023.03.05-12.34.03:237][  0]LogTargetPlatformManager: Display: Loaded TargetPlatform 'LinuxAArch64Client'
[2023.03.05-12.34.03:245][  0]LogTargetPlatformManager: Display: Loaded TargetPlatform 'LinuxAArch64Server'
[2023.03.05-12.34.03:288][  0]LogTargetPlatformManager: Display: Loaded TargetPlatform 'Lumin'
[2023.03.05-12.34.03:288][  0]LogTargetPlatformManager: Display: Loaded TargetPlatform 'LuminClient'
[2023.03.05-12.34.03:325][  0]LogTargetPlatformManager: Display: Loaded TargetPlatform 'MacNoEditor'
[2023.03.05-12.34.03:340][  0]LogTargetPlatformManager: Display: Loaded TargetPlatform 'Mac'
[2023.03.05-12.34.03:347][  0]LogTargetPlatformManager: Display: Loaded TargetPlatform 'MacClient'
[2023.03.05-12.34.03:353][  0]LogTargetPlatformManager: Display: Loaded TargetPlatform 'MacServer'
[2023.03.05-12.34.03:370][  0]LogTargetPlatformManager: Display: Loaded TargetPlatform 'TVOSClient'
[2023.03.05-12.34.03:370][  0]LogTargetPlatformManager: Display: Loaded TargetPlatform 'TVOS'
[2023.03.05-12.34.03:387][  0]LogTargetPlatformManager: Display: Loaded TargetPlatform 'WindowsNoEditor'
[2023.03.05-12.34.03:395][  0]LogTargetPlatformManager: Display: Loaded TargetPlatform 'Windows'
[2023.03.05-12.34.03:402][  0]LogTargetPlatformManager: Display: Loaded TargetPlatform 'WindowsClient'
[2023.03.05-12.34.03:410][  0]LogTargetPlatformManager: Display: Loaded TargetPlatform 'WindowsServer'
[2023.03.05-12.34.03:410][  0]LogTargetPlatformManager: Display: Building Assets For Windows
[2023.03.05-12.34.03:425][  0]LogAudioDebug: Display: Lib vorbis DLL was dynamically loaded.
[2023.03.05-12.34.03:485][  0]LogTextureFormatOodle: Display: Oodle Texture 2.9.0 init RDO Off
[2023.03.05-12.34.03:547][  0]LogRendererCore: Ray tracing is disabled. Reason: r.RayTracing=0.
[2023.03.05-12.34.03:550][  0]LogDerivedDataCache: Display: Max Cache Size: 512 MB
[2023.03.05-12.34.04:029][  0]LogDerivedDataCache: Loaded boot cache 0.48s 106MB C:/Users/ggbat/AppData/Local/UnrealEngine/4.27/DerivedDataCache/Boot.ddc.
[2023.03.05-12.34.04:029][  0]LogDerivedDataCache: Display: Loaded Boot cache: C:/Users/ggbat/AppData/Local/UnrealEngine/4.27/DerivedDataCache/Boot.ddc
[2023.03.05-12.34.04:029][  0]LogDerivedDataCache: FDerivedDataBackendGraph:  Pak pak cache file ../../../../../../Users/ggbat/Documents/Unreal Projects/MyProject/DerivedDataCache/DDC.ddp not found, will not use a pak cache.
[2023.03.05-12.34.04:029][  0]LogDerivedDataCache: Unable to find inner node Pak for hierarchical cache Hierarchy.
[2023.03.05-12.34.04:029][  0]LogDerivedDataCache: FDerivedDataBackendGraph:  CompressedPak pak cache file ../../../../../../Users/ggbat/Documents/Unreal Projects/MyProject/DerivedDataCache/Compressed.ddp not found, will not use a pak cache.
[2023.03.05-12.34.04:029][  0]LogDerivedDataCache: Unable to find inner node CompressedPak for hierarchical cache Hierarchy.
[2023.03.05-12.34.04:055][  0]LogDerivedDataCache: Display: Pak cache opened for reading ../../../Engine/DerivedDataCache/Compressed.ddp.
[2023.03.05-12.34.04:055][  0]LogDerivedDataCache: FDerivedDataBackendGraph:  EnterprisePak pak cache file ../../../Enterprise/DerivedDataCache/Compressed.ddp not found, will not use a pak cache.
[2023.03.05-12.34.04:055][  0]LogDerivedDataCache: Unable to find inner node EnterprisePak for hierarchical cache Hierarchy.
[2023.03.05-12.34.04:075][  0]LogDerivedDataCache: Speed tests for C:/Users/ggbat/AppData/Local/UnrealEngine/Common/DerivedDataCache took 0.02 seconds
[2023.03.05-12.34.04:075][  0]LogDerivedDataCache: Display: Performance to C:/Users/ggbat/AppData/Local/UnrealEngine/Common/DerivedDataCache: Latency=0.07ms. RandomReadSpeed=70.79MBs, RandomWriteSpeed=157.14MBs. Assigned SpeedClass 'Local'
[2023.03.05-12.34.04:140][  0]LogDerivedDataCache: Using Local data cache path C:/Users/ggbat/AppData/Local/UnrealEngine/Common/DerivedDataCache: Writable
[2023.03.05-12.34.04:141][  0]LogDerivedDataCache: Shared data cache path not found in *engine.ini, will not use an Shared cache.
[2023.03.05-12.34.04:141][  0]LogDerivedDataCache: Unable to find inner node Shared for hierarchical cache Hierarchy.
[2023.03.05-12.34.04:159][  0]LogAssetRegistry: FAssetRegistry took 0.0030 seconds to start up
[2023.03.05-12.34.04:502][  0]LogInit: Selected Device Profile: [Windows]
[2023.03.05-12.34.04:502][  0]LogInit: Active device profile: [000002826B196400][00000282663555C0 49] Windows
[2023.03.05-12.34.04:503][  0]LogInit: Profiles: [000002826B196400][00000282663555C0 49] Windows, [000002826B15A300][000002826AD19740 49] WindowsNoEditor, [000002826B196700][000002826AD1D8C0 49] WindowsServer, [000002826B15AD00][000002826AD21A40 49] WindowsClient, [000002826B196A00][000002826AD25BC0 49] IOS, [000002826B159F00][000002826AD281C0 49] iPadAir, [000002826B196600][000002826AD2C340 49] iPadAir2, [000002826B0F9B00][000002826AD3A600 49] IPadPro, [000002826B0F9C00][000002826AD30640 49] iPadAir3, [000002826B195800][000002826AD447C0 49] iPadAir4, [000002826B0F9A00][000002826AD48940 49] iPadMini2, [000002826B195F00][000002826AD4CAC0 49] iPadMini3, [000002826B0FBF00][000002826AD50C40 49] iPadMini4, [000002826B195C00][000002826AD54DC0 49] iPadMini5, [000002826B111300][000002826AD59000 49] iPhone6, [000002826B111400][0000028266359040 49] iPodTouch6, [000002826B0F8500][000002826AD652C0 49] iPhone7, [000002826B0F8400][000002826AD5D300 49] iPodTouch7, [000002826B113900][000002826AD69480 49] iPhone5S, [000002826B0F9E00][000002826AD6D600 49] iPhone6Plus, [000002826B113600][000002826AD71780 49] iPhone6S, [000002826B0FA200][000002826AD75900 49] iPhone6SPlus, [000002826B113A00][000002826AD79A80 49] iPhone7Plus, [000002826B0F9900][000002826AD7DC00 49] iPhoneSE, [000002826B113000][000002826AD80200 49] iPhone8, [000002826B0FA600][000002826AD84380 49] iPhone8Plus, [000002826B110900][000002826AD88500 49] iPhoneX, [000002826B0FAB00][000002826AD8C680 49] iPhoneXS, [000002826B111D00][000002826AD90800 49] iPhoneXSMax, [000002826B0FB400][000002826AD94980 49] iPhoneXR, [000002826B113100][000002826AD98B00 49] iPhone11, [000002826B0F8300][000002826AD9CC80 49] iPhone11Pro, [000002826B113D00][000002826ADA0E00 49] iPhone11ProMax, [000002826B0FA100][000002826ADA4F80 49] iPhoneSE2, [000002826B111A00][000002826AD610C0 49] iPhone12Mini, [000002826B0F9100][000002826ADA9200 49] iPhone12, [000002826B111100][000002826ADAD340 49] iPhone12Pro, [000002826B0FB200][000002826ADB54C0 49] iPhone12ProMax, [000002826B113500][000002826ADB9640 49] iPadPro105, [000002826B0FB900][000002826ADBD7C0 49] iPadPro129, [000002826B113B00][000002826ADC1940 49] iPadPro97, [000002826B0F8100][000002826ADC5AC0 49] iPadPro2_129, [000002826B110200][000002826ADC80C0 49] iPad5, [000002826B0FAF00][000002826ADCC240 49] iPad6, [000002826B15AF00][000002826ADD03C0 49] iPad7, [000002826B1D1C00][000002826ADD4540 49] iPad8, [000002826B158C00][000002826ADD86C0 49] iPadPro11, [000002826B1D0300][000002826ADDC840 49] iPadPro2_11, [000002826B15B700][000002826ADE09C0 49] iPadPro3_129, [000002826B1D0D00][000002826ADE4B40 49] iPadPro4_129, [000002826B159600][000002826ADE8CC0 49] AppleTV, [000002826B1D0F00][000002826ADECE40 49] AppleTV4K, [000002826B0FAC00][000002826ADF0FC0 49] TVOS, [000002826B111900][000002826ADF5140 49] Mac, [000002826B0F9400][000002826ADB1280 49] MacClient, [000002826B111600][000002826ADF93C0 49] MacNoEditor, [000002826B0FA900][000002826ADFD500 49] MacServer, [000002826B111E00][000002826AE01640 49] Linux, [000002826B0FB700][000002826AE097C0 49] LinuxAArch64, [000002826B113E00][000002826AE0D940 49] LinuxNoEditor, [000002826B0F9D00][000002826AE11AC0 49] LinuxAArch64NoEditor, [000002826B112900][000002826AE140C0 49] LinuxClient, [000002826B0FA500][000002826AE18240 49] LinuxAArch64Client, [000002826B110400][000002826AE1C3C0 49] LinuxServer, [000002826B0F9F00][000002826AE20540 49] LinuxAArch64Server, [000002826B113200][000002826AE246C0 49] Android, [000002826B0FAD00][000002826AE28840 49] Android_Low, [000002826B111800][000002826AE2C9C0 49] Android_Mid, [000002826B0F8600][000002826AE30B40 49] Android_High, [000002826B111500][000002826AE34CC0 49] Android_Default, [000002826B0F8B00][000002826AE38E40 49] Android_Adreno4xx, [000002826B110D00][000002826AE3CFC0 49] Android_Adreno5xx_Low, [000002826B1D1F00][000002826AE41140 49] Android_Adreno5xx, [000002826B112E00][000002826AE452C0 49] Android_Adreno6xx, [000002826B0FBE00][000002826AE05400 49] Android_Adreno6xx_Vulkan, [000002826B111700][000002826AE49540 49] Android_Mali_T6xx, [000002826B0FB800][000002826AE4D680 49] Android_Mali_T7xx, [000002826B110A00][000002826AE517C0 49] Android_Mali_T8xx, [000002826B0F9500][000002826AE59940 49] Android_Mali_G71, [000002826B110500][000002826AE5DAC0 49] Android_Mali_G72, [000002826B0F9200][000002826AE600C0 49] Android_Mali_G72_Vulkan, [000002826B110800][000002826AE64240 49] Android_Mali_G76, [000002826B0F8C00][000002826AE683C0 49] Android_Mali_G76_Vulkan, [000002826B112200][000002826AE6C540 49] Android_Mali_G77, [000002826B0FB500][000002826AE706C0 49] Android_Mali_G77_Vulkan, [000002826B112300][000002826AE74840 49] Android_Mali_G78, [000002826B0FA800][000002826AE789C0 49] Android_Mali_G78_Vulkan, [000002826B113300][000002826AE7CB40 49] Android_Mali_G710, [000002826B0FB300][000002826AE80CC0 49] Android_Mali_G710_Vulkan, [000002826B112D00][000002826AE84E40 49] Android_Vulkan_SM5, [000002826B0FBD00][000002826AE88FC0 49] Android_PowerVR_G6xxx, [000002826B110300][000002826AE8D140 49] Android_PowerVR_GT7xxx, [000002826B0F9600][000002826AE912C0 49] Android_PowerVR_GE8xxx, [000002826B113C00][000002826AE95440 49] Android_PowerVR_GM9xxx, [000002826B0F8D00][000002826AE995C0 49] Android_PowerVR_GM9xxx_Vulkan, [000002826B113F00][000002826AE55700 49] Android_TegraK1, [000002826B195600][000002826AE9D840 49] Android_Unknown_Vulkan, [000002826B158900][000002826AEA1980 49] Lumin, [000002826B195D00][000002826AEA9B00 49] Lumin_Desktop, [000002826B15A500][000002826AEAC100 49] HoloLens, 
[2023.03.05-12.34.04:570][  0]LogMeshReduction: Using QuadricMeshReduction for automatic static mesh reduction
[2023.03.05-12.34.04:570][  0]LogMeshReduction: Using SimplygonMeshReduction for automatic skeletal mesh reduction
[2023.03.05-12.34.04:570][  0]LogMeshReduction: Using ProxyLODMeshReduction for automatic mesh merging
[2023.03.05-12.34.04:570][  0]LogMeshReduction: No distributed automatic mesh merging module available
[2023.03.05-12.34.04:570][  0]LogMeshMerging: No distributed automatic mesh merging module available
[2023.03.05-12.34.04:594][  0]LogNetVersion: MyProject 1.0.0, NetCL: 17155196, EngineNetVer: 17, GameNetVer: 0 (Checksum: 3629800737)
[2023.03.05-12.34.04:886][  0]LogHMD: PokeAHoleMaterial loaded successfully
[2023.03.05-12.34.05:217][  0]LogCollectionManager: Loaded 0 collections in 0.002990 seconds
[2023.03.05-12.34.05:267][  0]LogFileCache: Scanning file cache for directory 'C:/Users/ggbat/Documents/Unreal Projects/MyProject/Saved/Collections/' took 0.03s
[2023.03.05-12.34.05:267][  0]LogFileCache: Scanning file cache for directory 'C:/Users/ggbat/Documents/Unreal Projects/MyProject/Content/Developers/ggbat/Collections/' took 0.01s
[2023.03.05-12.34.05:267][  0]LogFileCache: Scanning file cache for directory 'C:/Users/ggbat/Documents/Unreal Projects/MyProject/Content/Collections/' took 0.01s
[2023.03.05-12.34.05:267][  0]LogCollectionManager: Fixed up redirectors for 0 collections in 0.000003 seconds (updated 0 objects)
[2023.03.05-12.34.05:626][  0]LogPython: Using Python 3.7.7
[2023.03.05-12.34.06:440][  0]LogNiagaraDebuggerClient: Niagara Debugger Client Initialized | Session: 061D6ECB4331C120B04E4B92552215BA | Instance: 2AE961544FD0AA9DC5E55A9393697277 (DESKTOP-E4U2PF8-1920).
[2023.03.05-12.34.12:675][  0]LogOutputDevice: Warning: 

Script Stack (0 frames):

[2023.03.05-12.34.12:875][  0]LogStats: FPlatformStackWalk::StackWalkAndDump -  0.200 s
[2023.03.05-12.34.12:875][  0]LogOutputDevice: Error: === Handled ensure: ===
[2023.03.05-12.34.12:875][  0]LogOutputDevice: Error: 
[2023.03.05-12.34.12:875][  0]LogOutputDevice: Error: Ensure condition failed: InParent != this [File:D:/Build/++UE4/Sync/Engine/Source/Runtime/Engine/Private/Components/SceneComponent.cpp] [Line: 1752]
[2023.03.05-12.34.12:875][  0]LogOutputDevice: Error: Cannot attach a component to itself.
[2023.03.05-12.34.12:875][  0]LogOutputDevice: Error: Stack: 
[2023.03.05-12.34.12:875][  0]LogOutputDevice: Error: [Callstack] 0x00007ffead1a3c59 UE4Editor-Engine.dll!UnknownFunction []
[2023.03.05-12.34.12:875][  0]LogOutputDevice: Error: [Callstack] 0x00007ffeabc15b24 UE4Editor-Engine.dll!UnknownFunction []
[2023.03.05-12.34.12:876][  0]LogOutputDevice: Error: [Callstack] 0x00007ffe8f1b247f UE4Editor-MyProject.dll!AActorToSpawn::AActorToSpawn() [C:\Users\ggbat\Documents\Unreal Projects\MyProject\Source\MyProject\ActorToSpawn.cpp:32]
[2023.03.05-12.34.12:876][  0]LogOutputDevice: Error: [Callstack] 0x00007ffeae7961d3 UE4Editor-CoreUObject.dll!UnknownFunction []
[2023.03.05-12.34.12:876][  0]LogOutputDevice: Error: [Callstack] 0x00007ffeaeab8faf UE4Editor-CoreUObject.dll!UnknownFunction []
[2023.03.05-12.34.12:876][  0]LogOutputDevice: Error: [Callstack] 0x00007ffeaea95411 UE4Editor-CoreUObject.dll!UnknownFunction []
[2023.03.05-12.34.12:876][  0]LogOutputDevice: Error: [Callstack] 0x00007ffeae95ddc5 UE4Editor-CoreUObject.dll!UnknownFunction []
[2023.03.05-12.34.12:876][  0]LogOutputDevice: Error: [Callstack] 0x00007ffeaf171bea UE4Editor-Core.dll!UnknownFunction []
[2023.03.05-12.34.12:876][  0]LogOutputDevice: Error: [Callstack] 0x00007ffeaf1915a3 UE4Editor-Core.dll!UnknownFunction []
[2023.03.05-12.34.12:876][  0]LogOutputDevice: Error: [Callstack] 0x00007ffea8c86433 UE4Editor-Projects.dll!UnknownFunction []
[2023.03.05-12.34.12:876][  0]LogOutputDevice: Error: [Callstack] 0x00007ffea8c8674f UE4Editor-Projects.dll!UnknownFunction []
[2023.03.05-12.34.12:876][  0]LogOutputDevice: Error: [Callstack] 0x00007ff6bb515642 UE4Editor-Cmd.exe!UnknownFunction []
[2023.03.05-12.34.12:876][  0]LogOutputDevice: Error: [Callstack] 0x00007ff6bb519000 UE4Editor-Cmd.exe!UnknownFunction []
[2023.03.05-12.34.12:876][  0]LogOutputDevice: Error: [Callstack] 0x00007ff6bb510d2c UE4Editor-Cmd.exe!UnknownFunction []
[2023.03.05-12.34.12:876][  0]LogOutputDevice: Error: [Callstack] 0x00007ff6bb5110ba UE4Editor-Cmd.exe!UnknownFunction []
[2023.03.05-12.34.12:876][  0]LogOutputDevice: Error: [Callstack] 0x00007ff6bb5140dd UE4Editor-Cmd.exe!UnknownFunction []
[2023.03.05-12.34.12:876][  0]LogOutputDevice: Error: [Callstack] 0x00007ff6bb525984 UE4Editor-Cmd.exe!UnknownFunction []
[2023.03.05-12.34.12:876][  0]LogOutputDevice: Error: [Callstack] 0x00007ff6bb5278be UE4Editor-Cmd.exe!UnknownFunction []
[2023.03.05-12.34.12:876][  0]LogOutputDevice: Error: [Callstack] 0x00007fff6cdd7614 KERNEL32.DLL!UnknownFunction []
[2023.03.05-12.34.12:876][  0]LogOutputDevice: Error: [Callstack] 0x00007fff6de426a1 ntdll.dll!UnknownFunction []
[2023.03.05-12.34.12:876][  0]LogOutputDevice: Error: 
[2023.03.05-12.34.14:135][  0]LogStats:                SubmitErrorReport -  0.000 s
[2023.03.05-12.34.22:110][  0]LogStats:                    SendNewReport -  7.975 s
[2023.03.05-12.34.22:110][  0]LogStats:             FDebug::EnsureFailed -  9.435 s
[2023.03.05-12.34.23:411][  0]SourceControl: Source control is disabled
[2023.03.05-12.34.23:411][  0]SourceControl: Source control is disabled
[2023.03.05-12.34.23:431][  0]SourceControl: Source control is disabled
[2023.03.05-12.34.23:440][  0]SourceControl: Source control is disabled
[2023.03.05-12.34.23:455][  0]SourceControl: Source control is disabled
[2023.03.05-12.34.23:465][  0]LogUProjectInfo: Found projects:
[2023.03.05-12.34.24:032][  0]LogOpenImageDenoise: OIDN starting up
[2023.03.05-12.34.24:651][  0]LogAndroidPermission: UAndroidPermissionCallbackProxy::GetInstance
[2023.03.05-12.34.24:693][  0]LogAudioCaptureCore: Display: No Audio Capture implementations found. Audio input will be silent.
[2023.03.05-12.34.24:693][  0]LogAudioCaptureCore: Display: No Audio Capture implementations found. Audio input will be silent.
[2023.03.05-12.34.24:978][  0]LogOcInput: OculusInput pre-init called
[2023.03.05-12.34.25:044][  0]LogUObjectArray: 24312 objects as part of root set at end of initial load.
[2023.03.05-12.34.25:044][  0]LogUObjectAllocator: 6937808 out of 0 bytes used by permanent object pool.
[2023.03.05-12.34.25:044][  0]LogUObjectArray: CloseDisregardForGC: 0/0 objects in disregard for GC pool
[2023.03.05-12.34.25:065][  0]LogInit: Error: VisualStudioToolsCommandlet looked like a commandlet, but we could not find the class.
[2023.03.05-12.34.25:065][  0]LogCore: Engine exit requested (reason: Failed to find commandlet class VisualStudioToolsCommandlet)
[2023.03.05-12.34.25:065][  0]LogCore: Engine exit requested (reason: EngineExit() was called; note: exit was already requested)
[2023.03.05-12.34.25:065][  0]LogExit: Preparing to exit.
[2023.03.05-12.34.25:475][  0]LogUObjectHash: Compacting FUObjectHashTables data took   1.03ms
[2023.03.05-12.34.25:985][  0]LogDemo: Cleaned up 0 splitscreen connections with owner deletion
[2023.03.05-12.34.26:091][  0]LogExit: Object subsystem successfully closed.
[2023.03.05-12.34.26:203][  0]LogModuleManager: Shutting down and abandoning module AudioSynesthesiaEditor (596)
[2023.03.05-12.34.26:203][  0]LogModuleManager: Shutting down and abandoning module OculusEditor (594)
[2023.03.05-12.34.26:203][  0]LogModuleManager: Shutting down and abandoning module OculusInput (592)
[2023.03.05-12.34.26:203][  0]LogModuleManager: Shutting down and abandoning module ContentBrowserFileDataSource (590)
[2023.03.05-12.34.26:203][  0]LogModuleManager: Shutting down and abandoning module ContentBrowserClassDataSource (588)
[2023.03.05-12.34.26:203][  0]LogModuleManager: Shutting down and abandoning module ContentBrowserAssetDataSource (586)
[2023.03.05-12.34.26:203][  0]LogModuleManager: Shutting down and abandoning module ToolMenus (585)
[2023.03.05-12.34.26:203][  0]LogModuleManager: Shutting down and abandoning module TakeSequencer (582)
[2023.03.05-12.34.26:203][  0]LogModuleManager: Shutting down and abandoning module TakeMovieScene (580)
[2023.03.05-12.34.26:203][  0]LogModuleManager: Shutting down and abandoning module ScreenshotTools (578)
[2023.03.05-12.34.26:203][  0]LogModuleManager: Shutting down and abandoning module SynthesisEditor (576)
[2023.03.05-12.34.26:204][  0]LogModuleManager: Shutting down and abandoning module Synthesis (574)
[2023.03.05-12.34.26:204][  0]LogModuleManager: Shutting down and abandoning module ProceduralMeshComponentEditor (572)
[2023.03.05-12.34.26:204][  0]LogModuleManager: Shutting down and abandoning module ProceduralMeshComponent (570)
[2023.03.05-12.34.26:204][  0]LogModuleManager: Shutting down and abandoning module OpenXREditor (568)
[2023.03.05-12.34.26:204][  0]LogModuleManager: Shutting down and abandoning module MobilePatchingUtils (566)
[2023.03.05-12.34.26:204][  0]LogModuleManager: Shutting down and abandoning module GooglePAD (564)
[2023.03.05-12.34.26:204][  0]LogModuleManager: Shutting down and abandoning module EditableMesh (562)
[2023.03.05-12.34.26:204][  0]LogModuleManager: Shutting down and abandoning module CustomMeshComponent (560)
[2023.03.05-12.34.26:204][  0]LogModuleManager: Shutting down and abandoning module CableComponent (558)
[2023.03.05-12.34.26:204][  0]LogModuleManager: Shutting down and abandoning module AudioCapture (556)
[2023.03.05-12.34.26:204][  0]LogModuleManager: Shutting down and abandoning module AudioCaptureRtAudio (555)
[2023.03.05-12.34.26:204][  0]LogModuleManager: Shutting down and abandoning module AssetTags (552)
[2023.03.05-12.34.26:204][  0]LogModuleManager: Shutting down and abandoning module ArchVisCharacter (550)
[2023.03.05-12.34.26:204][  0]LogModuleManager: Shutting down and abandoning module AppleImageUtilsBlueprintSupport (548)
[2023.03.05-12.34.26:204][  0]LogModuleManager: Shutting down and abandoning module AppleImageUtils (546)
[2023.03.05-12.34.26:204][  0]LogModuleManager: Shutting down and abandoning module AndroidPermission (544)
[2023.03.05-12.34.26:204][  0]LogModuleManager: Shutting down and abandoning module ActorLayerUtilitiesEditor (542)
[2023.03.05-12.34.26:205][  0]LogModuleManager: Shutting down and abandoning module ActorLayerUtilities (540)
[2023.03.05-12.34.26:205][  0]LogModuleManager: Shutting down and abandoning module TemplateSequence (538)
[2023.03.05-12.34.26:205][  0]LogModuleManager: Shutting down and abandoning module MediaCompositing (536)
[2023.03.05-12.34.26:205][  0]LogModuleManager: Shutting down and abandoning module MagicLeapSharedWorld (534)
[2023.03.05-12.34.26:205][  0]LogModuleManager: Shutting down and abandoning module MagicLeapLightEstimation (532)
[2023.03.05-12.34.26:205][  0]LogModuleManager: Shutting down and abandoning module MagicLeapHelperVulkan (530)
[2023.03.05-12.34.26:205][  0]LogModuleManager: Shutting down and abandoning module MagicLeapHelperOpenGL (528)
[2023.03.05-12.34.26:205][  0]LogModuleManager: Shutting down and abandoning module MagicLeapAudio (526)
[2023.03.05-12.34.26:205][  0]LogModuleManager: Shutting down and abandoning module NiagaraEditorWidgets (524)
[2023.03.05-12.34.26:207][  0]LogModuleManager: Shutting down and abandoning module OpenImageDenoise (522)
[2023.03.05-12.34.26:207][  0]LogOpenImageDenoise: OIDN shutting down
[2023.03.05-12.34.26:207][  0]LogModuleManager: Shutting down and abandoning module MotoSynthEditor (520)
[2023.03.05-12.34.26:207][  0]LogModuleManager: Shutting down and abandoning module MotoSynth (518)
[2023.03.05-12.34.26:207][  0]LogModuleManager: Shutting down and abandoning module MeshConversion (516)
[2023.03.05-12.34.26:207][  0]LogModuleManager: Shutting down and abandoning module DynamicMesh (514)
[2023.03.05-12.34.26:208][  0]LogModuleManager: Shutting down and abandoning module GeometryAlgorithms (512)
[2023.03.05-12.34.26:209][  0]LogModuleManager: Shutting down and abandoning module GeometricObjects (510)
[2023.03.05-12.34.26:209][  0]LogModuleManager: Shutting down and abandoning module GeometryCollectionTracks (508)
[2023.03.05-12.34.26:209][  0]LogModuleManager: Shutting down and abandoning module GeometryCollectionSequencer (507)
[2023.03.05-12.34.26:209][  0]LogModuleManager: Shutting down and abandoning module GeometryCollectionEditor (504)
[2023.03.05-12.34.26:209][  0]LogModuleManager: Shutting down and abandoning module GeometryCacheTracks (502)
[2023.03.05-12.34.26:210][  0]LogModuleManager: Shutting down and abandoning module GeometryCacheStreamer (500)
[2023.03.05-12.34.26:210][  0]LogModuleManager: Shutting down and abandoning module GeometryCacheSequencer (498)
[2023.03.05-12.34.26:210][  0]LogModuleManager: Shutting down and abandoning module ChaosSolverEditor (496)
[2023.03.05-12.34.26:210][  0]LogModuleManager: Shutting down and abandoning module ChaosNiagara (494)
[2023.03.05-12.34.26:210][  0]LogModuleManager: Shutting down and abandoning module FractureEditor (492)
[2023.03.05-12.34.26:210][  0]LogModuleManager: Shutting down and abandoning module FieldSystemEngine (491)
[2023.03.05-12.34.26:210][  0]LogModuleManager: Shutting down and abandoning module ChaosClothEditor (488)
[2023.03.05-12.34.26:211][  0]LogModuleManager: Shutting down and abandoning module AutomationUtilsEditor (486)
[2023.03.05-12.34.26:211][  0]LogModuleManager: Shutting down and abandoning module AutomationUtils (484)
[2023.03.05-12.34.26:211][  0]LogModuleManager: Shutting down and abandoning module AlembicImporter (482)
[2023.03.05-12.34.26:211][  0]LogModuleManager: Shutting down and abandoning module AlembicLibrary (481)
[2023.03.05-12.34.26:211][  0]LogModuleManager: Shutting down and abandoning module GeometryCache (480)
[2023.03.05-12.34.26:211][  0]LogModuleManager: Shutting down and abandoning module GeometryCacheEd (479)
[2023.03.05-12.34.26:211][  0]LogModuleManager: Shutting down and abandoning module VariantManagerContentEditor (474)
[2023.03.05-12.34.26:211][  0]LogModuleManager: Shutting down and abandoning module DatasmithContentEditor (472)
[2023.03.05-12.34.26:211][  0]LogModuleManager: Shutting down and abandoning module SpeedTreeImporter (470)
[2023.03.05-12.34.26:211][  0]LogModuleManager: Shutting down and abandoning module PluginBrowser (468)
[2023.03.05-12.34.26:212][  0]LogModuleManager: Shutting down and abandoning module MobileLauncherProfileWizard (466)
[2023.03.05-12.34.26:212][  0]LogModuleManager: Shutting down and abandoning module MaterialAnalyzer (464)
[2023.03.05-12.34.26:212][  0]LogModuleManager: Shutting down and abandoning module CurveEditorTools (462)
[2023.03.05-12.34.26:212][  0]LogModuleManager: Shutting down and abandoning module CryptoKeysOpenSSL (460)
[2023.03.05-12.34.26:212][  0]LogModuleManager: Shutting down and abandoning module CryptoKeys (458)
[2023.03.05-12.34.26:212][  0]LogModuleManager: Shutting down and abandoning module VisualStudioSourceCodeAccess (456)
[2023.03.05-12.34.26:212][  0]LogModuleManager: Shutting down and abandoning module VisualStudioCodeSourceCodeAccess (454)
[2023.03.05-12.34.26:212][  0]LogModuleManager: Shutting down and abandoning module UObjectPlugin (452)
[2023.03.05-12.34.26:212][  0]LogModuleManager: Shutting down and abandoning module SubversionSourceControl (450)
[2023.03.05-12.34.26:212][  0]LogModuleManager: Shutting down and abandoning module PluginUtils (448)
[2023.03.05-12.34.26:213][  0]LogModuleManager: Shutting down and abandoning module PlasticSourceControl (446)
[2023.03.05-12.34.26:213][  0]LogModuleManager: Shutting down and abandoning module PerforceSourceControl (444)
[2023.03.05-12.34.26:213][  0]LogModuleManager: Shutting down and abandoning module GitSourceControl (442)
[2023.03.05-12.34.26:213][  0]LogModuleManager: Shutting down and abandoning module SourceControl (441)
[2023.03.05-12.34.26:213][  0]LogModuleManager: Shutting down and abandoning module CLionSourceCodeAccess (438)
[2023.03.05-12.34.26:213][  0]LogModuleManager: Shutting down and abandoning module AnimationSharingEd (436)
[2023.03.05-12.34.26:213][  0]LogModuleManager: Shutting down and abandoning module OodleNetworkHandlerComponent (434)
[2023.03.05-12.34.26:213][  0]LogModuleManager: Shutting down and abandoning module LightPropagationVolumeEditor (432)
[2023.03.05-12.34.26:213][  0]LogModuleManager: Shutting down and abandoning module LiveLinkSequencer (430)
[2023.03.05-12.34.26:213][  0]LogModuleManager: Shutting down and abandoning module LiveLinkMovieScene (428)
[2023.03.05-12.34.26:213][  0]LogModuleManager: Shutting down and abandoning module LiveLinkGraphNode (426)
[2023.03.05-12.34.26:213][  0]LogModuleManager: Shutting down and abandoning module LiveLinkEditor (424)
[2023.03.05-12.34.26:213][  0]LogModuleManager: Shutting down and abandoning module LiveLinkComponents (422)
[2023.03.05-12.34.26:213][  0]LogModuleManager: Shutting down and abandoning module LiveLink (420)
[2023.03.05-12.34.26:560][  0]LogModuleManager: Shutting down and abandoning module PaperTiledImporter (418)
[2023.03.05-12.34.26:560][  0]LogModuleManager: Shutting down and abandoning module PaperSpriteSheetImporter (416)
[2023.03.05-12.34.26:560][  0]LogModuleManager: Shutting down and abandoning module Paper2DEditor (414)
[2023.03.05-12.34.26:561][  0]LogModuleManager: Shutting down and abandoning module MeshPaintingToolset (412)
[2023.03.05-12.34.26:561][  0]LogModuleManager: Shutting down and abandoning module MeshPaintEditorMode (410)
[2023.03.05-12.34.26:561][  0]LogModuleManager: Shutting down and abandoning module MyProject (408)
[2023.03.05-12.34.26:561][  0]LogModuleManager: Shutting down and abandoning module AnimGraph (407)
[2023.03.05-12.34.26:561][  0]LogModuleManager: Shutting down and abandoning module LocationServicesBPLibrary (404)
[2023.03.05-12.34.26:561][  0]LogModuleManager: Shutting down and abandoning module SoundFields (402)
[2023.03.05-12.34.26:561][  0]LogModuleManager: Shutting down and abandoning module SignificanceManager (400)
[2023.03.05-12.34.26:561][  0]LogModuleManager: Shutting down and abandoning module RuntimePhysXCooking (398)
[2023.03.05-12.34.26:561][  0]LogModuleManager: Shutting down and abandoning module PropertyAccessEditor (396)
[2023.03.05-12.34.26:561][  0]LogModuleManager: Shutting down and abandoning module PhysXVehiclesEditor (394)
[2023.03.05-12.34.26:561][  0]LogModuleManager: Shutting down and abandoning module AudioSynesthesia (390)
[2023.03.05-12.34.26:562][  0]LogModuleManager: Shutting down and abandoning module AudioSynesthesiaCore (388)
[2023.03.05-12.34.26:562][  0]LogModuleManager: Shutting down and abandoning module ActorSequence (386)
[2023.03.05-12.34.26:562][  0]LogModuleManager: Shutting down and abandoning module UdpMessaging (384)
[2023.03.05-12.34.26:563][  0]LogModuleManager: Shutting down and abandoning module TcpMessaging (382)
[2023.03.05-12.34.26:563][  0]LogModuleManager: Shutting down and abandoning module MagicLeapARPin (380)
[2023.03.05-12.34.26:563][  0]LogModuleManager: Shutting down and abandoning module MagicLeapHandMeshing (378)
[2023.03.05-12.34.26:563][  0]LogModuleManager: Shutting down and abandoning module MagicLeapSecureStorage (376)
[2023.03.05-12.34.26:563][  0]LogModuleManager: Shutting down and abandoning module MagicLeapPrivileges (374)
[2023.03.05-12.34.26:563][  0]LogModuleManager: Shutting down and abandoning module MagicLeapPlanes (372)
[2023.03.05-12.34.26:564][  0]LogMagicLeapPlanes: Planes tracker already destroyed.
[2023.03.05-12.34.26:564][  0]LogModuleManager: Shutting down and abandoning module MagicLeapImageTracker (370)
[2023.03.05-12.34.26:564][  0]LogModuleManager: Shutting down and abandoning module MagicLeapIdentity (368)
[2023.03.05-12.34.26:564][  0]LogModuleManager: Shutting down and abandoning module MagicLeapHandTracking (366)
[2023.03.05-12.34.26:564][  0]LogModuleManager: Shutting down and abandoning module MagicLeapEyeTracker (364)
[2023.03.05-12.34.26:564][  0]LogModuleManager: Shutting down and abandoning module MagicLeapController (362)
[2023.03.05-12.34.26:564][  0]LogModuleManager: Shutting down and abandoning module MagicLeapARPinImpl (360)
[2023.03.05-12.34.26:564][  0]LogModuleManager: Shutting down and abandoning module MagicLeapAR (358)
[2023.03.05-12.34.26:564][  0]LogModuleManager: Shutting down and abandoning module NiagaraAnimNotifies (356)
[2023.03.05-12.34.26:564][  0]LogModuleManager: Shutting down and abandoning module Niagara (354)
[2023.03.05-12.34.26:565][  0]LogModuleManager: Shutting down and abandoning module SignalProcessing (353)
[2023.03.05-12.34.26:565][  0]LogModuleManager: Shutting down and abandoning module NiagaraEditor (351)
[2023.03.05-12.34.26:567][  0]LogModuleManager: Shutting down and abandoning module NiagaraCore (348)
[2023.03.05-12.34.26:567][  0]LogModuleManager: Shutting down and abandoning module PythonScriptPlugin (346)
[2023.03.05-12.34.26:567][  0]LogModuleManager: Shutting down and abandoning module GameplayTagsEditor (344)
[2023.03.05-12.34.26:568][  0]LogModuleManager: Shutting down and abandoning module FacialAnimationEditor (342)
[2023.03.05-12.34.26:568][  0]LogModuleManager: Shutting down and abandoning module FacialAnimation (340)
[2023.03.05-12.34.26:568][  0]LogModuleManager: Shutting down and abandoning module DataValidation (338)
[2023.03.05-12.34.26:568][  0]LogModuleManager: Shutting down and abandoning module AssetManagerEditor (336)
[2023.03.05-12.34.26:568][  0]LogModuleManager: Shutting down and abandoning module TreeMap (335)
[2023.03.05-12.34.26:568][  0]LogModuleManager: Shutting down and abandoning module PropertyAccessNode (332)
[2023.03.05-12.34.26:569][  0]LogModuleManager: Shutting down and abandoning module AnimationSharing (330)
[2023.03.05-12.34.26:569][  0]LogModuleManager: Shutting down and abandoning module GameplayCameras (328)
[2023.03.05-12.34.26:569][  0]LogModuleManager: Shutting down and abandoning module LightPropagationVolumeRuntime (326)
[2023.03.05-12.34.26:569][  0]LogModuleManager: Shutting down and abandoning module EnvironmentQueryEditor (324)
[2023.03.05-12.34.26:570][  0]LogModuleManager: Shutting down and abandoning module Paper2D (322)
[2023.03.05-12.34.26:570][  0]LogModuleManager: Shutting down and abandoning module NetworkReplayStreaming (320)
[2023.03.05-12.34.26:570][  0]LogModuleManager: Shutting down and abandoning module PacketHandler (318)
[2023.03.05-12.34.26:570][  0]LogModuleManager: Shutting down and abandoning module ClothingSystemEditor (316)
[2023.03.05-12.34.26:570][  0]LogModuleManager: Shutting down and abandoning module ClothingSystemRuntimeNv (314)
[2023.03.05-12.34.26:571][  0]LogModuleManager: Shutting down and abandoning module MediaAssets (312)
[2023.03.05-12.34.26:571][  0]LogModuleManager: Shutting down and abandoning module Overlay (310)
[2023.03.05-12.34.26:571][  0]LogModuleManager: Shutting down and abandoning module OverlayEditor (309)
[2023.03.05-12.34.26:571][  0]LogModuleManager: Shutting down and abandoning module Blutility (306)
[2023.03.05-12.34.26:571][  0]LogModuleManager: Shutting down and abandoning module LevelEditor (305)
[2023.03.05-12.34.26:572][  0]LogModuleManager: Shutting down and abandoning module PixelInspectorModule (304)
[2023.03.05-12.34.26:572][  0]LogModuleManager: Shutting down and abandoning module CommonMenuExtensions (302)
[2023.03.05-12.34.26:572][  0]LogModuleManager: Shutting down and abandoning module MainFrame (300)
[2023.03.05-12.34.26:574][  0]LogModuleManager: Shutting down and abandoning module HotReload (299)
[2023.03.05-12.34.26:575][  0]LogModuleManager: Shutting down and abandoning module ContentBrowser (295)
[2023.03.05-12.34.26:575][  0]LogModuleManager: Shutting down and abandoning module CollectionManager (294)
[2023.03.05-12.34.26:576][  0]LogModuleManager: Shutting down and abandoning module ContentBrowserData (292)
[2023.03.05-12.34.26:576][  0]LogModuleManager: Shutting down and abandoning module IntroTutorials (288)
[2023.03.05-12.34.26:577][  0]LogModuleManager: Shutting down and abandoning module VREditor (286)
[2023.03.05-12.34.26:577][  0]LogModuleManager: Shutting down and abandoning module StringTableEditor (284)
[2023.03.05-12.34.26:578][  0]LogModuleManager: Shutting down and abandoning module GameplayTasksEditor (282)
[2023.03.05-12.34.26:578][  0]LogModuleManager: Shutting down and abandoning module BehaviorTreeEditor (280)
[2023.03.05-12.34.26:579][  0]LogModuleManager: Shutting down and abandoning module FunctionalTesting (278)
[2023.03.05-12.34.26:580][  0]LogModuleManager: Shutting down and abandoning module CollisionAnalyzer (276)
[2023.03.05-12.34.26:581][  0]LogModuleManager: Shutting down and abandoning module WorkspaceMenuStructure (275)
[2023.03.05-12.34.26:581][  0]LogModuleManager: Shutting down and abandoning module UMG (272)
[2023.03.05-12.34.26:581][  0]LogModuleManager: Shutting down and abandoning module UMGEditor (271)
[2023.03.05-12.34.26:582][  0]LogModuleManager: Shutting down and abandoning module MessageLog (269)
[2023.03.05-12.34.26:582][  0]LogModuleManager: Shutting down and abandoning module SlateReflector (264)
[2023.03.05-12.34.26:585][  0]LogModuleManager: Shutting down and abandoning module Slate (262)
[2023.03.05-12.34.26:586][  0]LogModuleManager: Shutting down and abandoning module SlateCore (260)
[2023.03.05-12.34.26:587][  0]LogModuleManager: Shutting down and abandoning module LandscapeEditorUtilities (258)
[2023.03.05-12.34.26:587][  0]LogModuleManager: Shutting down and abandoning module UnrealEd (256)
[2023.03.05-12.34.26:587][  0]LogModuleManager: Shutting down and abandoning module MRMesh (254)
[2023.03.05-12.34.26:587][  0]LogModuleManager: Shutting down and abandoning module SourceCodeAccess (252)
[2023.03.05-12.34.26:587][  0]LogModuleManager: Shutting down and abandoning module HeadMountedDisplay (250)
[2023.03.05-12.34.26:587][  0]LogModuleManager: Shutting down and abandoning module XAudio2 (248)
[2023.03.05-12.34.26:587][  0]LogModuleManager: Shutting down and abandoning module Networking (246)
[2023.03.05-12.34.26:587][  0]LogModuleManager: Shutting down and abandoning module Core (244)
[2023.03.05-12.34.26:587][  0]LogModuleManager: Shutting down and abandoning module MaterialEditor (242)
[2023.03.05-12.34.26:587][  0]LogModuleManager: Shutting down and abandoning module Settings (241)
[2023.03.05-12.34.26:587][  0]LogModuleManager: Shutting down and abandoning module MovieSceneTools (238)
[2023.03.05-12.34.26:587][  0]LogModuleManager: Shutting down and abandoning module CurveEditor (237)
[2023.03.05-12.34.26:587][  0]LogModuleManager: Shutting down and abandoning module Sequencer (235)
[2023.03.05-12.34.26:588][  0]LogModuleManager: Shutting down and abandoning module EditorStyle (234)
[2023.03.05-12.34.26:589][  0]LogModuleManager: Shutting down and abandoning module KismetCompiler (230)
[2023.03.05-12.34.26:589][  0]LogModuleManager: Shutting down and abandoning module MeshBuilder (228)
[2023.03.05-12.34.26:589][  0]LogModuleManager: Shutting down and abandoning module MeshUtilities (226)
[2023.03.05-12.34.26:589][  0]LogModuleManager: Shutting down and abandoning module MeshMergeUtilities (225)
[2023.03.05-12.34.26:589][  0]LogModuleManager: Shutting down and abandoning module MeshReductionInterface (224)
[2023.03.05-12.34.26:589][  0]LogModuleManager: Shutting down and abandoning module MeshBoneReduction (223)
[2023.03.05-12.34.26:589][  0]LogModuleManager: Shutting down and abandoning module SkeletalMeshReduction (221)
[2023.03.05-12.34.26:589][  0]LogModuleManager: Shutting down and abandoning module ProxyLODMeshReduction (219)
[2023.03.05-12.34.26:589][  0]LogModuleManager: Shutting down and abandoning module QuadricMeshReduction (217)
[2023.03.05-12.34.26:589][  0]LogModuleManager: Shutting down and abandoning module MaterialBaking (213)
[2023.03.05-12.34.26:589][  0]LogModuleManager: Shutting down and abandoning module DirectoryWatcher (209)
[2023.03.05-12.34.26:589][  0]LogModuleManager: Shutting down and abandoning module NullInstallBundleManager (206)
[2023.03.05-12.34.26:589][  0]LogModuleManager: Shutting down and abandoning module DerivedDataCache (204)
[2023.03.05-12.34.26:589][  0]LogModuleManager: Shutting down and abandoning module TargetPlatform (202)
[2023.03.05-12.34.26:589][  0]LogModuleManager: Shutting down and abandoning module VulkanShaderFormat (201)
[2023.03.05-12.34.26:589][  0]LogModuleManager: Shutting down and abandoning module ShaderFormatVectorVM (199)
[2023.03.05-12.34.26:589][  0]LogModuleManager: Shutting down and abandoning module ShaderFormatOpenGL (197)
[2023.03.05-12.34.26:589][  0]LogModuleManager: Shutting down and abandoning module ShaderFormatD3D (195)
[2023.03.05-12.34.26:589][  0]LogModuleManager: Shutting down and abandoning module MetalShaderFormat (193)
[2023.03.05-12.34.26:589][  0]LogModuleManager: Shutting down and abandoning module TextureFormatOodle (191)
[2023.03.05-12.34.26:589][  0]LogModuleManager: Shutting down and abandoning module TextureFormatUncompressed (189)
[2023.03.05-12.34.26:589][  0]LogModuleManager: Shutting down and abandoning module TextureFormatPVR (187)
[2023.03.05-12.34.26:589][  0]LogModuleManager: Shutting down and abandoning module TextureFormatETC2 (185)
[2023.03.05-12.34.26:589][  0]LogModuleManager: Shutting down and abandoning module TextureFormatDXT (183)
[2023.03.05-12.34.26:589][  0]LogModuleManager: Shutting down and abandoning module TextureFormatIntelISPCTexComp (181)
[2023.03.05-12.34.26:589][  0]LogModuleManager: Shutting down and abandoning module TextureFormatASTC (179)
[2023.03.05-12.34.26:589][  0]LogModuleManager: Shutting down and abandoning module ImageWrapper (178)
[2023.03.05-12.34.26:589][  0]LogModuleManager: Shutting down and abandoning module AudioFormatOpus (175)
[2023.03.05-12.34.26:589][  0]LogModuleManager: Shutting down and abandoning module AudioFormatOgg (173)
[2023.03.05-12.34.26:589][  0]LogModuleManager: Shutting down and abandoning module AudioFormatADPCM (171)
[2023.03.05-12.34.26:589][  0]LogModuleManager: Shutting down and abandoning module WindowsServerTargetPlatform (169)
[2023.03.05-12.34.26:589][  0]LogModuleManager: Shutting down and abandoning module WindowsClientTargetPlatform (167)
[2023.03.05-12.34.26:589][  0]LogModuleManager: Shutting down and abandoning module WindowsTargetPlatform (165)
[2023.03.05-12.34.26:590][  0]LogModuleManager: Shutting down and abandoning module WindowsNoEditorTargetPlatform (163)
[2023.03.05-12.34.26:590][  0]LogModuleManager: Shutting down and abandoning module TVOSTargetPlatform (161)
[2023.03.05-12.34.26:590][  0]LogModuleManager: Shutting down and abandoning module MacServerTargetPlatform (159)
[2023.03.05-12.34.26:590][  0]LogModuleManager: Shutting down and abandoning module MacClientTargetPlatform (157)
[2023.03.05-12.34.26:590][  0]LogModuleManager: Shutting down and abandoning module MacTargetPlatform (155)
[2023.03.05-12.34.26:590][  0]LogModuleManager: Shutting down and abandoning module MacNoEditorTargetPlatform (153)
[2023.03.05-12.34.26:590][  0]LogModuleManager: Shutting down and abandoning module LuminTargetPlatform (151)
[2023.03.05-12.34.26:591][  0]LogModuleManager: Shutting down and abandoning module LinuxAArch64ServerTargetPlatform (149)
[2023.03.05-12.34.26:591][  0]LogModuleManager: Shutting down and abandoning module LinuxAArch64ClientTargetPlatform (147)
[2023.03.05-12.34.26:591][  0]LogModuleManager: Shutting down and abandoning module LinuxAArch64NoEditorTargetPlatform (145)
[2023.03.05-12.34.26:591][  0]LogModuleManager: Shutting down and abandoning module LinuxServerTargetPlatform (143)
[2023.03.05-12.34.26:591][  0]LogModuleManager: Shutting down and abandoning module LinuxClientTargetPlatform (141)
[2023.03.05-12.34.26:591][  0]LogModuleManager: Shutting down and abandoning module LinuxNoEditorTargetPlatform (139)
[2023.03.05-12.34.26:591][  0]LogModuleManager: Shutting down and abandoning module LinuxTargetPlatform (137)
[2023.03.05-12.34.26:591][  0]LogModuleManager: Shutting down and abandoning module Messaging (135)
[2023.03.05-12.34.26:591][  0]LogModuleManager: Shutting down and abandoning module IOSTargetPlatform (133)
[2023.03.05-12.34.26:592][  0]LogModuleManager: Shutting down and abandoning module AndroidTargetPlatform (131)
[2023.03.05-12.34.26:595][  0]LogModuleManager: Shutting down and abandoning module AllDesktopTargetPlatform (129)
[2023.03.05-12.34.26:595][  0]LogModuleManager: Shutting down and abandoning module NullDrv (126)
[2023.03.05-12.34.26:595][  0]LogModuleManager: Shutting down and abandoning module PhysXCooking (124)
[2023.03.05-12.34.26:595][  0]LogModuleManager: Shutting down and abandoning module Chaos (122)
[2023.03.05-12.34.26:595][  0]LogModuleManager: Shutting down and abandoning module WindowsPlatformFeatures (120)
[2023.03.05-12.34.26:595][  0]LogModuleManager: Shutting down and abandoning module GameplayMediaEncoder (119)
[2023.03.05-12.34.26:595][  0]LogModuleManager: Shutting down and abandoning module AVEncoder (118)
[2023.03.05-12.34.26:595][  0]LogModuleManager: Shutting down and abandoning module ExampleDeviceProfileSelector (114)
[2023.03.05-12.34.26:595][  0]LogModuleManager: Shutting down and abandoning module SteamVRInputDevice (112)
[2023.03.05-12.34.26:595][  0]LogModuleManager: Shutting down and abandoning module SteamVRInput (110)
[2023.03.05-12.34.26:595][  0]LogModuleManager: Shutting down and abandoning module SteamVR (108)
[2023.03.05-12.34.26:595][  0]LogHMD: Freeing OpenVRDLLHandle.
[2023.03.05-12.34.26:595][  0]LogModuleManager: Shutting down and abandoning module OculusHMD (106)
[2023.03.05-12.34.26:595][  0]LogModuleManager: Shutting down and abandoning module OpenXRHandTracking (104)
[2023.03.05-12.34.26:595][  0]LogModuleManager: Shutting down and abandoning module OpenXREyeTracker (102)
[2023.03.05-12.34.26:595][  0]LogModuleManager: Shutting down and abandoning module OpenXRAR (100)
[2023.03.05-12.34.26:595][  0]LogModuleManager: Shutting down and abandoning module AugmentedReality (99)
[2023.03.05-12.34.26:595][  0]LogModuleManager: Shutting down and abandoning module OpenXRHMD (96)
[2023.03.05-12.34.26:595][  0]LogModuleManager: Shutting down and abandoning module ChunkDownloader (94)
[2023.03.05-12.34.26:595][  0]LogModuleManager: Shutting down and abandoning module LauncherChunkInstaller (92)
[2023.03.05-12.34.26:595][  0]LogModuleManager: Shutting down and abandoning module OnlineBlueprintSupport (90)
[2023.03.05-12.34.26:595][  0]LogModuleManager: Shutting down and abandoning module OnlineSubsystem (86)
[2023.03.05-12.34.26:596][  0]LogModuleManager: Shutting down and abandoning module XMPP (81)
[2023.03.05-12.34.26:597][  0]LogModuleManager: Shutting down and abandoning module WebSockets (80)
[2023.03.05-12.34.26:612][  0]LogModuleManager: Shutting down and abandoning module HTTP (77)
[2023.03.05-12.34.26:612][  0]LogHttp: Display: cleaning up 0 outstanding Http requests.
[2023.03.05-12.34.26:646][  0]LogModuleManager: Shutting down and abandoning module SSL (76)
[2023.03.05-12.34.26:647][  0]LogModuleManager: Shutting down and abandoning module WmfMedia (72)
[2023.03.05-12.34.26:648][  0]LogModuleManager: Shutting down and abandoning module Media (71)
[2023.03.05-12.34.26:649][  0]LogModuleManager: Shutting down and abandoning module MediaInfo (70)
[2023.03.05-12.34.26:649][  0]LogModuleManager: Shutting down and abandoning module ExrReaderGpu (66)
[2023.03.05-12.34.26:649][  0]LogModuleManager: Shutting down and abandoning module MLSDK (64)
[2023.03.05-12.34.26:649][  0]LogModuleManager: Shutting down and abandoning module MagicLeap (62)
[2023.03.05-12.34.26:649][  0]LogModuleManager: Shutting down and abandoning module NiagaraVertexFactories (60)
[2023.03.05-12.34.26:649][  0]LogModuleManager: Shutting down and abandoning module NiagaraShader (58)
[2023.03.05-12.34.26:649][  0]LogModuleManager: Shutting down and abandoning module ChaosCloth (56)
[2023.03.05-12.34.26:649][  0]LogModuleManager: Shutting down and abandoning module VariantManagerContent (54)
[2023.03.05-12.34.26:649][  0]LogModuleManager: Shutting down and abandoning module DatasmithContent (52)
[2023.03.05-12.34.26:650][  0]LogModuleManager: Shutting down and abandoning module PixWinPlugin (50)
[2023.03.05-12.34.26:650][  0]LogModuleManager: Shutting down and abandoning module AISupportModule (48)
[2023.03.05-12.34.26:650][  0]LogModuleManager: Shutting down and abandoning module PythonScriptPluginPreload (46)
[2023.03.05-12.34.26:650][  0]LogModuleManager: Shutting down and abandoning module PlatformCryptoOpenSSL (44)
[2023.03.05-12.34.26:650][  0]LogModuleManager: Shutting down and abandoning module PlatformCryptoTypes (42)
[2023.03.05-12.34.26:650][  0]LogModuleManager: Shutting down and abandoning module PlatformCrypto (40)
[2023.03.05-12.34.26:650][  0]LogModuleManager: Shutting down and abandoning module OodleDataCompressionFormat (38)
[2023.03.05-12.34.26:650][  0]LogModuleManager: Shutting down and abandoning module XGEController (36)
[2023.03.05-12.34.26:650][  0]LogXGEController: Cannot use XGE Controller as Incredibuild is not installed on this machine.
[2023.03.05-12.34.26:650][  0]LogXGEController: Cleaning working directory: C:/Users/ggbat/AppData/Local/Temp/UnrealXGEWorkingDir/
[2023.03.05-12.34.26:650][  0]LogModuleManager: Shutting down and abandoning module AnimationModifiers (34)
[2023.03.05-12.34.26:650][  0]LogModuleManager: Shutting down and abandoning module AudioEditor (32)
[2023.03.05-12.34.26:650][  0]LogModuleManager: Shutting down and abandoning module PropertyEditor (31)
[2023.03.05-12.34.26:650][  0]LogModuleManager: Shutting down and abandoning module TextureCompressor (28)
[2023.03.05-12.34.26:650][  0]LogModuleManager: Shutting down and abandoning module RenderCore (26)
[2023.03.05-12.34.26:650][  0]LogModuleManager: Shutting down and abandoning module Landscape (24)
[2023.03.05-12.34.26:650][  0]LogModuleManager: Shutting down and abandoning module SlateRHIRenderer (22)
[2023.03.05-12.34.26:650][  0]LogModuleManager: Shutting down and abandoning module AnimGraphRuntime (20)
[2023.03.05-12.34.26:651][  0]LogModuleManager: Shutting down and abandoning module Renderer (18)
[2023.03.05-12.34.26:651][  0]LogModuleManager: Shutting down and abandoning module Engine (16)
[2023.03.05-12.34.26:651][  0]LogModuleManager: Shutting down and abandoning module CoreUObject (14)
[2023.03.05-12.34.26:651][  0]LogModuleManager: Shutting down and abandoning module NetworkFile (12)
[2023.03.05-12.34.26:651][  0]LogModuleManager: Shutting down and abandoning module CookedIterativeFile (10)
[2023.03.05-12.34.26:651][  0]LogModuleManager: Shutting down and abandoning module StreamingFile (8)
[2023.03.05-12.34.26:651][  0]LogModuleManager: Shutting down and abandoning module SandboxFile (6)
[2023.03.05-12.34.26:651][  0]LogModuleManager: Shutting down and abandoning module PakFile (4)
[2023.03.05-12.34.26:651][  0]LogModuleManager: Shutting down and abandoning module RSA (3)
[2023.03.05-12.34.26:923][  0]LogContentStreaming: Display: There are 1 unreleased StreamingManagers
[2023.03.05-12.34.26:929][  0]LogExit: Exiting.
[2023.03.05-12.34.27:175][  0]Log file closed, 03/05/23 13:34:27
