Log file open, 03/05/23 15:28:42
LogWindows: Failed to load 'aqProf.dll' (GetLastError=126)
LogWindows: File 'aqProf.dll' does not exist
LogWindows: Failed to load 'VtuneApi.dll' (GetLastError=126)
LogWindows: File 'VtuneApi.dll' does not exist
LogWindows: Failed to load 'VtuneApi32e.dll' (GetLastError=126)
LogWindows: File 'VtuneApi32e.dll' does not exist
LogConsoleResponse: Display: Failed to find resolution value strings in scalability ini. Falling back to default.
LogConsoleResponse: Display: Failed to find resolution value strings in scalability ini. Falling back to default.
LogInit: Display: Running engine for game: MyProject
LogPlatformFile: Not using cached read wrapper
LogTaskGraph: Started task graph with 5 named threads and 14 total threads with 3 sets of task threads.
LogStats: Stats thread started at 3.464250
LogICUInternationalization: ICU TimeZone Detection - Raw Offset: +1:00, Platform Override: ''
LogInit: Display: Loading text-based GConfig....
LogPluginManager: Mounting plugin MeshPainting
LogPluginManager: Mounting plugin XGEController
LogPluginManager: Mounting plugin Paper2D
LogPluginManager: Mounting plugin LiveLink
LogPluginManager: Mounting plugin AISupport
LogPluginManager: Mounting plugin LightPropagationVolume
LogPluginManager: Mounting plugin CameraShakePreviewer
LogPluginManager: Mounting plugin GameplayCameras
LogPluginManager: Mounting plugin OodleData
LogPluginManager: Mounting plugin OodleNetwork
LogPluginManager: Mounting plugin AnimationSharing
LogPluginManager: Mounting plugin CLionSourceCodeAccess
LogPluginManager: Mounting plugin CodeLiteSourceCodeAccess
LogPluginManager: Mounting plugin GitSourceControl
LogPluginManager: Mounting plugin KDevelopSourceCodeAccess
LogPluginManager: Mounting plugin NullSourceCodeAccess
LogPluginManager: Mounting plugin PerforceSourceControl
LogPluginManager: Mounting plugin PixWinPlugin
LogPluginManager: Mounting plugin PlasticSourceControl
LogPluginManager: Mounting plugin EnvironmentQueryEditor
LogPluginManager: Mounting plugin PropertyAccessNode
LogPluginManager: Mounting plugin RiderSourceCodeAccess
LogPluginManager: Mounting plugin SubversionSourceControl
LogPluginManager: Mounting plugin TextureFormatOodle
LogPluginManager: Mounting plugin PluginUtils
LogPluginManager: Mounting plugin UObjectPlugin
LogPluginManager: Mounting plugin VisualStudioCodeSourceCodeAccess
LogPluginManager: Mounting plugin VisualStudioSourceCodeAccess
LogPluginManager: Mounting plugin XCodeSourceCodeAccess
LogPluginManager: Mounting plugin DatasmithContent
LogPluginManager: Mounting plugin VariantManagerContent
LogPluginManager: Mounting plugin AlembicImporter
LogPluginManager: Mounting plugin AutomationUtils
LogPluginManager: Mounting plugin BackChannel
LogPluginManager: Mounting plugin ChaosCloth
LogPluginManager: Mounting plugin ChaosClothEditor
LogPluginManager: Mounting plugin ChaosEditor
LogPluginManager: Mounting plugin ChaosNiagara
LogPluginManager: Mounting plugin ChaosSolverPlugin
LogPluginManager: Mounting plugin CharacterAI
LogPluginManager: Mounting plugin GeometryCache
LogPluginManager: Mounting plugin GeometryCollectionPlugin
LogPluginManager: Mounting plugin Niagara
LogPluginManager: Mounting plugin GeometryProcessing
LogPluginManager: Mounting plugin MotoSynth
LogPluginManager: Mounting plugin OpenImageDenoise
LogPluginManager: Mounting plugin PlanarCut
LogPluginManager: Mounting plugin PlatformCrypto
LogPluginManager: Mounting plugin ProxyLODPlugin
LogPluginManager: Mounting plugin PythonScriptPlugin
LogPluginManager: Mounting plugin SkeletalReduction
LogPluginManager: Mounting plugin LuminPlatformFeatures
LogPluginManager: Mounting plugin MagicLeapLightEstimation
LogPluginManager: Mounting plugin MagicLeapMedia
LogPluginManager: Mounting plugin MagicLeapPassableWorld
LogPluginManager: Mounting plugin MLSDK
LogPluginManager: Mounting plugin AndroidMedia
LogPluginManager: Mounting plugin AvfMedia
LogPluginManager: Mounting plugin ImgMedia
LogPluginManager: Mounting plugin MediaCompositing
LogPluginManager: Mounting plugin MediaPlayerEditor
LogPluginManager: Mounting plugin WebMMedia
LogPluginManager: Mounting plugin WmfMedia
LogPluginManager: Mounting plugin TcpMessaging
LogPluginManager: Mounting plugin UdpMessaging
LogPluginManager: Mounting plugin ActorSequence
LogPluginManager: Mounting plugin LevelSequenceEditor
LogPluginManager: Mounting plugin MatineeToLevelSequence
LogPluginManager: Mounting plugin TemplateSequence
LogPluginManager: Mounting plugin OnlineSubsystem
LogPluginManager: Mounting plugin AssetManagerEditor
LogPluginManager: Mounting plugin OnlineSubsystemNull
LogPluginManager: Mounting plugin OnlineSubsystemUtils
LogPluginManager: Mounting plugin CryptoKeys
LogPluginManager: Mounting plugin CurveEditorTools
LogPluginManager: Mounting plugin DataValidation
LogPluginManager: Mounting plugin FacialAnimation
LogPluginManager: Mounting plugin GameplayTagsEditor
LogPluginManager: Mounting plugin GeometryMode
LogPluginManager: Mounting plugin MacGraphicsSwitching
LogPluginManager: Mounting plugin MaterialAnalyzer
LogPluginManager: Mounting plugin MobileLauncherProfileWizard
LogPluginManager: Mounting plugin PluginBrowser
LogPluginManager: Mounting plugin SpeedTreeImporter
LogPluginManager: Mounting plugin LauncherChunkInstaller
LogPluginManager: Mounting plugin ActorLayerUtilities
LogPluginManager: Mounting plugin AndroidDeviceProfileSelector
LogPluginManager: Mounting plugin AndroidMoviePlayer
LogPluginManager: Mounting plugin AndroidPermission
LogPluginManager: Mounting plugin AppleImageUtils
LogPluginManager: Mounting plugin AppleMoviePlayer
LogPluginManager: Mounting plugin ArchVisCharacter
LogPluginManager: Mounting plugin AssetTags
LogPluginManager: Mounting plugin AudioCapture
LogPluginManager: Mounting plugin AudioSynesthesia
LogPluginManager: Mounting plugin CableComponent
LogPluginManager: Mounting plugin ChunkDownloader
LogPluginManager: Mounting plugin CustomMeshComponent
LogPluginManager: Mounting plugin EditableMesh
LogPluginManager: Mounting plugin ExampleDeviceProfileSelector
LogPluginManager: Mounting plugin GoogleCloudMessaging
LogPluginManager: Mounting plugin GooglePAD
LogPluginManager: Mounting plugin IOSDeviceProfileSelector
LogPluginManager: Mounting plugin LinuxDeviceProfileSelector
LogPluginManager: Mounting plugin LocationServicesBPLibrary
LogPluginManager: Mounting plugin MobilePatchingUtils
LogPluginManager: Mounting plugin OpenXR
LogPluginManager: Mounting plugin OpenXREyeTracker
LogPluginManager: Mounting plugin OpenXRHandTracking
LogPluginManager: Mounting plugin PhysXVehicles
LogPluginManager: Mounting plugin PostSplashScreen
LogPluginManager: Mounting plugin ProceduralMeshComponent
LogPluginManager: Mounting plugin PropertyAccessEditor
LogPluginManager: Mounting plugin RuntimePhysXCooking
LogPluginManager: Mounting plugin SignificanceManager
LogPluginManager: Mounting plugin SoundFields
LogPluginManager: Mounting plugin Synthesis
LogPluginManager: Mounting plugin WebMMoviePlayer
LogPluginManager: Mounting plugin WindowsMoviePlayer
LogPluginManager: Mounting plugin ScreenshotTools
LogPluginManager: Mounting plugin Takes
LogPluginManager: Mounting plugin MagicLeap
LogPluginManager: Mounting plugin OnlineSubsystemGooglePlay
LogPluginManager: Mounting plugin OnlineSubsystemIOS
LogPluginManager: Mounting plugin ContentBrowserAssetDataSource
LogPluginManager: Mounting plugin ContentBrowserClassDataSource
LogPluginManager: Mounting plugin ContentBrowserFileDataSource
LogPluginManager: Mounting plugin OculusVR
LogPluginManager: Mounting plugin SteamVR
PixWinPlugin: PIX capture plugin failed to initialize! Check that the process is launched from PIX.
LogInit: Using libcurl 7.55.1-DEV
LogInit:  - built for x86_64-pc-win32
LogInit:  - supports SSL with OpenSSL/1.1.1
LogInit:  - supports HTTP deflate (compression) using libz 1.2.8
LogInit:  - other features:
LogInit:      CURL_VERSION_SSL
LogInit:      CURL_VERSION_LIBZ
LogInit:      CURL_VERSION_IPV6
LogInit:      CURL_VERSION_ASYNCHDNS
LogInit:      CURL_VERSION_LARGEFILE
LogInit:      CURL_VERSION_IDN
LogInit:  CurlRequestOptions (configurable via config and command line):
LogInit:  - bVerifyPeer = true  - Libcurl will verify peer certificate
LogInit:  - bUseHttpProxy = false  - Libcurl will NOT use HTTP proxy
LogInit:  - bDontReuseConnections = false  - Libcurl will reuse connections
LogInit:  - MaxHostConnections = 16  - Libcurl will limit the number of connections to a host
LogInit:  - LocalHostAddr = Default
LogInit:  - BufferSize = 65536
LogOnline: OSS: Creating online subsystem instance for: NULL
LogInit: WinSock: version 1.1 (2.2), MaxSocks=32767, MaxUdp=65467
LogOnline: OSS: TryLoadSubsystemAndSetDefault: Loaded subsystem for module [NULL]
LogInit: Build: ++UE4+Release-4.27-CL-18319896
LogInit: Engine Version: 4.27.2-18319896+++UE4+Release-4.27
LogInit: Compatible Engine Version: 4.27.0-17155196+++UE4+Release-4.27
LogInit: Net CL: 17155196
LogInit: OS: Windows 10 (Release 2009) (), CPU: Intel(R) Core(TM) i5-4460  CPU @ 3.20GHz, GPU: NVIDIA GeForce GTX 960
LogInit: Compiled (64-bit): Nov 30 2021 07:12:08
LogInit: Compiled with Visual C++: 19.24.28315.00
LogInit: Build Configuration: Development
LogInit: Branch Name: ++UE4+Release-4.27
LogInit: Command Line:  "C:\Users\ggbat\Documents\Unreal Projects\MyProject\MyProject.uproject" -run=VisualStudioTools -unattended -noshadercompile -noaudio -nullrhi -nocpuprofilertrace -nocrashreports -nosplash -output C:\Users\ggbat\AppData\Local\Temp\tmp6798.tmp
LogInit: Base Directory: C:/Program Files (x86)/Epic Games/UE_4.27/Engine/Binaries/Win64/
LogInit: Allocator: TBB
LogInit: Installed Engine Build: 1
LogDevObjectVersion: Number of dev versions registered: 29
LogDevObjectVersion:   Dev-Blueprints (B0D832E4-1F89-4F0D-ACCF-7EB736FD4AA2): 10
LogDevObjectVersion:   Dev-Build (E1C64328-A22C-4D53-A36C-8E866417BD8C): 0
LogDevObjectVersion:   Dev-Core (375EC13C-06E4-48FB-B500-84F0262A717E): 4
LogDevObjectVersion:   Dev-Editor (E4B068ED-F494-42E9-A231-DA0B2E46BB41): 40
LogDevObjectVersion:   Dev-Framework (CFFC743F-43B0-4480-9391-14DF171D2073): 37
LogDevObjectVersion:   Dev-Mobile (B02B49B5-BB20-44E9-A304-32B752E40360): 3
LogDevObjectVersion:   Dev-Networking (A4E4105C-59A1-49B5-A7C5-40C4547EDFEE): 0
LogDevObjectVersion:   Dev-Online (39C831C9-5AE6-47DC-9A44-9C173E1C8E7C): 0
LogDevObjectVersion:   Dev-Physics (78F01B33-EBEA-4F98-B9B4-84EACCB95AA2): 14
LogDevObjectVersion:   Dev-Platform (6631380F-2D4D-43E0-8009-CF276956A95A): 0
LogDevObjectVersion:   Dev-Rendering (12F88B9F-8875-4AFC-A67C-D90C383ABD29): 45
LogDevObjectVersion:   Dev-Sequencer (7B5AE74C-D270-4C10-A958-57980B212A5A): 13
LogDevObjectVersion:   Dev-VR (D7296918-1DD6-4BDD-9DE2-64A83CC13884): 3
LogDevObjectVersion:   Dev-LoadTimes (C2A15278-BFE7-4AFE-6C17-90FF531DF755): 1
LogDevObjectVersion:   Private-Geometry (6EACA3D4-40EC-4CC1-B786-8BED09428FC5): 3
LogDevObjectVersion:   Dev-AnimPhys (29E575DD-E0A3-4627-9D10-D276232CDCEA): 17
LogDevObjectVersion:   Dev-Anim (AF43A65D-7FD3-4947-9873-3E8ED9C1BB05): 15
LogDevObjectVersion:   Dev-ReflectionCapture (6B266CEC-1EC7-4B8F-A30B-E4D90942FC07): 1
LogDevObjectVersion:   Dev-Automation (0DF73D61-A23F-47EA-B727-89E90C41499A): 1
LogDevObjectVersion:   FortniteMain (601D1886-AC64-4F84-AA16-D3DE0DEAC7D6): 47
LogDevObjectVersion:   FortniteRelease (E7086368-6B23-4C58-8439-1B7016265E91): 1
LogDevObjectVersion:   Dev-Enterprise (9DFFBCD6-494F-0158-E221-12823C92A888): 10
LogDevObjectVersion:   Dev-Niagara (F2AED0AC-9AFE-416F-8664-AA7FFA26D6FC): 1
LogDevObjectVersion:   Dev-Destruction (174F1F0B-B4C6-45A5-B13F-2EE8D0FB917D): 10
LogDevObjectVersion:   Dev-Physics-Ext (35F94A83-E258-406C-A318-09F59610247C): 41
LogDevObjectVersion:   Dev-PhysicsMaterial-Chaos (B68FC16E-8B1B-42E2-B453-215C058844FE): 1
LogDevObjectVersion:   Dev-CineCamera (B2E18506-4273-CFC2-A54E-F4BB758BBA07): 1
LogDevObjectVersion:   Dev-VirtualProduction (64F58936-FD1B-42BA-BA96-7289D5D0FA4E): 1
LogDevObjectVersion:   Dev-MediaFramework (6F0ED827-A609-4895-9C91-998D90180EA4): 2
LogInit: Presizing for max 25165824 objects, including 0 objects not considered by GC, pre-allocating 0 bytes for permanent pool.
LogConfig: Applying CVar settings from Section [/Script/Engine.StreamingSettings] File [C:/Users/ggbat/Documents/Unreal Projects/MyProject/Saved/Config/Windows/Engine.ini]
LogConfig: Setting CVar [[s.MinBulkDataSizeForAsyncLoading:131072]]
LogConfig: Setting CVar [[s.AsyncLoadingThreadEnabled:0]]
LogConfig: Setting CVar [[s.EventDrivenLoaderEnabled:1]]
LogConfig: Setting CVar [[s.WarnIfTimeLimitExceeded:0]]
LogConfig: Setting CVar [[s.TimeLimitExceededMultiplier:1.5]]
LogConfig: Setting CVar [[s.TimeLimitExceededMinTime:0.005]]
LogConfig: Setting CVar [[s.UseBackgroundLevelStreaming:1]]
LogConfig: Setting CVar [[s.PriorityAsyncLoadingExtraTime:15.0]]
LogConfig: Setting CVar [[s.LevelStreamingActorsUpdateTimeLimit:5.0]]
LogConfig: Setting CVar [[s.PriorityLevelStreamingActorsUpdateExtraTime:5.0]]
LogConfig: Setting CVar [[s.LevelStreamingComponentsRegistrationGranularity:10]]
LogConfig: Setting CVar [[s.UnregisterComponentsTimeLimit:1.0]]
LogConfig: Setting CVar [[s.LevelStreamingComponentsUnregistrationGranularity:5]]
LogConfig: Setting CVar [[s.FlushStreamingOnExit:1]]
LogInit: Object subsystem initialized
LogConfig: Setting CVar [[con.DebugEarlyDefault:1]]
LogConfig: Setting CVar [[r.setres:1280x720]]
[2023.03.05-14.28.51:766][  0]LogConfig: Setting CVar [[con.DebugEarlyDefault:1]]
[2023.03.05-14.28.51:766][  0]LogConfig: Setting CVar [[r.setres:1280x720]]
[2023.03.05-14.28.51:767][  0]LogConfig: Applying CVar settings from Section [/Script/Engine.RendererSettings] File [C:/Users/ggbat/Documents/Unreal Projects/MyProject/Saved/Config/Windows/Engine.ini]
[2023.03.05-14.28.51:767][  0]LogConfig: Setting CVar [[r.GPUCrashDebugging:0]]
[2023.03.05-14.28.51:768][  0]LogConfig: Applying CVar settings from Section [/Script/Engine.RendererOverrideSettings] File [C:/Users/ggbat/Documents/Unreal Projects/MyProject/Saved/Config/Windows/Engine.ini]
[2023.03.05-14.28.51:769][  0]LogConfig: Applying CVar settings from Section [/Script/Engine.StreamingSettings] File [C:/Users/ggbat/Documents/Unreal Projects/MyProject/Saved/Config/Windows/Engine.ini]
[2023.03.05-14.28.51:770][  0]LogConfig: Setting CVar [[s.MinBulkDataSizeForAsyncLoading:131072]]
[2023.03.05-14.28.51:770][  0]LogConfig: Setting CVar [[s.AsyncLoadingThreadEnabled:0]]
[2023.03.05-14.28.51:771][  0]LogConfig: Setting CVar [[s.EventDrivenLoaderEnabled:1]]
[2023.03.05-14.28.51:772][  0]LogConfig: Setting CVar [[s.WarnIfTimeLimitExceeded:0]]
[2023.03.05-14.28.51:773][  0]LogConfig: Setting CVar [[s.TimeLimitExceededMultiplier:1.5]]
[2023.03.05-14.28.51:773][  0]LogConfig: Setting CVar [[s.TimeLimitExceededMinTime:0.005]]
[2023.03.05-14.28.51:774][  0]LogConfig: Setting CVar [[s.UseBackgroundLevelStreaming:1]]
[2023.03.05-14.28.51:774][  0]LogConfig: Setting CVar [[s.PriorityAsyncLoadingExtraTime:15.0]]
[2023.03.05-14.28.51:775][  0]LogConfig: Setting CVar [[s.LevelStreamingActorsUpdateTimeLimit:5.0]]
[2023.03.05-14.28.51:775][  0]LogConfig: Setting CVar [[s.PriorityLevelStreamingActorsUpdateExtraTime:5.0]]
[2023.03.05-14.28.51:776][  0]LogConfig: Setting CVar [[s.LevelStreamingComponentsRegistrationGranularity:10]]
[2023.03.05-14.28.51:777][  0]LogConfig: Setting CVar [[s.UnregisterComponentsTimeLimit:1.0]]
[2023.03.05-14.28.51:777][  0]LogConfig: Setting CVar [[s.LevelStreamingComponentsUnregistrationGranularity:5]]
[2023.03.05-14.28.51:778][  0]LogConfig: Setting CVar [[s.FlushStreamingOnExit:1]]
[2023.03.05-14.28.51:778][  0]LogConfig: Applying CVar settings from Section [/Script/Engine.GarbageCollectionSettings] File [C:/Users/ggbat/Documents/Unreal Projects/MyProject/Saved/Config/Windows/Engine.ini]
[2023.03.05-14.28.51:779][  0]LogConfig: Setting CVar [[gc.MaxObjectsNotConsideredByGC:1]]
[2023.03.05-14.28.51:779][  0]LogConfig: Setting CVar [[gc.SizeOfPermanentObjectPool:0]]
[2023.03.05-14.28.51:780][  0]LogConfig: Setting CVar [[gc.FlushStreamingOnGC:0]]
[2023.03.05-14.28.51:780][  0]LogConfig: Setting CVar [[gc.NumRetriesBeforeForcingGC:10]]
[2023.03.05-14.28.51:781][  0]LogConfig: Setting CVar [[gc.AllowParallelGC:1]]
[2023.03.05-14.28.51:781][  0]LogConfig: Setting CVar [[gc.TimeBetweenPurgingPendingKillObjects:61.1]]
[2023.03.05-14.28.51:782][  0]LogConfig: Setting CVar [[gc.MaxObjectsInEditor:25165824]]
[2023.03.05-14.28.51:782][  0]LogConfig: Setting CVar [[gc.IncrementalBeginDestroyEnabled:1]]
[2023.03.05-14.28.51:783][  0]LogConfig: Setting CVar [[gc.CreateGCClusters:1]]
[2023.03.05-14.28.51:784][  0]LogConfig: Setting CVar [[gc.MinGCClusterSize:5]]
[2023.03.05-14.28.51:785][  0]LogConfig: Setting CVar [[gc.ActorClusteringEnabled:0]]
[2023.03.05-14.28.51:787][  0]LogConfig: Setting CVar [[gc.BlueprintClusteringEnabled:0]]
[2023.03.05-14.28.51:787][  0]LogConfig: Setting CVar [[gc.UseDisregardForGCOnDedicatedServers:0]]
[2023.03.05-14.28.51:787][  0]LogConfig: Setting CVar [[gc.MultithreadedDestructionEnabled:1]]
[2023.03.05-14.28.51:788][  0]LogConfig: Applying CVar settings from Section [/Script/Engine.NetworkSettings] File [C:/Users/ggbat/Documents/Unreal Projects/MyProject/Saved/Config/Windows/Engine.ini]
[2023.03.05-14.28.51:788][  0]LogConfig: Applying CVar settings from Section [/Script/UnrealEd.CookerSettings] File [C:/Users/ggbat/Documents/Unreal Projects/MyProject/Saved/Config/Windows/Engine.ini]
[2023.03.05-14.28.51:789][  0]LogConfig: Applying CVar settings from Section [ViewDistanceQuality@3] File [C:/Users/ggbat/Documents/Unreal Projects/MyProject/Saved/Config/Windows/Scalability.ini]
[2023.03.05-14.28.51:789][  0]LogConfig: Setting CVar [[r.SkeletalMeshLODBias:0]]
[2023.03.05-14.28.51:790][  0]LogConfig: Setting CVar [[r.ViewDistanceScale:1.0]]
[2023.03.05-14.28.51:790][  0]LogConfig: Applying CVar settings from Section [AntiAliasingQuality@3] File [C:/Users/ggbat/Documents/Unreal Projects/MyProject/Saved/Config/Windows/Scalability.ini]
[2023.03.05-14.28.51:791][  0]LogConfig: Setting CVar [[r.PostProcessAAQuality:4]]
[2023.03.05-14.28.51:791][  0]LogConfig: Applying CVar settings from Section [ShadowQuality@3] File [C:/Users/ggbat/Documents/Unreal Projects/MyProject/Saved/Config/Windows/Scalability.ini]
[2023.03.05-14.28.51:792][  0]LogConfig: Setting CVar [[r.LightFunctionQuality:1]]
[2023.03.05-14.28.51:792][  0]LogConfig: Setting CVar [[r.ShadowQuality:5]]
[2023.03.05-14.28.51:793][  0]LogConfig: Setting CVar [[r.Shadow.CSM.MaxCascades:10]]
[2023.03.05-14.28.51:793][  0]LogConfig: Setting CVar [[r.Shadow.MaxResolution:2048]]
[2023.03.05-14.28.51:794][  0]LogConfig: Setting CVar [[r.Shadow.MaxCSMResolution:2048]]
[2023.03.05-14.28.51:794][  0]LogConfig: Setting CVar [[r.Shadow.RadiusThreshold:0.01]]
[2023.03.05-14.28.51:795][  0]LogConfig: Setting CVar [[r.Shadow.DistanceScale:1.0]]
[2023.03.05-14.28.51:795][  0]LogConfig: Setting CVar [[r.Shadow.CSM.TransitionScale:1.0]]
[2023.03.05-14.28.51:796][  0]LogConfig: Setting CVar [[r.Shadow.PreShadowResolutionFactor:1.0]]
[2023.03.05-14.28.51:796][  0]LogConfig: Setting CVar [[r.DistanceFieldShadowing:1]]
[2023.03.05-14.28.51:797][  0]LogConfig: Setting CVar [[r.DistanceFieldAO:1]]
[2023.03.05-14.28.51:797][  0]LogConfig: Setting CVar [[r.AOQuality:2]]
[2023.03.05-14.28.51:797][  0]LogConfig: Setting CVar [[r.VolumetricFog:1]]
[2023.03.05-14.28.51:798][  0]LogConfig: Setting CVar [[r.VolumetricFog.GridPixelSize:8]]
[2023.03.05-14.28.51:799][  0]LogConfig: Setting CVar [[r.VolumetricFog.GridSizeZ:128]]
[2023.03.05-14.28.51:799][  0]LogConfig: Setting CVar [[r.VolumetricFog.HistoryMissSupersampleCount:4]]
[2023.03.05-14.28.51:800][  0]LogConfig: Setting CVar [[r.LightMaxDrawDistanceScale:1]]
[2023.03.05-14.28.51:800][  0]LogConfig: Setting CVar [[r.CapsuleShadows:1]]
[2023.03.05-14.28.51:801][  0]LogConfig: Applying CVar settings from Section [PostProcessQuality@3] File [C:/Users/ggbat/Documents/Unreal Projects/MyProject/Saved/Config/Windows/Scalability.ini]
[2023.03.05-14.28.51:801][  0]LogConfig: Setting CVar [[r.MotionBlurQuality:4]]
[2023.03.05-14.28.51:802][  0]LogConfig: Setting CVar [[r.AmbientOcclusionMipLevelFactor:0.4]]
[2023.03.05-14.28.51:803][  0]LogConfig: Setting CVar [[r.AmbientOcclusionMaxQuality:100]]
[2023.03.05-14.28.51:803][  0]LogConfig: Setting CVar [[r.AmbientOcclusionLevels:-1]]
[2023.03.05-14.28.51:803][  0]LogConfig: Setting CVar [[r.AmbientOcclusionRadiusScale:1.0]]
[2023.03.05-14.28.51:804][  0]LogConfig: Setting CVar [[r.DepthOfFieldQuality:2]]
[2023.03.05-14.28.51:805][  0]LogConfig: Setting CVar [[r.RenderTargetPoolMin:400]]
[2023.03.05-14.28.51:805][  0]LogConfig: Setting CVar [[r.LensFlareQuality:2]]
[2023.03.05-14.28.51:806][  0]LogConfig: Setting CVar [[r.SceneColorFringeQuality:1]]
[2023.03.05-14.28.51:806][  0]LogConfig: Setting CVar [[r.EyeAdaptationQuality:2]]
[2023.03.05-14.28.51:806][  0]LogConfig: Setting CVar [[r.BloomQuality:5]]
[2023.03.05-14.28.51:807][  0]LogConfig: Setting CVar [[r.FastBlurThreshold:100]]
[2023.03.05-14.28.51:807][  0]LogConfig: Setting CVar [[r.Upscale.Quality:3]]
[2023.03.05-14.28.51:808][  0]LogConfig: Setting CVar [[r.Tonemapper.GrainQuantization:1]]
[2023.03.05-14.28.51:808][  0]LogConfig: Setting CVar [[r.LightShaftQuality:1]]
[2023.03.05-14.28.51:808][  0]LogConfig: Setting CVar [[r.Filter.SizeScale:1]]
[2023.03.05-14.28.51:809][  0]LogConfig: Setting CVar [[r.Tonemapper.Quality:5]]
[2023.03.05-14.28.51:810][  0]LogConfig: Setting CVar [[r.DOF.Gather.AccumulatorQuality:1        ; higher gathering accumulator quality]]
[2023.03.05-14.28.51:811][  0]LogConfig: Setting CVar [[r.DOF.Gather.PostfilterMethod:1          ; Median3x3 postfilering method]]
[2023.03.05-14.28.51:811][  0]LogConfig: Setting CVar [[r.DOF.Gather.EnableBokehSettings:0       ; no bokeh simulation when gathering]]
[2023.03.05-14.28.51:812][  0]LogConfig: Setting CVar [[r.DOF.Gather.RingCount:4                 ; medium number of samples when gathering]]
[2023.03.05-14.28.51:813][  0]LogConfig: Setting CVar [[r.DOF.Scatter.ForegroundCompositing:1    ; additive foreground scattering]]
[2023.03.05-14.28.51:814][  0]LogConfig: Setting CVar [[r.DOF.Scatter.BackgroundCompositing:2    ; additive background scattering]]
[2023.03.05-14.28.51:814][  0]LogConfig: Setting CVar [[r.DOF.Scatter.EnableBokehSettings:1      ; bokeh simulation when scattering]]
[2023.03.05-14.28.51:815][  0]LogConfig: Setting CVar [[r.DOF.Scatter.MaxSpriteRatio:0.1         ; only a maximum of 10% of scattered bokeh]]
[2023.03.05-14.28.51:815][  0]LogConfig: Setting CVar [[r.DOF.Recombine.Quality:1                ; cheap slight out of focus]]
[2023.03.05-14.28.51:816][  0]LogConfig: Setting CVar [[r.DOF.Recombine.EnableBokehSettings:0    ; no bokeh simulation on slight out of focus]]
[2023.03.05-14.28.51:816][  0]LogConfig: Setting CVar [[r.DOF.TemporalAAQuality:1                ; more stable temporal accumulation]]
[2023.03.05-14.28.51:817][  0]LogConfig: Setting CVar [[r.DOF.Kernel.MaxForegroundRadius:0.025]]
[2023.03.05-14.28.51:817][  0]LogConfig: Setting CVar [[r.DOF.Kernel.MaxBackgroundRadius:0.025]]
[2023.03.05-14.28.51:818][  0]LogConfig: Applying CVar settings from Section [TextureQuality@3] File [C:/Users/ggbat/Documents/Unreal Projects/MyProject/Saved/Config/Windows/Scalability.ini]
[2023.03.05-14.28.51:818][  0]LogConfig: Setting CVar [[r.Streaming.MipBias:0]]
[2023.03.05-14.28.51:820][  0]LogConfig: Setting CVar [[r.Streaming.AmortizeCPUToGPUCopy:0]]
[2023.03.05-14.28.51:820][  0]LogConfig: Setting CVar [[r.Streaming.MaxNumTexturesToStreamPerFrame:0]]
[2023.03.05-14.28.51:820][  0]LogConfig: Setting CVar [[r.Streaming.Boost:1]]
[2023.03.05-14.28.51:821][  0]LogConfig: Setting CVar [[r.MaxAnisotropy:8]]
[2023.03.05-14.28.51:821][  0]LogConfig: Setting CVar [[r.VT.MaxAnisotropy:8]]
[2023.03.05-14.28.51:822][  0]LogConfig: Setting CVar [[r.Streaming.LimitPoolSizeToVRAM:0]]
[2023.03.05-14.28.51:822][  0]LogConfig: Setting CVar [[r.Streaming.PoolSize:1000]]
[2023.03.05-14.28.51:823][  0]LogConfig: Setting CVar [[r.Streaming.MaxEffectiveScreenSize:0]]
[2023.03.05-14.28.51:823][  0]LogConfig: Applying CVar settings from Section [EffectsQuality@3] File [C:/Users/ggbat/Documents/Unreal Projects/MyProject/Saved/Config/Windows/Scalability.ini]
[2023.03.05-14.28.51:824][  0]LogConfig: Setting CVar [[r.TranslucencyLightingVolumeDim:64]]
[2023.03.05-14.28.51:824][  0]LogConfig: Setting CVar [[r.RefractionQuality:2]]
[2023.03.05-14.28.51:825][  0]LogConfig: Setting CVar [[r.SSR.Quality:3]]
[2023.03.05-14.28.51:825][  0]LogConfig: Setting CVar [[r.SSR.HalfResSceneColor:0]]
[2023.03.05-14.28.51:826][  0]LogConfig: Setting CVar [[r.SceneColorFormat:4]]
[2023.03.05-14.28.51:826][  0]LogConfig: Setting CVar [[r.DetailMode:2]]
[2023.03.05-14.28.51:827][  0]LogConfig: Setting CVar [[r.TranslucencyVolumeBlur:1]]
[2023.03.05-14.28.51:827][  0]LogConfig: Setting CVar [[r.MaterialQualityLevel:1 ; High quality]]
[2023.03.05-14.28.51:827][  0]LogConfig: Setting CVar [[r.AnisotropicMaterials:1]]
[2023.03.05-14.28.51:828][  0]LogConfig: Setting CVar [[r.SSS.Scale:1]]
[2023.03.05-14.28.51:829][  0]LogConfig: Setting CVar [[r.SSS.SampleSet:2]]
[2023.03.05-14.28.51:829][  0]LogConfig: Setting CVar [[r.SSS.Quality:1]]
[2023.03.05-14.28.51:829][  0]LogConfig: Setting CVar [[r.SSS.HalfRes:0]]
[2023.03.05-14.28.51:830][  0]LogConfig: Setting CVar [[r.SSGI.Quality:3]]
[2023.03.05-14.28.51:830][  0]LogConfig: Setting CVar [[r.EmitterSpawnRateScale:1.0]]
[2023.03.05-14.28.51:831][  0]LogConfig: Setting CVar [[r.ParticleLightQuality:2]]
[2023.03.05-14.28.51:831][  0]LogConfig: Setting CVar [[r.SkyAtmosphere.AerialPerspectiveLUT.FastApplyOnOpaque:1 ; Always have FastSkyLUT 1 in this case to avoid wrong sky]]
[2023.03.05-14.28.51:832][  0]LogConfig: Setting CVar [[r.SkyAtmosphere.AerialPerspectiveLUT.SampleCountMaxPerSlice:4]]
[2023.03.05-14.28.51:832][  0]LogConfig: Setting CVar [[r.SkyAtmosphere.AerialPerspectiveLUT.DepthResolution:16.0]]
[2023.03.05-14.28.51:833][  0]LogConfig: Setting CVar [[r.SkyAtmosphere.FastSkyLUT:1]]
[2023.03.05-14.28.51:833][  0]LogConfig: Setting CVar [[r.SkyAtmosphere.FastSkyLUT.SampleCountMin:4.0]]
[2023.03.05-14.28.51:834][  0]LogConfig: Setting CVar [[r.SkyAtmosphere.FastSkyLUT.SampleCountMax:128.0]]
[2023.03.05-14.28.51:836][  0]LogConfig: Setting CVar [[r.SkyAtmosphere.SampleCountMin:4.0]]
[2023.03.05-14.28.51:841][  0]LogConfig: Setting CVar [[r.SkyAtmosphere.SampleCountMax:128.0]]
[2023.03.05-14.28.51:848][  0]LogConfig: Setting CVar [[r.SkyAtmosphere.TransmittanceLUT.UseSmallFormat:0]]
[2023.03.05-14.28.51:849][  0]LogConfig: Setting CVar [[r.SkyAtmosphere.TransmittanceLUT.SampleCount:10.0]]
[2023.03.05-14.28.51:860][  0]LogConfig: Setting CVar [[r.SkyAtmosphere.MultiScatteringLUT.SampleCount:15.0]]
[2023.03.05-14.28.51:877][  0]LogConfig: Setting CVar [[r.SkyLight.RealTimeReflectionCapture:1]]
[2023.03.05-14.28.51:883][  0]LogConfig: Applying CVar settings from Section [FoliageQuality@3] File [C:/Users/ggbat/Documents/Unreal Projects/MyProject/Saved/Config/Windows/Scalability.ini]
[2023.03.05-14.28.51:894][  0]LogConfig: Setting CVar [[foliage.DensityScale:1.0]]
[2023.03.05-14.28.51:906][  0]LogConfig: Setting CVar [[grass.DensityScale:1.0]]
[2023.03.05-14.28.51:930][  0]LogConfig: Applying CVar settings from Section [ShadingQuality@3] File [C:/Users/ggbat/Documents/Unreal Projects/MyProject/Saved/Config/Windows/Scalability.ini]
[2023.03.05-14.28.51:984][  0]LogConfig: Setting CVar [[r.HairStrands.SkyLighting.IntegrationType:2]]
[2023.03.05-14.28.52:006][  0]LogConfig: Setting CVar [[r.HairStrands.SkyAO.SampleCount:4]]
[2023.03.05-14.28.52:073][  0]LogConfig: Setting CVar [[r.HairStrands.Visibility.MSAA.SamplePerPixel:4]]
[2023.03.05-14.28.52:105][  0]LogInit: Selected Device Profile: [Windows]
[2023.03.05-14.28.52:139][  0]LogInit: Applying CVar settings loaded from the selected device profile: [Windows]
[2023.03.05-14.28.52:167][  0]LogHAL: Display: Platform has ~ 16 GB [17121173504 / 17179869184 / 16], which maps to Larger [LargestMinGB=32, LargerMinGB=12, DefaultMinGB=8, SmallerMinGB=6, SmallestMinGB=0)
[2023.03.05-14.28.52:197][  0]LogInit: Going up to parent DeviceProfile []
[2023.03.05-14.28.52:218][  0]LogConfig: Applying CVar settings from Section [ViewDistanceQuality@3] File [C:/Users/ggbat/Documents/Unreal Projects/MyProject/Saved/Config/Windows/Scalability.ini]
[2023.03.05-14.28.52:249][  0]LogConfig: Setting CVar [[r.SkeletalMeshLODBias:0]]
[2023.03.05-14.28.52:271][  0]LogConfig: Setting CVar [[r.ViewDistanceScale:1.0]]
[2023.03.05-14.28.52:349][  0]LogConfig: Applying CVar settings from Section [AntiAliasingQuality@3] File [C:/Users/ggbat/Documents/Unreal Projects/MyProject/Saved/Config/Windows/Scalability.ini]
[2023.03.05-14.28.52:448][  0]LogConfig: Setting CVar [[r.PostProcessAAQuality:4]]
[2023.03.05-14.28.52:534][  0]LogConfig: Applying CVar settings from Section [ShadowQuality@3] File [C:/Users/ggbat/Documents/Unreal Projects/MyProject/Saved/Config/Windows/Scalability.ini]
[2023.03.05-14.28.52:597][  0]LogConfig: Setting CVar [[r.LightFunctionQuality:1]]
[2023.03.05-14.28.52:626][  0]LogConfig: Setting CVar [[r.ShadowQuality:5]]
[2023.03.05-14.28.52:674][  0]LogConfig: Setting CVar [[r.Shadow.CSM.MaxCascades:10]]
[2023.03.05-14.28.52:722][  0]LogConfig: Setting CVar [[r.Shadow.MaxResolution:2048]]
[2023.03.05-14.28.52:769][  0]LogConfig: Setting CVar [[r.Shadow.MaxCSMResolution:2048]]
[2023.03.05-14.28.52:799][  0]LogConfig: Setting CVar [[r.Shadow.RadiusThreshold:0.01]]
[2023.03.05-14.28.52:811][  0]LogConfig: Setting CVar [[r.Shadow.DistanceScale:1.0]]
[2023.03.05-14.28.52:821][  0]LogConfig: Setting CVar [[r.Shadow.CSM.TransitionScale:1.0]]
[2023.03.05-14.28.52:824][  0]LogConfig: Setting CVar [[r.Shadow.PreShadowResolutionFactor:1.0]]
[2023.03.05-14.28.52:825][  0]LogConfig: Setting CVar [[r.DistanceFieldShadowing:1]]
[2023.03.05-14.28.52:840][  0]LogConfig: Setting CVar [[r.DistanceFieldAO:1]]
[2023.03.05-14.28.52:847][  0]LogConfig: Setting CVar [[r.AOQuality:2]]
[2023.03.05-14.28.52:850][  0]LogConfig: Setting CVar [[r.VolumetricFog:1]]
[2023.03.05-14.28.52:851][  0]LogConfig: Setting CVar [[r.VolumetricFog.GridPixelSize:8]]
[2023.03.05-14.28.52:857][  0]LogConfig: Setting CVar [[r.VolumetricFog.GridSizeZ:128]]
[2023.03.05-14.28.52:861][  0]LogConfig: Setting CVar [[r.VolumetricFog.HistoryMissSupersampleCount:4]]
[2023.03.05-14.28.52:884][  0]LogConfig: Setting CVar [[r.LightMaxDrawDistanceScale:1]]
[2023.03.05-14.28.52:897][  0]LogConfig: Setting CVar [[r.CapsuleShadows:1]]
[2023.03.05-14.28.52:898][  0]LogConfig: Applying CVar settings from Section [PostProcessQuality@3] File [C:/Users/ggbat/Documents/Unreal Projects/MyProject/Saved/Config/Windows/Scalability.ini]
[2023.03.05-14.28.52:899][  0]LogConfig: Setting CVar [[r.MotionBlurQuality:4]]
[2023.03.05-14.28.52:905][  0]LogConfig: Setting CVar [[r.AmbientOcclusionMipLevelFactor:0.4]]
[2023.03.05-14.28.52:906][  0]LogConfig: Setting CVar [[r.AmbientOcclusionMaxQuality:100]]
[2023.03.05-14.28.52:907][  0]LogConfig: Setting CVar [[r.AmbientOcclusionLevels:-1]]
[2023.03.05-14.28.52:908][  0]LogConfig: Setting CVar [[r.AmbientOcclusionRadiusScale:1.0]]
[2023.03.05-14.28.52:909][  0]LogConfig: Setting CVar [[r.DepthOfFieldQuality:2]]
[2023.03.05-14.28.52:909][  0]LogConfig: Setting CVar [[r.RenderTargetPoolMin:400]]
[2023.03.05-14.28.52:912][  0]LogConfig: Setting CVar [[r.LensFlareQuality:2]]
[2023.03.05-14.28.52:914][  0]LogConfig: Setting CVar [[r.SceneColorFringeQuality:1]]
[2023.03.05-14.28.52:917][  0]LogConfig: Setting CVar [[r.EyeAdaptationQuality:2]]
[2023.03.05-14.28.52:922][  0]LogConfig: Setting CVar [[r.BloomQuality:5]]
[2023.03.05-14.28.52:922][  0]LogConfig: Setting CVar [[r.FastBlurThreshold:100]]
[2023.03.05-14.28.52:924][  0]LogConfig: Setting CVar [[r.Upscale.Quality:3]]
[2023.03.05-14.28.52:925][  0]LogConfig: Setting CVar [[r.Tonemapper.GrainQuantization:1]]
[2023.03.05-14.28.52:925][  0]LogConfig: Setting CVar [[r.LightShaftQuality:1]]
[2023.03.05-14.28.52:926][  0]LogConfig: Setting CVar [[r.Filter.SizeScale:1]]
[2023.03.05-14.28.52:928][  0]LogConfig: Setting CVar [[r.Tonemapper.Quality:5]]
[2023.03.05-14.28.52:929][  0]LogConfig: Setting CVar [[r.DOF.Gather.AccumulatorQuality:1        ; higher gathering accumulator quality]]
[2023.03.05-14.28.52:931][  0]LogConfig: Setting CVar [[r.DOF.Gather.PostfilterMethod:1          ; Median3x3 postfilering method]]
[2023.03.05-14.28.52:937][  0]LogConfig: Setting CVar [[r.DOF.Gather.EnableBokehSettings:0       ; no bokeh simulation when gathering]]
[2023.03.05-14.28.52:938][  0]LogConfig: Setting CVar [[r.DOF.Gather.RingCount:4                 ; medium number of samples when gathering]]
[2023.03.05-14.28.52:939][  0]LogConfig: Setting CVar [[r.DOF.Scatter.ForegroundCompositing:1    ; additive foreground scattering]]
[2023.03.05-14.28.52:939][  0]LogConfig: Setting CVar [[r.DOF.Scatter.BackgroundCompositing:2    ; additive background scattering]]
[2023.03.05-14.28.52:940][  0]LogConfig: Setting CVar [[r.DOF.Scatter.EnableBokehSettings:1      ; bokeh simulation when scattering]]
[2023.03.05-14.28.52:941][  0]LogConfig: Setting CVar [[r.DOF.Scatter.MaxSpriteRatio:0.1         ; only a maximum of 10% of scattered bokeh]]
[2023.03.05-14.28.52:942][  0]LogConfig: Setting CVar [[r.DOF.Recombine.Quality:1                ; cheap slight out of focus]]
[2023.03.05-14.28.52:942][  0]LogConfig: Setting CVar [[r.DOF.Recombine.EnableBokehSettings:0    ; no bokeh simulation on slight out of focus]]
[2023.03.05-14.28.52:943][  0]LogConfig: Setting CVar [[r.DOF.TemporalAAQuality:1                ; more stable temporal accumulation]]
[2023.03.05-14.28.52:944][  0]LogConfig: Setting CVar [[r.DOF.Kernel.MaxForegroundRadius:0.025]]
[2023.03.05-14.28.52:946][  0]LogConfig: Setting CVar [[r.DOF.Kernel.MaxBackgroundRadius:0.025]]
[2023.03.05-14.28.52:947][  0]LogConfig: Applying CVar settings from Section [TextureQuality@3] File [C:/Users/ggbat/Documents/Unreal Projects/MyProject/Saved/Config/Windows/Scalability.ini]
[2023.03.05-14.28.52:947][  0]LogConfig: Setting CVar [[r.Streaming.MipBias:0]]
[2023.03.05-14.28.52:948][  0]LogConfig: Setting CVar [[r.Streaming.AmortizeCPUToGPUCopy:0]]
[2023.03.05-14.28.52:948][  0]LogConfig: Setting CVar [[r.Streaming.MaxNumTexturesToStreamPerFrame:0]]
[2023.03.05-14.28.52:949][  0]LogConfig: Setting CVar [[r.Streaming.Boost:1]]
[2023.03.05-14.28.52:949][  0]LogConfig: Setting CVar [[r.MaxAnisotropy:8]]
[2023.03.05-14.28.52:950][  0]LogConfig: Setting CVar [[r.VT.MaxAnisotropy:8]]
[2023.03.05-14.28.52:951][  0]LogConfig: Setting CVar [[r.Streaming.LimitPoolSizeToVRAM:0]]
[2023.03.05-14.28.52:951][  0]LogConfig: Setting CVar [[r.Streaming.PoolSize:1000]]
[2023.03.05-14.28.52:952][  0]LogConfig: Setting CVar [[r.Streaming.MaxEffectiveScreenSize:0]]
[2023.03.05-14.28.52:954][  0]LogConfig: Applying CVar settings from Section [EffectsQuality@3] File [C:/Users/ggbat/Documents/Unreal Projects/MyProject/Saved/Config/Windows/Scalability.ini]
[2023.03.05-14.28.52:955][  0]LogConfig: Setting CVar [[r.TranslucencyLightingVolumeDim:64]]
[2023.03.05-14.28.52:955][  0]LogConfig: Setting CVar [[r.RefractionQuality:2]]
[2023.03.05-14.28.52:958][  0]LogConfig: Setting CVar [[r.SSR.Quality:3]]
[2023.03.05-14.28.52:958][  0]LogConfig: Setting CVar [[r.SSR.HalfResSceneColor:0]]
[2023.03.05-14.28.52:959][  0]LogConfig: Setting CVar [[r.SceneColorFormat:4]]
[2023.03.05-14.28.52:959][  0]LogConfig: Setting CVar [[r.DetailMode:2]]
[2023.03.05-14.28.52:960][  0]LogConfig: Setting CVar [[r.TranslucencyVolumeBlur:1]]
[2023.03.05-14.28.52:961][  0]LogConfig: Setting CVar [[r.MaterialQualityLevel:1 ; High quality]]
[2023.03.05-14.28.52:962][  0]LogConfig: Setting CVar [[r.AnisotropicMaterials:1]]
[2023.03.05-14.28.52:962][  0]LogConfig: Setting CVar [[r.SSS.Scale:1]]
[2023.03.05-14.28.52:963][  0]LogConfig: Setting CVar [[r.SSS.SampleSet:2]]
[2023.03.05-14.28.52:964][  0]LogConfig: Setting CVar [[r.SSS.Quality:1]]
[2023.03.05-14.28.52:964][  0]LogConfig: Setting CVar [[r.SSS.HalfRes:0]]
[2023.03.05-14.28.52:965][  0]LogConfig: Setting CVar [[r.SSGI.Quality:3]]
[2023.03.05-14.28.52:966][  0]LogConfig: Setting CVar [[r.EmitterSpawnRateScale:1.0]]
[2023.03.05-14.28.52:966][  0]LogConfig: Setting CVar [[r.ParticleLightQuality:2]]
[2023.03.05-14.28.52:967][  0]LogConfig: Setting CVar [[r.SkyAtmosphere.AerialPerspectiveLUT.FastApplyOnOpaque:1 ; Always have FastSkyLUT 1 in this case to avoid wrong sky]]
[2023.03.05-14.28.52:967][  0]LogConfig: Setting CVar [[r.SkyAtmosphere.AerialPerspectiveLUT.SampleCountMaxPerSlice:4]]
[2023.03.05-14.28.52:968][  0]LogConfig: Setting CVar [[r.SkyAtmosphere.AerialPerspectiveLUT.DepthResolution:16.0]]
[2023.03.05-14.28.52:969][  0]LogConfig: Setting CVar [[r.SkyAtmosphere.FastSkyLUT:1]]
[2023.03.05-14.28.52:970][  0]LogConfig: Setting CVar [[r.SkyAtmosphere.FastSkyLUT.SampleCountMin:4.0]]
[2023.03.05-14.28.52:971][  0]LogConfig: Setting CVar [[r.SkyAtmosphere.FastSkyLUT.SampleCountMax:128.0]]
[2023.03.05-14.28.52:972][  0]LogConfig: Setting CVar [[r.SkyAtmosphere.SampleCountMin:4.0]]
[2023.03.05-14.28.52:972][  0]LogConfig: Setting CVar [[r.SkyAtmosphere.SampleCountMax:128.0]]
[2023.03.05-14.28.52:973][  0]LogConfig: Setting CVar [[r.SkyAtmosphere.TransmittanceLUT.UseSmallFormat:0]]
[2023.03.05-14.28.52:974][  0]LogConfig: Setting CVar [[r.SkyAtmosphere.TransmittanceLUT.SampleCount:10.0]]
[2023.03.05-14.28.52:974][  0]LogConfig: Setting CVar [[r.SkyAtmosphere.MultiScatteringLUT.SampleCount:15.0]]
[2023.03.05-14.28.52:975][  0]LogConfig: Setting CVar [[r.SkyLight.RealTimeReflectionCapture:1]]
[2023.03.05-14.28.52:977][  0]LogConfig: Applying CVar settings from Section [FoliageQuality@3] File [C:/Users/ggbat/Documents/Unreal Projects/MyProject/Saved/Config/Windows/Scalability.ini]
[2023.03.05-14.28.52:977][  0]LogConfig: Setting CVar [[foliage.DensityScale:1.0]]
[2023.03.05-14.28.52:979][  0]LogConfig: Setting CVar [[grass.DensityScale:1.0]]
[2023.03.05-14.28.52:980][  0]LogConfig: Applying CVar settings from Section [ShadingQuality@3] File [C:/Users/ggbat/Documents/Unreal Projects/MyProject/Saved/Config/Windows/Scalability.ini]
[2023.03.05-14.28.52:981][  0]LogConfig: Setting CVar [[r.HairStrands.SkyLighting.IntegrationType:2]]
[2023.03.05-14.28.52:981][  0]LogConfig: Setting CVar [[r.HairStrands.SkyAO.SampleCount:4]]
[2023.03.05-14.28.52:982][  0]LogConfig: Setting CVar [[r.HairStrands.Visibility.MSAA.SamplePerPixel:4]]
[2023.03.05-14.28.52:982][  0]LogConfig: Applying CVar settings from Section [Startup] File [../../../Engine/Config/ConsoleVariables.ini]
[2023.03.05-14.28.52:984][  0]LogConfig: Setting CVar [[net.UseAdaptiveNetUpdateFrequency:0]]
[2023.03.05-14.28.52:984][  0]LogConfig: Setting CVar [[p.chaos.AllowCreatePhysxBodies:1]]
[2023.03.05-14.28.52:985][  0]LogConfig: Setting CVar [[fx.SkipVectorVMBackendOptimizations:1]]
[2023.03.05-14.28.52:985][  0]LogConfig: Applying CVar settings from Section [ConsoleVariables] File [C:/Users/ggbat/Documents/Unreal Projects/MyProject/Saved/Config/Windows/Engine.ini]
[2023.03.05-14.28.52:987][  0]LogConfig: Applying CVar settings from Section [ConsoleVariables] File [C:/Users/ggbat/Documents/Unreal Projects/MyProject/Saved/Config/Windows/Editor.ini]
[2023.03.05-14.28.52:989][  0]LogInit: Computer: DESKTOP-E4U2PF8
[2023.03.05-14.28.52:989][  0]LogInit: User: ggbat
[2023.03.05-14.28.52:991][  0]LogInit: CPU Page size=4096, Cores=4
[2023.03.05-14.28.52:992][  0]LogInit: High frequency timer resolution =10.000000 MHz
[2023.03.05-14.28.52:993][  0]LogMemory: Memory total: Physical=15.9GB (16GB approx)
[2023.03.05-14.28.52:996][  0]LogMemory: Platform Memory Stats for Windows
[2023.03.05-14.28.52:998][  0]LogMemory: Process Physical Memory: 131.68 MB used, 131.68 MB peak
[2023.03.05-14.28.52:999][  0]LogMemory: Process Virtual Memory: 111.46 MB used, 111.46 MB peak
[2023.03.05-14.28.53:000][  0]LogMemory: Physical Memory: 9992.96 MB used,  6335.06 MB free, 16328.02 MB total
[2023.03.05-14.28.53:001][  0]LogMemory: Virtual Memory: 134213864.00 MB used,  3864.04 MB free, 134217728.00 MB total
[2023.03.05-14.28.53:011][  0]LogWindows: WindowsPlatformFeatures enabled
[2023.03.05-14.28.53:070][  0]LogInit: Physics initialised using underlying interface: PhysX
[2023.03.05-14.28.53:070][  0]LogInit: Using OS detected language (fr-FR).
[2023.03.05-14.28.53:072][  0]LogInit: Using OS detected locale (fr-FR).
[2023.03.05-14.28.53:083][  0]LogTextLocalizationManager: No specific localization for 'fr-FR' exists, so the 'fr' localization will be used.
[2023.03.05-14.28.53:084][  0]LogTextLocalizationResource: LocRes '../../../Engine/Content/Localization/Editor/fr/Editor.locres' could not be opened for reading!
[2023.03.05-14.28.53:084][  0]LogTextLocalizationResource: LocRes '../../../Engine/Content/Localization/EditorTutorials/fr/EditorTutorials.locres' could not be opened for reading!
[2023.03.05-14.28.53:085][  0]LogTextLocalizationResource: LocRes '../../../Engine/Content/Localization/Keywords/fr/Keywords.locres' could not be opened for reading!
[2023.03.05-14.28.53:087][  0]LogTextLocalizationResource: LocRes '../../../Engine/Content/Localization/Category/fr/Category.locres' could not be opened for reading!
[2023.03.05-14.28.53:088][  0]LogTextLocalizationResource: LocRes '../../../Engine/Content/Localization/ToolTips/fr/ToolTips.locres' could not be opened for reading!
[2023.03.05-14.28.53:089][  0]LogTextLocalizationResource: LocRes '../../../Engine/Content/Localization/PropertyNames/fr/PropertyNames.locres' could not be opened for reading!
[2023.03.05-14.28.53:090][  0]LogTextLocalizationResource: LocRes '../../../Engine/Content/Localization/Engine/fr/Engine.locres' could not be opened for reading!
[2023.03.05-14.28.54:341][  0]LogTargetPlatformManager: Display: Loaded TargetPlatform 'AllDesktop'
[2023.03.05-14.28.54:385][  0]LogTargetPlatformManager: Display: Loaded TargetPlatform 'Android'
[2023.03.05-14.28.54:386][  0]LogTargetPlatformManager: Display: Loaded TargetPlatform 'Android_ASTC'
[2023.03.05-14.28.54:409][  0]LogTargetPlatformManager: Display: Loaded TargetPlatform 'Android_DXT'
[2023.03.05-14.28.54:414][  0]LogTargetPlatformManager: Display: Loaded TargetPlatform 'Android_ETC2'
[2023.03.05-14.28.54:450][  0]LogTargetPlatformManager: Display: Loaded TargetPlatform 'AndroidClient'
[2023.03.05-14.28.54:551][  0]LogTargetPlatformManager: Display: Loaded TargetPlatform 'Android_ASTCClient'
[2023.03.05-14.28.54:643][  0]LogTargetPlatformManager: Display: Loaded TargetPlatform 'Android_DXTClient'
[2023.03.05-14.28.54:652][  0]LogTargetPlatformManager: Display: Loaded TargetPlatform 'Android_ETC2Client'
[2023.03.05-14.28.54:657][  0]LogTargetPlatformManager: Display: Loaded TargetPlatform 'Android_Multi'
[2023.03.05-14.28.54:658][  0]LogTargetPlatformManager: Display: Loaded TargetPlatform 'Android_MultiClient'
[2023.03.05-14.28.54:693][  0]LogTargetPlatformManager: Display: Loaded TargetPlatform 'IOSClient'
[2023.03.05-14.28.54:693][  0]LogTargetPlatformManager: Display: Loaded TargetPlatform 'IOS'
[2023.03.05-14.28.54:709][  0]LogTargetPlatformManager: Display: Loaded TargetPlatform 'Linux'
[2023.03.05-14.28.54:715][  0]LogTargetPlatformManager: Display: Loaded TargetPlatform 'LinuxNoEditor'
[2023.03.05-14.28.54:722][  0]LogTargetPlatformManager: Display: Loaded TargetPlatform 'LinuxClient'
[2023.03.05-14.28.54:729][  0]LogTargetPlatformManager: Display: Loaded TargetPlatform 'LinuxServer'
[2023.03.05-14.28.54:745][  0]LogTargetPlatformManager: Display: Loaded TargetPlatform 'LinuxAArch64NoEditor'
[2023.03.05-14.28.54:752][  0]LogTargetPlatformManager: Display: Loaded TargetPlatform 'LinuxAArch64Client'
[2023.03.05-14.28.54:763][  0]LogTargetPlatformManager: Display: Loaded TargetPlatform 'LinuxAArch64Server'
[2023.03.05-14.28.54:830][  0]LogTargetPlatformManager: Display: Loaded TargetPlatform 'Lumin'
[2023.03.05-14.28.54:830][  0]LogTargetPlatformManager: Display: Loaded TargetPlatform 'LuminClient'
[2023.03.05-14.28.54:854][  0]LogTargetPlatformManager: Display: Loaded TargetPlatform 'MacNoEditor'
[2023.03.05-14.28.54:861][  0]LogTargetPlatformManager: Display: Loaded TargetPlatform 'Mac'
[2023.03.05-14.28.54:867][  0]LogTargetPlatformManager: Display: Loaded TargetPlatform 'MacClient'
[2023.03.05-14.28.54:874][  0]LogTargetPlatformManager: Display: Loaded TargetPlatform 'MacServer'
[2023.03.05-14.28.54:895][  0]LogTargetPlatformManager: Display: Loaded TargetPlatform 'TVOSClient'
[2023.03.05-14.28.54:895][  0]LogTargetPlatformManager: Display: Loaded TargetPlatform 'TVOS'
[2023.03.05-14.28.54:914][  0]LogTargetPlatformManager: Display: Loaded TargetPlatform 'WindowsNoEditor'
[2023.03.05-14.28.54:928][  0]LogTargetPlatformManager: Display: Loaded TargetPlatform 'Windows'
[2023.03.05-14.28.54:947][  0]LogTargetPlatformManager: Display: Loaded TargetPlatform 'WindowsClient'
[2023.03.05-14.28.54:958][  0]LogTargetPlatformManager: Display: Loaded TargetPlatform 'WindowsServer'
[2023.03.05-14.28.54:959][  0]LogTargetPlatformManager: Display: Building Assets For Windows
[2023.03.05-14.28.54:971][  0]LogAudioDebug: Display: Lib vorbis DLL was dynamically loaded.
[2023.03.05-14.28.55:018][  0]LogTextureFormatOodle: Display: Oodle Texture 2.9.0 init RDO Off
[2023.03.05-14.28.55:065][  0]LogRendererCore: Ray tracing is disabled. Reason: r.RayTracing=0.
[2023.03.05-14.28.55:066][  0]LogDerivedDataCache: Display: Max Cache Size: 512 MB
[2023.03.05-14.28.55:204][  0]LogDerivedDataCache: Loaded boot cache 0.14s 106MB C:/Users/ggbat/AppData/Local/UnrealEngine/4.27/DerivedDataCache/Boot.ddc.
[2023.03.05-14.28.55:204][  0]LogDerivedDataCache: Display: Loaded Boot cache: C:/Users/ggbat/AppData/Local/UnrealEngine/4.27/DerivedDataCache/Boot.ddc
[2023.03.05-14.28.55:209][  0]LogDerivedDataCache: FDerivedDataBackendGraph:  Pak pak cache file ../../../../../../Users/ggbat/Documents/Unreal Projects/MyProject/DerivedDataCache/DDC.ddp not found, will not use a pak cache.
[2023.03.05-14.28.55:209][  0]LogDerivedDataCache: Unable to find inner node Pak for hierarchical cache Hierarchy.
[2023.03.05-14.28.55:210][  0]LogDerivedDataCache: FDerivedDataBackendGraph:  CompressedPak pak cache file ../../../../../../Users/ggbat/Documents/Unreal Projects/MyProject/DerivedDataCache/Compressed.ddp not found, will not use a pak cache.
[2023.03.05-14.28.55:211][  0]LogDerivedDataCache: Unable to find inner node CompressedPak for hierarchical cache Hierarchy.
[2023.03.05-14.28.55:238][  0]LogDerivedDataCache: Display: Pak cache opened for reading ../../../Engine/DerivedDataCache/Compressed.ddp.
[2023.03.05-14.28.55:238][  0]LogDerivedDataCache: FDerivedDataBackendGraph:  EnterprisePak pak cache file ../../../Enterprise/DerivedDataCache/Compressed.ddp not found, will not use a pak cache.
[2023.03.05-14.28.55:239][  0]LogDerivedDataCache: Unable to find inner node EnterprisePak for hierarchical cache Hierarchy.
[2023.03.05-14.28.55:255][  0]LogDerivedDataCache: Speed tests for C:/Users/ggbat/AppData/Local/UnrealEngine/Common/DerivedDataCache took 0.01 seconds
[2023.03.05-14.28.55:255][  0]LogDerivedDataCache: Display: Performance to C:/Users/ggbat/AppData/Local/UnrealEngine/Common/DerivedDataCache: Latency=0.06ms. RandomReadSpeed=162.08MBs, RandomWriteSpeed=117.89MBs. Assigned SpeedClass 'Local'
[2023.03.05-14.28.55:279][  0]LogDerivedDataCache: Using Local data cache path C:/Users/ggbat/AppData/Local/UnrealEngine/Common/DerivedDataCache: Writable
[2023.03.05-14.28.55:279][  0]LogDerivedDataCache: Shared data cache path not found in *engine.ini, will not use an Shared cache.
[2023.03.05-14.28.55:280][  0]LogDerivedDataCache: Unable to find inner node Shared for hierarchical cache Hierarchy.
[2023.03.05-14.28.55:290][  0]LogAssetRegistry: FAssetRegistry took 0.0031 seconds to start up
[2023.03.05-14.28.55:699][  0]LogInit: Selected Device Profile: [Windows]
[2023.03.05-14.28.55:699][  0]LogInit: Active device profile: [00000272AD7CB100][00000272A8C5BC00 49] Windows
[2023.03.05-14.28.55:707][  0]LogInit: Profiles: [00000272AD7CB100][00000272A8C5BC00 49] Windows, [00000272AD785000][00000272A88F2200 49] WindowsNoEditor, [00000272AD7C9000][00000272A88F6380 49] WindowsServer, [00000272AD784700][00000272A88FA500 49] WindowsClient, [00000272AD7C8600][00000272A88FE680 49] IOS, [00000272AD785500][00000272A8902800 49] iPadAir, [00000272AD7C9500][00000272AD2D2980 49] iPadAir2, [00000272AD73A800][00000272AD2E0C40 49] IPadPro, [00000272AD73A900][00000272AD2D6C80 49] iPadAir3, [00000272AD7CA400][00000272A7A74DC0 49] iPadAir4, [00000272AD73B600][00000272AD2EAF00 49] iPadMini2, [00000272AD7CB400][00000272AD2EF040 49] iPadMini3, [00000272AD738600][00000272AD2F3180 49] iPadMini4, [00000272AD7C8F00][00000272AD2FB300 49] iPadMini5, [00000272AD77E100][00000272AD3035C0 49] iPhone6, [00000272AD77E200][00000272AD2FF600 49] iPodTouch6, [00000272AD73BF00][00000272AD30B8C0 49] iPhone7, [00000272AD738C00][00000272AD307900 49] iPodTouch7, [00000272AD77EE00][00000272AD30FA80 49] iPhone5S, [00000272AD73A600][00000272AD313C00 49] iPhone6Plus, [00000272AD77C600][00000272AD316200 49] iPhone6S, [00000272AD739900][00000272AD31A380 49] iPhone6SPlus, [00000272AD77D400][00000272AD31E500 49] iPhone7Plus, [00000272AD73B700][00000272AD322680 49] iPhoneSE, [00000272AD77F600][00000272AD326800 49] iPhone8, [00000272AD738D00][00000272AD32A980 49] iPhone8Plus, [00000272AD77C200][00000272AD32EB00 49] iPhoneX, [00000272AD739100][00000272AD332C80 49] iPhoneXS, [00000272AD77EA00][00000272AD336E00 49] iPhoneXSMax, [00000272AD73BC00][00000272AD33AF80 49] iPhoneXR, [00000272AD77D500][00000272AD2F70C0 49] iPhone11, [00000272AD738100][00000272AD33F200 49] iPhone11Pro, [00000272AD77D200][00000272AD343340 49] iPhone11ProMax, [00000272AD73A400][00000272AD34B4C0 49] iPhoneSE2, [00000272AD77E400][00000272AD34F640 49] iPhone12Mini, [00000272AD739400][00000272AD3537C0 49] iPhone12, [00000272AD77DD00][00000272AD357940 49] iPhone12Pro, [00000272AD73AD00][00000272AD35BAC0 49] iPhone12ProMax, [00000272AD77DB00][00000272AD35E0C0 49] iPadPro105, [00000272AD73B000][00000272AD362240 49] iPadPro129, [00000272AD77D000][00000272AD3663C0 49] iPadPro97, [00000272AD73AE00][00000272AD36A540 49] iPadPro2_129, [00000272AD77CD00][00000272AD36E6C0 49] iPad5, [00000272AD73AA00][00000272AD372840 49] iPad6, [00000272AD77E700][00000272AD3769C0 49] iPad7, [00000272AD73AB00][00000272AD37AB40 49] iPad8, [00000272AD77D300][00000272AD37ECC0 49] iPadPro11, [00000272AD73BE00][00000272AD382E40 49] iPadPro2_11, [00000272AD77DA00][00000272AD386FC0 49] iPadPro3_129, [00000272AD786600][00000272AD38B140 49] iPadPro4_129, [00000272AD806100][00000272AD347280 49] AppleTV, [00000272AD787600][00000272AD38F3C0 49] AppleTV4K, [00000272AD805200][00000272AD393500 49] TVOS, [00000272AD784200][00000272AD397640 49] Mac, [00000272AD804500][00000272AD39F7C0 49] MacClient, [00000272AD786100][00000272AD3A3940 49] MacNoEditor, [00000272AD805A00][00000272AD3A7AC0 49] MacServer, [00000272AD785300][00000272AD3AA0C0 49] Linux, [00000272AD804800][00000272AD3AE240 49] LinuxAArch64, [00000272AD787C00][00000272AD3B23C0 49] LinuxNoEditor, [00000272AD804100][00000272AD3B6540 49] LinuxAArch64NoEditor, [00000272AD787700][00000272AD3BA6C0 49] LinuxClient, [00000272AD806C00][00000272AD3BE840 49] LinuxAArch64Client, [00000272AD787900][00000272AD3C29C0 49] LinuxServer, [00000272AD806700][00000272AD3C6B40 49] LinuxAArch64Server, [00000272AD77CE00][00000272AD3CACC0 49] Android, [00000272AD739500][00000272AD3CEE40 49] Android_Low, [00000272AD77E000][00000272AD3D2FC0 49] Android_Mid, [00000272AD73AC00][00000272AD3D7140 49] Android_High, [00000272AD77E600][00000272AD3DB2C0 49] Android_Default, [00000272AD738500][00000272AD39B400 49] Android_Adreno4xx, [00000272AD77FB00][00000272AD3DF540 49] Android_Adreno5xx_Low, [00000272AD738F00][00000272AD3E3680 49] Android_Adreno5xx, [00000272AD77ED00][00000272AD3E77C0 49] Android_Adreno6xx, [00000272AD739000][00000272AD3EF940 49] Android_Adreno6xx_Vulkan, [00000272AD804E00][00000272AD3F3AC0 49] Android_Mali_T6xx, [00000272AD739D00][00000272AD3F60C0 49] Android_Mali_T7xx, [00000272AD804900][00000272AD3FA240 49] Android_Mali_T8xx, [00000272AD739600][00000272AD3FE3C0 49] Android_Mali_G71, [00000272AD805300][00000272AD402540 49] Android_Mali_G72, [00000272AD739200][00000272AD4066C0 49] Android_Mali_G72_Vulkan, [00000272AD804F00][00000272AD40A840 49] Android_Mali_G76, [00000272AD739B00][00000272AD40E9C0 49] Android_Mali_G76_Vulkan, [00000272AD805000][00000272AD412B40 49] Android_Mali_G77, [00000272AD73B200][00000272AD416CC0 49] Android_Mali_G77_Vulkan, [00000272AD806600][00000272AD41AE40 49] Android_Mali_G78, [00000272AD73A100][00000272AD41EFC0 49] Android_Mali_G78_Vulkan, [00000272AD805500][00000272AD423140 49] Android_Mali_G710, [00000272AD73A700][00000272AD4272C0 49] Android_Mali_G710_Vulkan, [00000272AD804C00][00000272AD42B440 49] Android_Vulkan_SM5, [00000272AD739A00][00000272AD42F5C0 49] Android_PowerVR_G6xxx, [00000272AD804D00][00000272AD3EB700 49] Android_PowerVR_GT7xxx, [00000272AD73B800][00000272AD433840 49] Android_PowerVR_GE8xxx, [00000272AD806000][00000272AD437980 49] Android_PowerVR_GM9xxx, [00000272AD739800][00000272AD43FB00 49] Android_PowerVR_GM9xxx_Vulkan, [00000272AD804A00][00000272AD442100 49] Android_TegraK1, [00000272AD739F00][00000272AD446280 49] Android_Unknown_Vulkan, [00000272AD77EF00][00000272AD44A400 49] Lumin, [00000272AD738300][00000272AD44E580 49] Lumin_Desktop, [00000272AD77C300][00000272AD452700 49] HoloLens, 
[2023.03.05-14.28.55:796][  0]LogMeshReduction: Using QuadricMeshReduction for automatic static mesh reduction
[2023.03.05-14.28.55:796][  0]LogMeshReduction: Using SimplygonMeshReduction for automatic skeletal mesh reduction
[2023.03.05-14.28.55:798][  0]LogMeshReduction: Using ProxyLODMeshReduction for automatic mesh merging
[2023.03.05-14.28.55:800][  0]LogMeshReduction: No distributed automatic mesh merging module available
[2023.03.05-14.28.55:800][  0]LogMeshMerging: No distributed automatic mesh merging module available
[2023.03.05-14.28.55:818][  0]LogNetVersion: MyProject 1.0.0, NetCL: 17155196, EngineNetVer: 17, GameNetVer: 0 (Checksum: 3629800737)
[2023.03.05-14.28.56:088][  0]LogHMD: PokeAHoleMaterial loaded successfully
[2023.03.05-14.28.56:221][  0]LogCollectionManager: Loaded 0 collections in 0.002904 seconds
[2023.03.05-14.28.56:522][  0]LogFileCache: Scanning file cache for directory 'C:/Users/ggbat/Documents/Unreal Projects/MyProject/Saved/Collections/' took 0.07s
[2023.03.05-14.28.56:522][  0]LogFileCache: Scanning file cache for directory 'C:/Users/ggbat/Documents/Unreal Projects/MyProject/Content/Developers/ggbat/Collections/' took 0.12s
[2023.03.05-14.28.56:587][  0]LogFileCache: Scanning file cache for directory 'C:/Users/ggbat/Documents/Unreal Projects/MyProject/Content/Collections/' took 0.11s
[2023.03.05-14.28.56:601][  0]LogCollectionManager: Fixed up redirectors for 0 collections in 0.000003 seconds (updated 0 objects)
[2023.03.05-14.28.57:226][  0]LogNiagaraDebuggerClient: Niagara Debugger Client Initialized | Session: 83B74FD744C81FD1EB9C749D8274F52D | Instance: EF6A731C43C4947CD57EA2B85F1D6760 (DESKTOP-E4U2PF8-7900).
[2023.03.05-14.28.57:266][  0]LogPython: Using Python 3.7.7
[2023.03.05-14.28.58:380][  0]LogOutputDevice: Warning: 

Script Stack (0 frames):

[2023.03.05-14.28.58:486][  0]LogStats: FPlatformStackWalk::StackWalkAndDump -  0.098 s
[2023.03.05-14.28.58:486][  0]LogOutputDevice: Error: === Handled ensure: ===
[2023.03.05-14.28.58:487][  0]LogOutputDevice: Error: 
[2023.03.05-14.28.58:488][  0]LogOutputDevice: Error: Ensure condition failed: InParent != this [File:D:/Build/++UE4/Sync/Engine/Source/Runtime/Engine/Private/Components/SceneComponent.cpp] [Line: 1752]
[2023.03.05-14.28.58:488][  0]LogOutputDevice: Error: Cannot attach a component to itself.
[2023.03.05-14.28.58:490][  0]LogOutputDevice: Error: Stack: 
[2023.03.05-14.28.58:490][  0]LogOutputDevice: Error: [Callstack] 0x00007fff327f3c59 UE4Editor-Engine.dll!UnknownFunction []
[2023.03.05-14.28.58:491][  0]LogOutputDevice: Error: [Callstack] 0x00007fff31265b24 UE4Editor-Engine.dll!UnknownFunction []
[2023.03.05-14.28.58:491][  0]LogOutputDevice: Error: [Callstack] 0x00007ffee07b249a UE4Editor-MyProject-0001.dll!AActorToSpawn::AActorToSpawn() [C:\Users\ggbat\Documents\Unreal Projects\MyProject\Source\MyProject\ActorToSpawn.cpp:32]
[2023.03.05-14.28.58:493][  0]LogOutputDevice: Error: [Callstack] 0x00007fff387f61d3 UE4Editor-CoreUObject.dll!UnknownFunction []
[2023.03.05-14.28.58:493][  0]LogOutputDevice: Error: [Callstack] 0x00007fff38b18faf UE4Editor-CoreUObject.dll!UnknownFunction []
[2023.03.05-14.28.58:494][  0]LogOutputDevice: Error: [Callstack] 0x00007fff38af5411 UE4Editor-CoreUObject.dll!UnknownFunction []
[2023.03.05-14.28.58:496][  0]LogOutputDevice: Error: [Callstack] 0x00007fff389bddc5 UE4Editor-CoreUObject.dll!UnknownFunction []
[2023.03.05-14.28.58:496][  0]LogOutputDevice: Error: [Callstack] 0x00007fff391d1bea UE4Editor-Core.dll!UnknownFunction []
[2023.03.05-14.28.58:497][  0]LogOutputDevice: Error: [Callstack] 0x00007fff391f15a3 UE4Editor-Core.dll!UnknownFunction []
[2023.03.05-14.28.58:497][  0]LogOutputDevice: Error: [Callstack] 0x00007fff5da76433 UE4Editor-Projects.dll!UnknownFunction []
[2023.03.05-14.28.58:498][  0]LogOutputDevice: Error: [Callstack] 0x00007fff5da7674f UE4Editor-Projects.dll!UnknownFunction []
[2023.03.05-14.28.58:499][  0]LogOutputDevice: Error: [Callstack] 0x00007ff719a75642 UE4Editor-Cmd.exe!UnknownFunction []
[2023.03.05-14.28.58:499][  0]LogOutputDevice: Error: [Callstack] 0x00007ff719a79000 UE4Editor-Cmd.exe!UnknownFunction []
[2023.03.05-14.28.58:500][  0]LogOutputDevice: Error: [Callstack] 0x00007ff719a70d2c UE4Editor-Cmd.exe!UnknownFunction []
[2023.03.05-14.28.58:500][  0]LogOutputDevice: Error: [Callstack] 0x00007ff719a710ba UE4Editor-Cmd.exe!UnknownFunction []
[2023.03.05-14.28.58:502][  0]LogOutputDevice: Error: [Callstack] 0x00007ff719a740dd UE4Editor-Cmd.exe!UnknownFunction []
[2023.03.05-14.28.58:503][  0]LogOutputDevice: Error: [Callstack] 0x00007ff719a85984 UE4Editor-Cmd.exe!UnknownFunction []
[2023.03.05-14.28.58:504][  0]LogOutputDevice: Error: [Callstack] 0x00007ff719a878be UE4Editor-Cmd.exe!UnknownFunction []
[2023.03.05-14.28.58:504][  0]LogOutputDevice: Error: [Callstack] 0x00007fff6cdd7614 KERNEL32.DLL!UnknownFunction []
[2023.03.05-14.28.58:505][  0]LogOutputDevice: Error: [Callstack] 0x00007fff6de426a1 ntdll.dll!UnknownFunction []
[2023.03.05-14.28.58:506][  0]LogOutputDevice: Error: 
[2023.03.05-14.28.58:598][  0]LogStats:                SubmitErrorReport -  0.000 s
[2023.03.05-14.29.00:320][  0]LogStats:                    SendNewReport -  1.722 s
[2023.03.05-14.29.00:322][  0]LogStats:             FDebug::EnsureFailed -  1.941 s
[2023.03.05-14.29.00:779][  0]SourceControl: Source control is disabled
[2023.03.05-14.29.00:792][  0]SourceControl: Source control is disabled
[2023.03.05-14.29.00:806][  0]SourceControl: Source control is disabled
[2023.03.05-14.29.00:821][  0]SourceControl: Source control is disabled
[2023.03.05-14.29.00:826][  0]SourceControl: Source control is disabled
[2023.03.05-14.29.00:841][  0]LogUProjectInfo: Found projects:
[2023.03.05-14.29.01:039][  0]LogOpenImageDenoise: OIDN starting up
[2023.03.05-14.29.01:144][  0]LogAndroidPermission: UAndroidPermissionCallbackProxy::GetInstance
[2023.03.05-14.29.01:174][  0]LogAudioCaptureCore: Display: No Audio Capture implementations found. Audio input will be silent.
[2023.03.05-14.29.01:191][  0]LogAudioCaptureCore: Display: No Audio Capture implementations found. Audio input will be silent.
[2023.03.05-14.29.01:415][  0]LogOcInput: OculusInput pre-init called
[2023.03.05-14.29.01:479][  0]LogUObjectArray: 24312 objects as part of root set at end of initial load.
[2023.03.05-14.29.01:480][  0]LogUObjectAllocator: 6937808 out of 0 bytes used by permanent object pool.
[2023.03.05-14.29.01:480][  0]LogUObjectArray: CloseDisregardForGC: 0/0 objects in disregard for GC pool
[2023.03.05-14.29.01:491][  0]LogInit: Error: VisualStudioToolsCommandlet looked like a commandlet, but we could not find the class.
[2023.03.05-14.29.01:492][  0]LogCore: Engine exit requested (reason: Failed to find commandlet class VisualStudioToolsCommandlet)
[2023.03.05-14.29.01:492][  0]LogCore: Engine exit requested (reason: EngineExit() was called; note: exit was already requested)
[2023.03.05-14.29.01:494][  0]LogExit: Preparing to exit.
[2023.03.05-14.29.01:589][  0]LogUObjectHash: Compacting FUObjectHashTables data took   1.35ms
[2023.03.05-14.29.01:766][  0]LogDemo: Cleaned up 0 splitscreen connections with owner deletion
[2023.03.05-14.29.01:828][  0]LogExit: Object subsystem successfully closed.
[2023.03.05-14.29.01:878][  0]LogModuleManager: Shutting down and abandoning module AudioSynesthesiaEditor (596)
[2023.03.05-14.29.01:878][  0]LogModuleManager: Shutting down and abandoning module OculusEditor (594)
[2023.03.05-14.29.01:880][  0]LogModuleManager: Shutting down and abandoning module OculusInput (592)
[2023.03.05-14.29.01:881][  0]LogModuleManager: Shutting down and abandoning module ContentBrowserFileDataSource (590)
[2023.03.05-14.29.01:881][  0]LogModuleManager: Shutting down and abandoning module ContentBrowserClassDataSource (588)
[2023.03.05-14.29.01:882][  0]LogModuleManager: Shutting down and abandoning module ContentBrowserAssetDataSource (586)
[2023.03.05-14.29.01:883][  0]LogModuleManager: Shutting down and abandoning module ToolMenus (585)
[2023.03.05-14.29.01:884][  0]LogModuleManager: Shutting down and abandoning module MagicLeapHelperVulkan (582)
[2023.03.05-14.29.01:885][  0]LogModuleManager: Shutting down and abandoning module MagicLeapHelperOpenGL (580)
[2023.03.05-14.29.01:886][  0]LogModuleManager: Shutting down and abandoning module MagicLeapAudio (578)
[2023.03.05-14.29.01:887][  0]LogModuleManager: Shutting down and abandoning module TakeSequencer (576)
[2023.03.05-14.29.01:888][  0]LogModuleManager: Shutting down and abandoning module TakeMovieScene (574)
[2023.03.05-14.29.01:889][  0]LogModuleManager: Shutting down and abandoning module ScreenshotTools (572)
[2023.03.05-14.29.01:890][  0]LogModuleManager: Shutting down and abandoning module SynthesisEditor (570)
[2023.03.05-14.29.01:890][  0]LogModuleManager: Shutting down and abandoning module Synthesis (568)
[2023.03.05-14.29.01:891][  0]LogModuleManager: Shutting down and abandoning module ProceduralMeshComponentEditor (566)
[2023.03.05-14.29.01:892][  0]LogModuleManager: Shutting down and abandoning module ProceduralMeshComponent (564)
[2023.03.05-14.29.01:893][  0]LogModuleManager: Shutting down and abandoning module OpenXREditor (562)
[2023.03.05-14.29.01:893][  0]LogModuleManager: Shutting down and abandoning module MobilePatchingUtils (560)
[2023.03.05-14.29.01:896][  0]LogModuleManager: Shutting down and abandoning module GooglePAD (558)
[2023.03.05-14.29.01:896][  0]LogModuleManager: Shutting down and abandoning module EditableMesh (556)
[2023.03.05-14.29.01:897][  0]LogModuleManager: Shutting down and abandoning module CustomMeshComponent (554)
[2023.03.05-14.29.01:898][  0]LogModuleManager: Shutting down and abandoning module CableComponent (552)
[2023.03.05-14.29.01:898][  0]LogModuleManager: Shutting down and abandoning module AudioCapture (550)
[2023.03.05-14.29.01:899][  0]LogModuleManager: Shutting down and abandoning module AudioCaptureRtAudio (549)
[2023.03.05-14.29.01:899][  0]LogModuleManager: Shutting down and abandoning module AssetTags (546)
[2023.03.05-14.29.01:899][  0]LogModuleManager: Shutting down and abandoning module ArchVisCharacter (544)
[2023.03.05-14.29.01:900][  0]LogModuleManager: Shutting down and abandoning module AppleImageUtilsBlueprintSupport (542)
[2023.03.05-14.29.01:901][  0]LogModuleManager: Shutting down and abandoning module AppleImageUtils (540)
[2023.03.05-14.29.01:901][  0]LogModuleManager: Shutting down and abandoning module AndroidPermission (538)
[2023.03.05-14.29.01:902][  0]LogModuleManager: Shutting down and abandoning module ActorLayerUtilitiesEditor (536)
[2023.03.05-14.29.01:903][  0]LogModuleManager: Shutting down and abandoning module ActorLayerUtilities (534)
[2023.03.05-14.29.01:904][  0]LogModuleManager: Shutting down and abandoning module SpeedTreeImporter (532)
[2023.03.05-14.29.01:905][  0]LogModuleManager: Shutting down and abandoning module PluginBrowser (530)
[2023.03.05-14.29.01:906][  0]LogModuleManager: Shutting down and abandoning module MobileLauncherProfileWizard (528)
[2023.03.05-14.29.01:907][  0]LogModuleManager: Shutting down and abandoning module MaterialAnalyzer (526)
[2023.03.05-14.29.01:907][  0]LogModuleManager: Shutting down and abandoning module CurveEditorTools (524)
[2023.03.05-14.29.01:908][  0]LogModuleManager: Shutting down and abandoning module CryptoKeysOpenSSL (522)
[2023.03.05-14.29.01:909][  0]LogModuleManager: Shutting down and abandoning module CryptoKeys (520)
[2023.03.05-14.29.01:910][  0]LogModuleManager: Shutting down and abandoning module TemplateSequence (518)
[2023.03.05-14.29.01:911][  0]LogModuleManager: Shutting down and abandoning module MediaCompositing (516)
[2023.03.05-14.29.01:911][  0]LogModuleManager: Shutting down and abandoning module MagicLeapSharedWorld (514)
[2023.03.05-14.29.01:912][  0]LogModuleManager: Shutting down and abandoning module MagicLeapLightEstimation (512)
[2023.03.05-14.29.01:914][  0]LogModuleManager: Shutting down and abandoning module OpenImageDenoise (510)
[2023.03.05-14.29.01:914][  0]LogOpenImageDenoise: OIDN shutting down
[2023.03.05-14.29.01:916][  0]LogModuleManager: Shutting down and abandoning module MotoSynthEditor (508)
[2023.03.05-14.29.01:917][  0]LogModuleManager: Shutting down and abandoning module MotoSynth (506)
[2023.03.05-14.29.01:918][  0]LogModuleManager: Shutting down and abandoning module MeshConversion (504)
[2023.03.05-14.29.01:919][  0]LogModuleManager: Shutting down and abandoning module DynamicMesh (502)
[2023.03.05-14.29.01:920][  0]LogModuleManager: Shutting down and abandoning module GeometryAlgorithms (500)
[2023.03.05-14.29.01:921][  0]LogModuleManager: Shutting down and abandoning module GeometricObjects (498)
[2023.03.05-14.29.01:921][  0]LogModuleManager: Shutting down and abandoning module NiagaraEditorWidgets (496)
[2023.03.05-14.29.01:922][  0]LogModuleManager: Shutting down and abandoning module GeometryCollectionTracks (494)
[2023.03.05-14.29.01:922][  0]LogModuleManager: Shutting down and abandoning module GeometryCollectionSequencer (493)
[2023.03.05-14.29.01:923][  0]LogModuleManager: Shutting down and abandoning module GeometryCollectionEditor (490)
[2023.03.05-14.29.01:924][  0]LogModuleManager: Shutting down and abandoning module GeometryCacheTracks (488)
[2023.03.05-14.29.01:925][  0]LogModuleManager: Shutting down and abandoning module GeometryCacheStreamer (486)
[2023.03.05-14.29.01:926][  0]LogModuleManager: Shutting down and abandoning module GeometryCacheSequencer (484)
[2023.03.05-14.29.01:927][  0]LogModuleManager: Shutting down and abandoning module ChaosSolverEditor (482)
[2023.03.05-14.29.01:927][  0]LogModuleManager: Shutting down and abandoning module ChaosNiagara (480)
[2023.03.05-14.29.01:928][  0]LogModuleManager: Shutting down and abandoning module FractureEditor (478)
[2023.03.05-14.29.01:928][  0]LogModuleManager: Shutting down and abandoning module FieldSystemEngine (477)
[2023.03.05-14.29.01:929][  0]LogModuleManager: Shutting down and abandoning module ChaosClothEditor (474)
[2023.03.05-14.29.01:930][  0]LogModuleManager: Shutting down and abandoning module AutomationUtilsEditor (472)
[2023.03.05-14.29.01:931][  0]LogModuleManager: Shutting down and abandoning module AutomationUtils (470)
[2023.03.05-14.29.01:931][  0]LogModuleManager: Shutting down and abandoning module AlembicImporter (468)
[2023.03.05-14.29.01:933][  0]LogModuleManager: Shutting down and abandoning module AlembicLibrary (467)
[2023.03.05-14.29.01:934][  0]LogModuleManager: Shutting down and abandoning module GeometryCache (466)
[2023.03.05-14.29.01:934][  0]LogModuleManager: Shutting down and abandoning module GeometryCacheEd (465)
[2023.03.05-14.29.01:935][  0]LogModuleManager: Shutting down and abandoning module VariantManagerContentEditor (460)
[2023.03.05-14.29.01:936][  0]LogModuleManager: Shutting down and abandoning module DatasmithContentEditor (458)
[2023.03.05-14.29.01:937][  0]LogModuleManager: Shutting down and abandoning module VisualStudioSourceCodeAccess (456)
[2023.03.05-14.29.01:937][  0]LogModuleManager: Shutting down and abandoning module VisualStudioCodeSourceCodeAccess (454)
[2023.03.05-14.29.01:938][  0]LogModuleManager: Shutting down and abandoning module UObjectPlugin (452)
[2023.03.05-14.29.01:938][  0]LogModuleManager: Shutting down and abandoning module PluginUtils (450)
[2023.03.05-14.29.01:939][  0]LogModuleManager: Shutting down and abandoning module SubversionSourceControl (448)
[2023.03.05-14.29.01:940][  0]LogModuleManager: Shutting down and abandoning module PlasticSourceControl (446)
[2023.03.05-14.29.01:941][  0]LogModuleManager: Shutting down and abandoning module PerforceSourceControl (444)
[2023.03.05-14.29.01:941][  0]LogModuleManager: Shutting down and abandoning module GitSourceControl (442)
[2023.03.05-14.29.01:942][  0]LogModuleManager: Shutting down and abandoning module SourceControl (441)
[2023.03.05-14.29.01:942][  0]LogModuleManager: Shutting down and abandoning module CLionSourceCodeAccess (438)
[2023.03.05-14.29.01:944][  0]LogModuleManager: Shutting down and abandoning module AnimationSharingEd (436)
[2023.03.05-14.29.01:944][  0]LogModuleManager: Shutting down and abandoning module OodleNetworkHandlerComponent (434)
[2023.03.05-14.29.01:945][  0]LogModuleManager: Shutting down and abandoning module LightPropagationVolumeEditor (432)
[2023.03.05-14.29.01:946][  0]LogModuleManager: Shutting down and abandoning module LiveLinkSequencer (430)
[2023.03.05-14.29.01:947][  0]LogModuleManager: Shutting down and abandoning module LiveLinkMovieScene (428)
[2023.03.05-14.29.01:948][  0]LogModuleManager: Shutting down and abandoning module LiveLinkGraphNode (426)
[2023.03.05-14.29.01:948][  0]LogModuleManager: Shutting down and abandoning module LiveLinkEditor (424)
[2023.03.05-14.29.01:949][  0]LogModuleManager: Shutting down and abandoning module LiveLinkComponents (422)
[2023.03.05-14.29.01:950][  0]LogModuleManager: Shutting down and abandoning module LiveLink (420)
[2023.03.05-14.29.02:674][  0]LogModuleManager: Shutting down and abandoning module PaperTiledImporter (418)
[2023.03.05-14.29.02:675][  0]LogModuleManager: Shutting down and abandoning module PaperSpriteSheetImporter (416)
[2023.03.05-14.29.02:676][  0]LogModuleManager: Shutting down and abandoning module Paper2DEditor (414)
[2023.03.05-14.29.02:677][  0]LogModuleManager: Shutting down and abandoning module MeshPaintingToolset (412)
[2023.03.05-14.29.02:677][  0]LogModuleManager: Shutting down and abandoning module MeshPaintEditorMode (410)
[2023.03.05-14.29.02:678][  0]LogModuleManager: Shutting down and abandoning module MyProject (408)
[2023.03.05-14.29.02:678][  0]LogModuleManager: Shutting down and abandoning module AnimGraph (407)
[2023.03.05-14.29.02:679][  0]LogModuleManager: Shutting down and abandoning module MagicLeapHandMeshing (404)
[2023.03.05-14.29.02:680][  0]LogModuleManager: Shutting down and abandoning module MagicLeapSecureStorage (402)
[2023.03.05-14.29.02:680][  0]LogModuleManager: Shutting down and abandoning module MagicLeapPrivileges (400)
[2023.03.05-14.29.02:681][  0]LogModuleManager: Shutting down and abandoning module MagicLeapPlanes (398)
[2023.03.05-14.29.02:681][  0]LogMagicLeapPlanes: Planes tracker already destroyed.
[2023.03.05-14.29.02:682][  0]LogModuleManager: Shutting down and abandoning module MagicLeapImageTracker (396)
[2023.03.05-14.29.02:682][  0]LogModuleManager: Shutting down and abandoning module MagicLeapIdentity (394)
[2023.03.05-14.29.02:683][  0]LogModuleManager: Shutting down and abandoning module MagicLeapHandTracking (392)
[2023.03.05-14.29.02:683][  0]LogModuleManager: Shutting down and abandoning module MagicLeapEyeTracker (390)
[2023.03.05-14.29.02:684][  0]LogModuleManager: Shutting down and abandoning module MagicLeapController (388)
[2023.03.05-14.29.02:684][  0]LogModuleManager: Shutting down and abandoning module MagicLeapARPinImpl (386)
[2023.03.05-14.29.02:686][  0]LogModuleManager: Shutting down and abandoning module MagicLeapAR (384)
[2023.03.05-14.29.02:687][  0]LogModuleManager: Shutting down and abandoning module SoundFields (382)
[2023.03.05-14.29.02:688][  0]LogModuleManager: Shutting down and abandoning module SignificanceManager (380)
[2023.03.05-14.29.02:689][  0]LogModuleManager: Shutting down and abandoning module RuntimePhysXCooking (378)
[2023.03.05-14.29.02:690][  0]LogModuleManager: Shutting down and abandoning module PropertyAccessEditor (376)
[2023.03.05-14.29.02:690][  0]LogModuleManager: Shutting down and abandoning module PhysXVehiclesEditor (374)
[2023.03.05-14.29.02:691][  0]LogModuleManager: Shutting down and abandoning module LocationServicesBPLibrary (370)
[2023.03.05-14.29.02:691][  0]LogModuleManager: Shutting down and abandoning module AudioSynesthesia (368)
[2023.03.05-14.29.02:692][  0]LogModuleManager: Shutting down and abandoning module AudioSynesthesiaCore (366)
[2023.03.05-14.29.02:692][  0]LogModuleManager: Shutting down and abandoning module GameplayTagsEditor (364)
[2023.03.05-14.29.02:694][  0]LogModuleManager: Shutting down and abandoning module FacialAnimationEditor (362)
[2023.03.05-14.29.02:694][  0]LogModuleManager: Shutting down and abandoning module FacialAnimation (360)
[2023.03.05-14.29.02:695][  0]LogModuleManager: Shutting down and abandoning module DataValidation (358)
[2023.03.05-14.29.02:696][  0]LogModuleManager: Shutting down and abandoning module AssetManagerEditor (356)
[2023.03.05-14.29.02:697][  0]LogModuleManager: Shutting down and abandoning module TreeMap (355)
[2023.03.05-14.29.02:697][  0]LogModuleManager: Shutting down and abandoning module ActorSequence (352)
[2023.03.05-14.29.02:698][  0]LogModuleManager: Shutting down and abandoning module UdpMessaging (350)
[2023.03.05-14.29.02:698][  0]LogModuleManager: Shutting down and abandoning module TcpMessaging (348)
[2023.03.05-14.29.02:699][  0]LogModuleManager: Shutting down and abandoning module MagicLeapARPin (346)
[2023.03.05-14.29.02:699][  0]LogModuleManager: Shutting down and abandoning module PythonScriptPlugin (344)
[2023.03.05-14.29.02:700][  0]LogModuleManager: Shutting down and abandoning module NiagaraAnimNotifies (342)
[2023.03.05-14.29.02:701][  0]LogModuleManager: Shutting down and abandoning module Niagara (340)
[2023.03.05-14.29.02:701][  0]LogModuleManager: Shutting down and abandoning module SignalProcessing (339)
[2023.03.05-14.29.02:702][  0]LogModuleManager: Shutting down and abandoning module NiagaraEditor (337)
[2023.03.05-14.29.02:704][  0]LogModuleManager: Shutting down and abandoning module NiagaraCore (334)
[2023.03.05-14.29.02:704][  0]LogModuleManager: Shutting down and abandoning module PropertyAccessNode (332)
[2023.03.05-14.29.02:705][  0]LogModuleManager: Shutting down and abandoning module EnvironmentQueryEditor (330)
[2023.03.05-14.29.02:706][  0]LogModuleManager: Shutting down and abandoning module AnimationSharing (328)
[2023.03.05-14.29.02:706][  0]LogModuleManager: Shutting down and abandoning module GameplayCameras (326)
[2023.03.05-14.29.02:708][  0]LogModuleManager: Shutting down and abandoning module LightPropagationVolumeRuntime (324)
[2023.03.05-14.29.02:708][  0]LogModuleManager: Shutting down and abandoning module Paper2D (322)
[2023.03.05-14.29.02:709][  0]LogModuleManager: Shutting down and abandoning module NetworkReplayStreaming (320)
[2023.03.05-14.29.02:710][  0]LogModuleManager: Shutting down and abandoning module PacketHandler (318)
[2023.03.05-14.29.02:710][  0]LogModuleManager: Shutting down and abandoning module ClothingSystemEditor (316)
[2023.03.05-14.29.02:712][  0]LogModuleManager: Shutting down and abandoning module ClothingSystemRuntimeNv (314)
[2023.03.05-14.29.02:712][  0]LogModuleManager: Shutting down and abandoning module MediaAssets (312)
[2023.03.05-14.29.02:713][  0]LogModuleManager: Shutting down and abandoning module Overlay (310)
[2023.03.05-14.29.02:713][  0]LogModuleManager: Shutting down and abandoning module OverlayEditor (309)
[2023.03.05-14.29.02:714][  0]LogModuleManager: Shutting down and abandoning module Blutility (306)
[2023.03.05-14.29.02:715][  0]LogModuleManager: Shutting down and abandoning module LevelEditor (305)
[2023.03.05-14.29.02:717][  0]LogModuleManager: Shutting down and abandoning module PixelInspectorModule (304)
[2023.03.05-14.29.02:718][  0]LogModuleManager: Shutting down and abandoning module CommonMenuExtensions (302)
[2023.03.05-14.29.02:718][  0]LogModuleManager: Shutting down and abandoning module MainFrame (300)
[2023.03.05-14.29.02:719][  0]LogModuleManager: Shutting down and abandoning module HotReload (299)
[2023.03.05-14.29.02:720][  0]LogModuleManager: Shutting down and abandoning module ContentBrowser (295)
[2023.03.05-14.29.02:721][  0]LogModuleManager: Shutting down and abandoning module CollectionManager (294)
[2023.03.05-14.29.02:722][  0]LogModuleManager: Shutting down and abandoning module ContentBrowserData (292)
[2023.03.05-14.29.02:723][  0]LogModuleManager: Shutting down and abandoning module IntroTutorials (288)
[2023.03.05-14.29.02:723][  0]LogModuleManager: Shutting down and abandoning module VREditor (286)
[2023.03.05-14.29.02:725][  0]LogModuleManager: Shutting down and abandoning module StringTableEditor (284)
[2023.03.05-14.29.02:725][  0]LogModuleManager: Shutting down and abandoning module GameplayTasksEditor (282)
[2023.03.05-14.29.02:726][  0]LogModuleManager: Shutting down and abandoning module BehaviorTreeEditor (280)
[2023.03.05-14.29.02:727][  0]LogModuleManager: Shutting down and abandoning module FunctionalTesting (278)
[2023.03.05-14.29.02:727][  0]LogModuleManager: Shutting down and abandoning module CollisionAnalyzer (276)
[2023.03.05-14.29.02:728][  0]LogModuleManager: Shutting down and abandoning module WorkspaceMenuStructure (275)
[2023.03.05-14.29.02:728][  0]LogModuleManager: Shutting down and abandoning module UMG (272)
[2023.03.05-14.29.02:729][  0]LogModuleManager: Shutting down and abandoning module UMGEditor (271)
[2023.03.05-14.29.02:730][  0]LogModuleManager: Shutting down and abandoning module MessageLog (269)
[2023.03.05-14.29.02:731][  0]LogModuleManager: Shutting down and abandoning module SlateReflector (264)
[2023.03.05-14.29.02:732][  0]LogModuleManager: Shutting down and abandoning module Slate (262)
[2023.03.05-14.29.02:733][  0]LogModuleManager: Shutting down and abandoning module SlateCore (260)
[2023.03.05-14.29.02:734][  0]LogModuleManager: Shutting down and abandoning module LandscapeEditorUtilities (258)
[2023.03.05-14.29.02:735][  0]LogModuleManager: Shutting down and abandoning module UnrealEd (256)
[2023.03.05-14.29.02:736][  0]LogModuleManager: Shutting down and abandoning module MRMesh (254)
[2023.03.05-14.29.02:737][  0]LogModuleManager: Shutting down and abandoning module SourceCodeAccess (252)
[2023.03.05-14.29.02:737][  0]LogModuleManager: Shutting down and abandoning module HeadMountedDisplay (250)
[2023.03.05-14.29.02:738][  0]LogModuleManager: Shutting down and abandoning module XAudio2 (248)
[2023.03.05-14.29.02:740][  0]LogModuleManager: Shutting down and abandoning module Networking (246)
[2023.03.05-14.29.02:740][  0]LogModuleManager: Shutting down and abandoning module Core (244)
[2023.03.05-14.29.02:741][  0]LogModuleManager: Shutting down and abandoning module MaterialEditor (242)
[2023.03.05-14.29.02:742][  0]LogModuleManager: Shutting down and abandoning module Settings (241)
[2023.03.05-14.29.02:743][  0]LogModuleManager: Shutting down and abandoning module MovieSceneTools (238)
[2023.03.05-14.29.02:744][  0]LogModuleManager: Shutting down and abandoning module CurveEditor (237)
[2023.03.05-14.29.02:744][  0]LogModuleManager: Shutting down and abandoning module Sequencer (235)
[2023.03.05-14.29.02:745][  0]LogModuleManager: Shutting down and abandoning module EditorStyle (234)
[2023.03.05-14.29.02:746][  0]LogModuleManager: Shutting down and abandoning module KismetCompiler (230)
[2023.03.05-14.29.02:747][  0]LogModuleManager: Shutting down and abandoning module MeshBuilder (228)
[2023.03.05-14.29.02:748][  0]LogModuleManager: Shutting down and abandoning module MeshUtilities (226)
[2023.03.05-14.29.02:748][  0]LogModuleManager: Shutting down and abandoning module MeshMergeUtilities (225)
[2023.03.05-14.29.02:749][  0]LogModuleManager: Shutting down and abandoning module MeshReductionInterface (224)
[2023.03.05-14.29.02:749][  0]LogModuleManager: Shutting down and abandoning module MeshBoneReduction (223)
[2023.03.05-14.29.02:751][  0]LogModuleManager: Shutting down and abandoning module SkeletalMeshReduction (221)
[2023.03.05-14.29.02:752][  0]LogModuleManager: Shutting down and abandoning module ProxyLODMeshReduction (219)
[2023.03.05-14.29.02:756][  0]LogModuleManager: Shutting down and abandoning module QuadricMeshReduction (217)
[2023.03.05-14.29.02:757][  0]LogModuleManager: Shutting down and abandoning module MaterialBaking (213)
[2023.03.05-14.29.02:758][  0]LogModuleManager: Shutting down and abandoning module DirectoryWatcher (209)
[2023.03.05-14.29.02:759][  0]LogModuleManager: Shutting down and abandoning module NullInstallBundleManager (206)
[2023.03.05-14.29.02:759][  0]LogModuleManager: Shutting down and abandoning module DerivedDataCache (204)
[2023.03.05-14.29.02:760][  0]LogModuleManager: Shutting down and abandoning module TargetPlatform (202)
[2023.03.05-14.29.02:761][  0]LogModuleManager: Shutting down and abandoning module VulkanShaderFormat (201)
[2023.03.05-14.29.02:762][  0]LogModuleManager: Shutting down and abandoning module ShaderFormatVectorVM (199)
[2023.03.05-14.29.02:764][  0]LogModuleManager: Shutting down and abandoning module ShaderFormatOpenGL (197)
[2023.03.05-14.29.02:765][  0]LogModuleManager: Shutting down and abandoning module ShaderFormatD3D (195)
[2023.03.05-14.29.02:766][  0]LogModuleManager: Shutting down and abandoning module MetalShaderFormat (193)
[2023.03.05-14.29.02:766][  0]LogModuleManager: Shutting down and abandoning module TextureFormatOodle (191)
[2023.03.05-14.29.02:767][  0]LogModuleManager: Shutting down and abandoning module TextureFormatUncompressed (189)
[2023.03.05-14.29.02:767][  0]LogModuleManager: Shutting down and abandoning module TextureFormatPVR (187)
[2023.03.05-14.29.02:768][  0]LogModuleManager: Shutting down and abandoning module TextureFormatETC2 (185)
[2023.03.05-14.29.02:768][  0]LogModuleManager: Shutting down and abandoning module TextureFormatDXT (183)
[2023.03.05-14.29.02:770][  0]LogModuleManager: Shutting down and abandoning module TextureFormatIntelISPCTexComp (181)
[2023.03.05-14.29.02:771][  0]LogModuleManager: Shutting down and abandoning module TextureFormatASTC (179)
[2023.03.05-14.29.02:771][  0]LogModuleManager: Shutting down and abandoning module ImageWrapper (178)
[2023.03.05-14.29.02:772][  0]LogModuleManager: Shutting down and abandoning module AudioFormatOpus (175)
[2023.03.05-14.29.02:774][  0]LogModuleManager: Shutting down and abandoning module AudioFormatOgg (173)
[2023.03.05-14.29.02:774][  0]LogModuleManager: Shutting down and abandoning module AudioFormatADPCM (171)
[2023.03.05-14.29.02:775][  0]LogModuleManager: Shutting down and abandoning module WindowsServerTargetPlatform (169)
[2023.03.05-14.29.02:776][  0]LogModuleManager: Shutting down and abandoning module WindowsClientTargetPlatform (167)
[2023.03.05-14.29.02:777][  0]LogModuleManager: Shutting down and abandoning module WindowsTargetPlatform (165)
[2023.03.05-14.29.02:778][  0]LogModuleManager: Shutting down and abandoning module WindowsNoEditorTargetPlatform (163)
[2023.03.05-14.29.02:779][  0]LogModuleManager: Shutting down and abandoning module TVOSTargetPlatform (161)
[2023.03.05-14.29.02:780][  0]LogModuleManager: Shutting down and abandoning module MacServerTargetPlatform (159)
[2023.03.05-14.29.02:780][  0]LogModuleManager: Shutting down and abandoning module MacClientTargetPlatform (157)
[2023.03.05-14.29.02:780][  0]LogModuleManager: Shutting down and abandoning module MacTargetPlatform (155)
[2023.03.05-14.29.02:781][  0]LogModuleManager: Shutting down and abandoning module MacNoEditorTargetPlatform (153)
[2023.03.05-14.29.02:782][  0]LogModuleManager: Shutting down and abandoning module LuminTargetPlatform (151)
[2023.03.05-14.29.02:784][  0]LogModuleManager: Shutting down and abandoning module LinuxAArch64ServerTargetPlatform (149)
[2023.03.05-14.29.02:784][  0]LogModuleManager: Shutting down and abandoning module LinuxAArch64ClientTargetPlatform (147)
[2023.03.05-14.29.02:785][  0]LogModuleManager: Shutting down and abandoning module LinuxAArch64NoEditorTargetPlatform (145)
[2023.03.05-14.29.02:786][  0]LogModuleManager: Shutting down and abandoning module LinuxServerTargetPlatform (143)
[2023.03.05-14.29.02:788][  0]LogModuleManager: Shutting down and abandoning module LinuxClientTargetPlatform (141)
[2023.03.05-14.29.02:788][  0]LogModuleManager: Shutting down and abandoning module LinuxNoEditorTargetPlatform (139)
[2023.03.05-14.29.02:790][  0]LogModuleManager: Shutting down and abandoning module LinuxTargetPlatform (137)
[2023.03.05-14.29.02:790][  0]LogModuleManager: Shutting down and abandoning module Messaging (135)
[2023.03.05-14.29.02:791][  0]LogModuleManager: Shutting down and abandoning module IOSTargetPlatform (133)
[2023.03.05-14.29.02:792][  0]LogModuleManager: Shutting down and abandoning module AndroidTargetPlatform (131)
[2023.03.05-14.29.02:797][  0]LogModuleManager: Shutting down and abandoning module AllDesktopTargetPlatform (129)
[2023.03.05-14.29.02:797][  0]LogModuleManager: Shutting down and abandoning module NullDrv (126)
[2023.03.05-14.29.02:798][  0]LogModuleManager: Shutting down and abandoning module PhysXCooking (124)
[2023.03.05-14.29.02:798][  0]LogModuleManager: Shutting down and abandoning module Chaos (122)
[2023.03.05-14.29.02:799][  0]LogModuleManager: Shutting down and abandoning module WindowsPlatformFeatures (120)
[2023.03.05-14.29.02:800][  0]LogModuleManager: Shutting down and abandoning module GameplayMediaEncoder (119)
[2023.03.05-14.29.02:803][  0]LogModuleManager: Shutting down and abandoning module AVEncoder (118)
[2023.03.05-14.29.02:804][  0]LogModuleManager: Shutting down and abandoning module ExampleDeviceProfileSelector (114)
[2023.03.05-14.29.02:805][  0]LogModuleManager: Shutting down and abandoning module SteamVRInputDevice (112)
[2023.03.05-14.29.02:807][  0]LogModuleManager: Shutting down and abandoning module SteamVRInput (110)
[2023.03.05-14.29.02:808][  0]LogModuleManager: Shutting down and abandoning module SteamVR (108)
[2023.03.05-14.29.02:810][  0]LogHMD: Freeing OpenVRDLLHandle.
[2023.03.05-14.29.02:810][  0]LogModuleManager: Shutting down and abandoning module OculusHMD (106)
[2023.03.05-14.29.02:811][  0]LogModuleManager: Shutting down and abandoning module MagicLeap (104)
[2023.03.05-14.29.02:811][  0]LogModuleManager: Shutting down and abandoning module OpenXRHandTracking (102)
[2023.03.05-14.29.02:812][  0]LogModuleManager: Shutting down and abandoning module OpenXREyeTracker (100)
[2023.03.05-14.29.02:813][  0]LogModuleManager: Shutting down and abandoning module OpenXRAR (98)
[2023.03.05-14.29.02:813][  0]LogModuleManager: Shutting down and abandoning module AugmentedReality (97)
[2023.03.05-14.29.02:814][  0]LogModuleManager: Shutting down and abandoning module OpenXRHMD (94)
[2023.03.05-14.29.02:815][  0]LogModuleManager: Shutting down and abandoning module ChunkDownloader (92)
[2023.03.05-14.29.02:816][  0]LogModuleManager: Shutting down and abandoning module LauncherChunkInstaller (90)
[2023.03.05-14.29.02:817][  0]LogModuleManager: Shutting down and abandoning module OnlineBlueprintSupport (88)
[2023.03.05-14.29.02:817][  0]LogModuleManager: Shutting down and abandoning module OnlineSubsystem (84)
[2023.03.05-14.29.02:820][  0]LogModuleManager: Shutting down and abandoning module XMPP (79)
[2023.03.05-14.29.02:821][  0]LogModuleManager: Shutting down and abandoning module WebSockets (78)
[2023.03.05-14.29.02:848][  0]LogModuleManager: Shutting down and abandoning module HTTP (75)
[2023.03.05-14.29.02:848][  0]LogHttp: Display: cleaning up 0 outstanding Http requests.
[2023.03.05-14.29.02:881][  0]LogModuleManager: Shutting down and abandoning module SSL (74)
[2023.03.05-14.29.02:883][  0]LogModuleManager: Shutting down and abandoning module WmfMedia (70)
[2023.03.05-14.29.02:894][  0]LogModuleManager: Shutting down and abandoning module Media (69)
[2023.03.05-14.29.02:895][  0]LogModuleManager: Shutting down and abandoning module MediaInfo (68)
[2023.03.05-14.29.02:897][  0]LogModuleManager: Shutting down and abandoning module ExrReaderGpu (64)
[2023.03.05-14.29.02:898][  0]LogModuleManager: Shutting down and abandoning module MLSDK (62)
[2023.03.05-14.29.02:900][  0]LogModuleManager: Shutting down and abandoning module NiagaraVertexFactories (60)
[2023.03.05-14.29.02:901][  0]LogModuleManager: Shutting down and abandoning module NiagaraShader (58)
[2023.03.05-14.29.02:904][  0]LogModuleManager: Shutting down and abandoning module ChaosCloth (56)
[2023.03.05-14.29.02:905][  0]LogModuleManager: Shutting down and abandoning module VariantManagerContent (54)
[2023.03.05-14.29.02:907][  0]LogModuleManager: Shutting down and abandoning module DatasmithContent (52)
[2023.03.05-14.29.02:908][  0]LogModuleManager: Shutting down and abandoning module PixWinPlugin (50)
[2023.03.05-14.29.02:909][  0]LogModuleManager: Shutting down and abandoning module AISupportModule (48)
[2023.03.05-14.29.02:910][  0]LogModuleManager: Shutting down and abandoning module PythonScriptPluginPreload (46)
[2023.03.05-14.29.02:912][  0]LogModuleManager: Shutting down and abandoning module PlatformCryptoOpenSSL (44)
[2023.03.05-14.29.02:913][  0]LogModuleManager: Shutting down and abandoning module PlatformCryptoTypes (42)
[2023.03.05-14.29.02:913][  0]LogModuleManager: Shutting down and abandoning module PlatformCrypto (40)
[2023.03.05-14.29.02:917][  0]LogModuleManager: Shutting down and abandoning module OodleDataCompressionFormat (38)
[2023.03.05-14.29.02:918][  0]LogModuleManager: Shutting down and abandoning module XGEController (36)
[2023.03.05-14.29.02:920][  0]LogXGEController: Cannot use XGE Controller as Incredibuild is not installed on this machine.
[2023.03.05-14.29.02:921][  0]LogModuleManager: Shutting down and abandoning module AnimationModifiers (34)
[2023.03.05-14.29.02:922][  0]LogModuleManager: Shutting down and abandoning module AudioEditor (32)
[2023.03.05-14.29.02:924][  0]LogModuleManager: Shutting down and abandoning module PropertyEditor (31)
[2023.03.05-14.29.02:925][  0]LogModuleManager: Shutting down and abandoning module TextureCompressor (28)
[2023.03.05-14.29.02:926][  0]LogModuleManager: Shutting down and abandoning module RenderCore (26)
[2023.03.05-14.29.02:927][  0]LogModuleManager: Shutting down and abandoning module Landscape (24)
[2023.03.05-14.29.02:928][  0]LogModuleManager: Shutting down and abandoning module SlateRHIRenderer (22)
[2023.03.05-14.29.02:928][  0]LogModuleManager: Shutting down and abandoning module AnimGraphRuntime (20)
[2023.03.05-14.29.02:929][  0]LogModuleManager: Shutting down and abandoning module Renderer (18)
[2023.03.05-14.29.02:931][  0]LogModuleManager: Shutting down and abandoning module Engine (16)
[2023.03.05-14.29.02:931][  0]LogModuleManager: Shutting down and abandoning module CoreUObject (14)
[2023.03.05-14.29.02:932][  0]LogModuleManager: Shutting down and abandoning module NetworkFile (12)
[2023.03.05-14.29.02:934][  0]LogModuleManager: Shutting down and abandoning module CookedIterativeFile (10)
[2023.03.05-14.29.02:936][  0]LogModuleManager: Shutting down and abandoning module StreamingFile (8)
[2023.03.05-14.29.02:937][  0]LogModuleManager: Shutting down and abandoning module SandboxFile (6)
[2023.03.05-14.29.02:938][  0]LogModuleManager: Shutting down and abandoning module PakFile (4)
[2023.03.05-14.29.02:938][  0]LogModuleManager: Shutting down and abandoning module RSA (3)
[2023.03.05-14.29.03:018][  0]LogContentStreaming: Display: There are 1 unreleased StreamingManagers
[2023.03.05-14.29.03:044][  0]LogExit: Exiting.
[2023.03.05-14.29.03:076][  0]Log file closed, 03/05/23 15:29:03
